Mon, 11 May 2015 19:38:51 -0500;i5var7kg59geiop2dvbbppm9k3;admin;Jorge Zuluaga;0302422;Guardar
Wed, 27 May 2015 18:15:34 -0500;mepf94bp6tpttl0i04imv11d65;admin;Jorge Zuluaga;0302422;Edita
Wed, 27 May 2015 18:16:01 -0500;mepf94bp6tpttl0i04imv11d65;admin;Jorge Zuluaga;0302422;Guardar
Tue, 02 Jun 2015 07:00:22 -0500;9tv3q903f11ke3iunf4hj315m4;admin;Jorge Zuluaga;0302422;Edita
Tue, 02 Jun 2015 07:01:26 -0500;9tv3q903f11ke3iunf4hj315m4;admin;Jorge Zuluaga;0302422;Guardar
Wed, 29 Jul 2015 09:22:51 -0500;ck14o8103305u30sg39l92soc7;profesor;Augusto Montes;0302422;Edita
Fri, 14 Aug 2015 09:40:27 -0500;9aj5k354rvq4631ehqmqsn5d52;admin;Jorge Zuluaga;0302422;Edita
Fri, 14 Aug 2015 09:40:33 -0500;9aj5k354rvq4631ehqmqsn5d52;admin;Jorge Zuluaga;0302422;Desbloquea
Thu, 20 Aug 2015 09:48:19 -0500;mncptv6mcfsiqff90at58u4p27;profesor;alvaro luis morales aramburo;0302422;Edita
Tue, 25 Aug 2015 07:14:46 -0500;3e6utuaic1vu3s7ank12brnq45;profesor;alvaro morales;0302422;Edita
Tue, 25 Aug 2015 07:15:54 -0500;3e6utuaic1vu3s7ank12brnq45;profesor;alvaro morales;0302422;Desbloquea
Tue, 25 Aug 2015 07:28:34 -0500;3e6utuaic1vu3s7ank12brnq45;profesor;alvaro morales;0302422;Guardar
Thu, 10 Sep 2015 09:36:02 -0500;f7tc70faf8ut2jdd9jehfvgmh7;profesor;Jorge Mario Osorio Guillén;0302422;Edita
Thu, 10 Sep 2015 09:53:41 -0500;f7tc70faf8ut2jdd9jehfvgmh7;profesor;Jorge Mario Osorio Guillén;0302422;Guardar
Thu, 10 Sep 2015 10:14:10 -0500;f7tc70faf8ut2jdd9jehfvgmh7;profesor;Jorge Mario Osorio Guillén;0302422;Guardar
Thu, 10 Sep 2015 10:15:08 -0500;f7tc70faf8ut2jdd9jehfvgmh7;profesor;Jorge Mario Osorio Guillén;0302422;Guardar
Mon, 14 Sep 2015 02:49:38 -0500;ka17btog101tav4h0s584sogg1;admin;Jorge Zuluaga;0302422;Edita
Mon, 14 Sep 2015 02:50:02 -0500;ka17btog101tav4h0s584sogg1;admin;Jorge Zuluaga;0302422;Guardar
Mon, 28 Sep 2015 05:03:55 -0500;rf72ib4hf8n30riufjs128kal4;admin;Jorge Zuluaga;0302422;Edita
Mon, 28 Sep 2015 05:11:13 -0500;rf72ib4hf8n30riufjs128kal4;admin;Jorge Zuluaga;0302422;Guardar
Mon, 28 Sep 2015 05:12:45 -0500;rf72ib4hf8n30riufjs128kal4;admin;Jorge Zuluaga;0302422;Edita
Mon, 28 Sep 2015 05:12:50 -0500;rf72ib4hf8n30riufjs128kal4;admin;Jorge Zuluaga;0302422;Guardar
Thu, 01 Oct 2015 07:02:07 -0500;j2gpbrvlgn9lmp9rthp9svlhl5;admin;Jorge Zuluaga;0302422;Edita
Thu, 01 Oct 2015 07:02:35 -0500;j2gpbrvlgn9lmp9rthp9svlhl5;admin;Jorge Zuluaga;0302422;Guardar
Thu, 01 Oct 2015 07:02:37 -0500;j2gpbrvlgn9lmp9rthp9svlhl5;admin;Jorge Zuluaga;0302422;Publicar
Thu, 01 Oct 2015 07:54:57 -0500;j2gpbrvlgn9lmp9rthp9svlhl5;admin;;0302422;Edita
Thu, 01 Oct 2015 07:55:07 -0500;j2gpbrvlgn9lmp9rthp9svlhl5;admin;;0302422;Guardar
Mon, 15 Feb 2016 11:28:03 -0500;o4cidauil19trb7huq9r2orau7;profesor;Jorge Mario Osorio Guillen;0302422;Edita
Mon, 15 Feb 2016 11:32:46 -0500;o4cidauil19trb7huq9r2orau7;profesor;Jorge Mario Osorio Guillen;0302422;Guardar
Mon, 15 Feb 2016 21:39:58 -0500;usnatkt155vo1rs4o5gaehrqt5;profesor;Jorge Mario Osorio Guillén;0302422;Edita
Mon, 15 Feb 2016 21:56:38 -0500;usnatkt155vo1rs4o5gaehrqt5;profesor;Jorge Mario Osorio Guillén;0302422;Guardar
Mon, 15 Feb 2016 21:56:51 -0500;usnatkt155vo1rs4o5gaehrqt5;profesor;Jorge Mario Osorio Guillén;0302422;Guardar
Tue, 16 Feb 2016 10:31:02 -0500;usnatkt155vo1rs4o5gaehrqt5;profesor;Jorge Mario Osorio Guillen;0302422;Edita
Fri, 11 Mar 2016 07:45:24 -0500;6vemvfs26mp3fqnj03qpdldti2;profesor;Ernesto Amador Reyes Gomez;0302422;Edita
Tue, 12 Apr 2016 11:57:54 -0500;51ujhl069qv7t212dpi1ib7712;profesor;Jorge Osorio;0302422;Edita
Wed, 13 Apr 2016 07:26:00 -0500;iqiajrg5786kfbuvdcr0a7kvr0;profesor;Ernesto Reyes;0302422;Edita
Wed, 13 Apr 2016 08:11:14 -0500;iqiajrg5786kfbuvdcr0a7kvr0;profesor;Ernesto Reyes;0302422;Guardar
Wed, 13 Apr 2016 08:37:51 -0500;iqiajrg5786kfbuvdcr0a7kvr0;profesor;Ernesto Reyes;0302422;Guardar
Wed, 13 Apr 2016 08:41:43 -0500;iqiajrg5786kfbuvdcr0a7kvr0;profesor;Ernesto Reyes;0302422;Guardar
Wed, 13 Apr 2016 08:45:02 -0500;iqiajrg5786kfbuvdcr0a7kvr0;profesor;Ernesto Reyes;0302422;Guardar
Wed, 13 Apr 2016 08:45:16 -0500;iqiajrg5786kfbuvdcr0a7kvr0;profesor;Ernesto Reyes;0302422;Edita
Wed, 13 Apr 2016 08:48:16 -0500;iqiajrg5786kfbuvdcr0a7kvr0;profesor;Ernesto Reyes;0302422;Edita
Wed, 13 Apr 2016 08:48:25 -0500;iqiajrg5786kfbuvdcr0a7kvr0;profesor;Ernesto Reyes;0302422;Guardar
Sun, 17 Apr 2016 05:01:50 -0500;q29e6oc8vip7r9ievdd0oel0f0;profesor;Ernesto Reyes;0302422;Edita
Sun, 17 Apr 2016 05:34:27 -0500;q29e6oc8vip7r9ievdd0oel0f0;profesor;Ernesto Reyes;0302422;Guardar
Sun, 17 Apr 2016 05:41:09 -0500;q29e6oc8vip7r9ievdd0oel0f0;profesor;Ernesto Reyes;0302422;Guardar
Sun, 17 Apr 2016 05:43:33 -0500;q29e6oc8vip7r9ievdd0oel0f0;profesor;Ernesto Reyes;0302422;Guardar
Sun, 17 Apr 2016 05:47:34 -0500;q29e6oc8vip7r9ievdd0oel0f0;profesor;Ernesto Reyes;0302422;Guardar
Sun, 17 Apr 2016 06:10:57 -0500;q29e6oc8vip7r9ievdd0oel0f0;profesor;Ernesto Reyes;0302422;Guardar
Sun, 17 Apr 2016 06:11:18 -0500;q29e6oc8vip7r9ievdd0oel0f0;profesor;Ernesto Reyes;0302422;Guardar
Sun, 17 Apr 2016 06:11:36 -0500;q29e6oc8vip7r9ievdd0oel0f0;profesor;Ernesto Reyes;0302422;Edita
Sun, 17 Apr 2016 06:11:57 -0500;q29e6oc8vip7r9ievdd0oel0f0;profesor;Ernesto Reyes;0302422;Guardar
Sun, 17 Apr 2016 06:12:26 -0500;q29e6oc8vip7r9ievdd0oel0f0;profesor;Ernesto Reyes;0302422;Guardar
Sun, 17 Apr 2016 06:12:39 -0500;q29e6oc8vip7r9ievdd0oel0f0;profesor;Ernesto Reyes;0302422;Edita
Sun, 17 Apr 2016 06:12:49 -0500;q29e6oc8vip7r9ievdd0oel0f0;profesor;Ernesto Reyes;0302422;Guardar
Sun, 17 Apr 2016 15:25:24 -0500;v49330cm1kjl00na3p387rigb0;profesor;Ernesto Reyes;0302422;Edita
Sun, 17 Apr 2016 15:31:49 -0500;v49330cm1kjl00na3p387rigb0;profesor;Ernesto Reyes;0302422;Edita
Sun, 17 Apr 2016 15:39:29 -0500;v49330cm1kjl00na3p387rigb0;profesor;Ernesto Reyes;0302422;Guardar
Sun, 17 Apr 2016 17:01:49 -0500;v49330cm1kjl00na3p387rigb0;profesor;Ernesto Reyes;0302422;Guardar
Sun, 17 Apr 2016 17:02:53 -0500;v49330cm1kjl00na3p387rigb0;profesor;Ernesto Reyes;0302422;Guardar
Sun, 17 Apr 2016 17:03:06 -0500;v49330cm1kjl00na3p387rigb0;profesor;Ernesto Reyes;0302422;Edita
Sun, 17 Apr 2016 19:52:56 -0500;kqjjhu0l6v24kc5ctjt8lofl40;profesor;;0302422;Edita
Sun, 17 Apr 2016 19:53:56 -0500;0v77iuc1qpmgmb0hcajpmnto21;profesor;Ernesto Reyes;0302422;Edita
Sun, 17 Apr 2016 19:55:44 -0500;0v77iuc1qpmgmb0hcajpmnto21;profesor;Ernesto Reyes;0302422;Desbloquea
Sun, 17 Apr 2016 19:55:50 -0500;0v77iuc1qpmgmb0hcajpmnto21;profesor;Ernesto Reyes;0302422;Desbloquea
Sun, 17 Apr 2016 19:56:01 -0500;0v77iuc1qpmgmb0hcajpmnto21;profesor;Ernesto Reyes;0302422;Desbloquea
