Fri, 22 Aug 2014 10:51:47 -0500;spll9m5tmp5rfp764rb0fjlln4;fisica;Esteban Silva;0311603;Edita
Fri, 22 Aug 2014 11:04:35 -0500;spll9m5tmp5rfp764rb0fjlln4;fisica;Esteban Silva;0311603;Guardar
Fri, 22 Aug 2014 14:50:00 -0500;b6llqtio66n6016cug3cb0bsv0;profesor;Esteban Silva Villa;0311603;Edita
Fri, 22 Aug 2014 15:48:18 -0500;b6llqtio66n6016cug3cb0bsv0;profesor;Esteban Silva Villa;0311603;Guardar
Fri, 22 Aug 2014 16:15:27 -0500;b6llqtio66n6016cug3cb0bsv0;profesor;Esteban Silva Villa;0311603;Guardar
Fri, 22 Aug 2014 17:03:57 -0500;b6llqtio66n6016cug3cb0bsv0;profesor;Esteban Silva Villa;0311603;Guardar
Fri, 29 Aug 2014 09:19:18 -0500;e8duo65jvgooflv03hmbe7sh17;profesor;Esteban Silva Villa;0311603;Edita
Fri, 29 Aug 2014 09:49:56 -0500;e8duo65jvgooflv03hmbe7sh17;profesor;Esteban Silva Villa;0311603;Guardar
Fri, 29 Aug 2014 09:51:48 -0500;e8duo65jvgooflv03hmbe7sh17;profesor;Esteban Silva Villa;0311603;Guardar
Fri, 29 Aug 2014 09:57:41 -0500;e8duo65jvgooflv03hmbe7sh17;profesor;Esteban Silva Villa;0311603;Guardar
Fri, 29 Aug 2014 10:16:19 -0500;e8duo65jvgooflv03hmbe7sh17;profesor;Esteban Silva Villa;0311603;Guardar
Fri, 29 Aug 2014 10:48:54 -0500;e8duo65jvgooflv03hmbe7sh17;profesor;Esteban Silva Villa;0311603;Guardar
Mon, 01 Sep 2014 11:10:54 -0500;e8duo65jvgooflv03hmbe7sh17;profesor;Esteban Silva Villa;0311603;Edita
Mon, 01 Sep 2014 11:15:11 -0500;e8duo65jvgooflv03hmbe7sh17;profesor;Esteban Silva Villa;0311603;Guardar
Mon, 01 Sep 2014 11:17:23 -0500;e8duo65jvgooflv03hmbe7sh17;profesor;Esteban Silva Villa;0311603;Guardar
Mon, 01 Sep 2014 13:29:44 -0500;1rkgqv1q2j96sgrmrk5b5tjif1;profesor;Esteban Silva Villa;0311603;Edita
Mon, 01 Sep 2014 13:30:29 -0500;1rkgqv1q2j96sgrmrk5b5tjif1;profesor;Esteban Silva Villa;0311603;Edita
Mon, 01 Sep 2014 13:31:13 -0500;1rkgqv1q2j96sgrmrk5b5tjif1;profesor;Esteban Silva Villa;0311603;Edita
Mon, 01 Sep 2014 13:31:28 -0500;1rkgqv1q2j96sgrmrk5b5tjif1;profesor;Esteban Silva Villa;0311603;Edita
Mon, 01 Sep 2014 13:31:36 -0500;1rkgqv1q2j96sgrmrk5b5tjif1;profesor;Esteban Silva Villa;0311603;Desbloquea
Mon, 01 Sep 2014 13:43:56 -0500;1rkgqv1q2j96sgrmrk5b5tjif1;profesor;Esteban Silva Villa;0311603;Guardar
Mon, 01 Sep 2014 13:46:46 -0500;1rkgqv1q2j96sgrmrk5b5tjif1;profesor;Esteban Silva Villa;0311603;Guardar
Mon, 01 Sep 2014 13:48:17 -0500;1rkgqv1q2j96sgrmrk5b5tjif1;profesor;Esteban Silva Villa;0311603;Guardar
Mon, 01 Sep 2014 13:49:26 -0500;1rkgqv1q2j96sgrmrk5b5tjif1;profesor;Esteban Silva Villa;0311603;Guardar
Mon, 01 Sep 2014 13:54:41 -0500;1rkgqv1q2j96sgrmrk5b5tjif1;profesor;Esteban Silva Villa;0311603;Guardar
Mon, 01 Sep 2014 13:55:28 -0500;1rkgqv1q2j96sgrmrk5b5tjif1;profesor;Esteban Silva Villa;0311603;Guardar
Mon, 01 Sep 2014 13:57:17 -0500;1rkgqv1q2j96sgrmrk5b5tjif1;profesor;Esteban Silva Villa;0311603;Guardar
Mon, 01 Sep 2014 13:58:58 -0500;1rkgqv1q2j96sgrmrk5b5tjif1;profesor;Esteban Silva Villa;0311603;Guardar
Mon, 01 Sep 2014 14:02:30 -0500;1rkgqv1q2j96sgrmrk5b5tjif1;profesor;Esteban Silva Villa;0311603;Guardar
Mon, 01 Sep 2014 14:03:54 -0500;1rkgqv1q2j96sgrmrk5b5tjif1;profesor;Esteban Silva Villa;0311603;Guardar
Mon, 01 Sep 2014 14:08:28 -0500;1rkgqv1q2j96sgrmrk5b5tjif1;profesor;Esteban Silva Villa;0311603;Guardar
Mon, 01 Sep 2014 14:14:53 -0500;1rkgqv1q2j96sgrmrk5b5tjif1;profesor;Esteban Silva Villa;0311603;Guardar
Mon, 01 Sep 2014 14:30:38 -0500;1rkgqv1q2j96sgrmrk5b5tjif1;profesor;Esteban Silva Villa;0311603;Guardar
Mon, 01 Sep 2014 14:32:06 -0500;1rkgqv1q2j96sgrmrk5b5tjif1;profesor;Esteban Silva Villa;0311603;Guardar
Mon, 01 Sep 2014 14:32:55 -0500;1rkgqv1q2j96sgrmrk5b5tjif1;profesor;Esteban Silva Villa;0311603;Guardar
Thu, 23 Oct 2014 08:30:55 -0500;1rkgqv1q2j96sgrmrk5b5tjif1;profesor;Esteban Silva Villa;0311603;Edita
Fri, 13 Feb 2015 16:17:52 +0000;ef02mnmre41d6ke46cuefian36;admin;Jorge Zuluaga;0311603;Edita
Thu, 26 Feb 2015 17:04:24 +0000;6u03o50i8rt56ji3s370t1o3l1;admin;Jorge Zuluaga;0311603;Edita
Wed, 27 May 2015 15:06:42 -0500;3tsdtd9nssjsb518n6a9ddj3t2;admin;Jorge Zuluaga;0311603;Edita
Wed, 27 May 2015 15:06:44 -0500;3tsdtd9nssjsb518n6a9ddj3t2;admin;Jorge Zuluaga;0311603;Desbloquea
Tue, 08 Sep 2015 09:01:18 -0500;br58f59b4fi940g62pvls03th6;profesor;Esteban Silva Villa;0311603;Edita
Tue, 08 Sep 2015 09:23:54 -0500;br58f59b4fi940g62pvls03th6;profesor;Esteban Silva Villa;0311603;Guardar
Mon, 14 Sep 2015 02:37:35 -0500;ka17btog101tav4h0s584sogg1;admin;Jorge Zuluaga;0311603;Edita
