Fri, 08 May 2015 11:06:20 -0500;8d5onhd3ok5c3ktg3ljspmf1j5;admin;Jorge Zuluaga;0302262;Guardar
Fri, 08 May 2015 11:09:34 -0500;8d5onhd3ok5c3ktg3ljspmf1j5;admin;Jorge Zuluaga;0302262;Edita
Fri, 08 May 2015 11:09:45 -0500;8d5onhd3ok5c3ktg3ljspmf1j5;admin;Jorge Zuluaga;0302262;Guardar
Wed, 27 May 2015 18:08:13 -0500;mepf94bp6tpttl0i04imv11d65;admin;Jorge Zuluaga;0302262;Edita
Wed, 27 May 2015 18:08:18 -0500;mepf94bp6tpttl0i04imv11d65;admin;Jorge Zuluaga;0302262;Guardar
Wed, 27 May 2015 18:08:35 -0500;mepf94bp6tpttl0i04imv11d65;admin;Jorge Zuluaga;0302262;Edita
Fri, 29 May 2015 10:04:04 -0500;vfl350f3ejddcl7vlc9jd9cdd2;admin;Jorge Zuluaga;0302262;Edita
Fri, 29 May 2015 18:33:59 -0500;3tsdtd9nssjsb518n6a9ddj3t2;admin;Jorge Zuluaga;0302262;Edita
Fri, 29 May 2015 18:34:01 -0500;3tsdtd9nssjsb518n6a9ddj3t2;admin;Jorge Zuluaga;0302262;Desbloquea
Fri, 29 May 2015 18:36:30 -0500;3tsdtd9nssjsb518n6a9ddj3t2;admin;Jorge Zuluaga;0302262;Guardar
Fri, 29 May 2015 18:38:45 -0500;3tsdtd9nssjsb518n6a9ddj3t2;admin;Jorge Zuluaga;0302262;Guardar
Fri, 29 May 2015 18:39:12 -0500;3tsdtd9nssjsb518n6a9ddj3t2;admin;Jorge Zuluaga;0302262;Edita
Fri, 29 May 2015 18:39:20 -0500;3tsdtd9nssjsb518n6a9ddj3t2;admin;Jorge Zuluaga;0302262;Guardar
Fri, 29 May 2015 18:41:19 -0500;3tsdtd9nssjsb518n6a9ddj3t2;admin;Jorge Zuluaga;0302262;Edita
Fri, 29 May 2015 18:42:06 -0500;3tsdtd9nssjsb518n6a9ddj3t2;admin;Jorge Zuluaga;0302262;Guardar
Fri, 29 May 2015 18:43:24 -0500;3tsdtd9nssjsb518n6a9ddj3t2;admin;Jorge Zuluaga;0302262;Edita
Fri, 29 May 2015 18:44:21 -0500;3tsdtd9nssjsb518n6a9ddj3t2;admin;Jorge Zuluaga;0302262;Edita
Fri, 29 May 2015 18:44:30 -0500;3tsdtd9nssjsb518n6a9ddj3t2;admin;Jorge Zuluaga;0302262;Guardar
Fri, 29 May 2015 18:45:17 -0500;3tsdtd9nssjsb518n6a9ddj3t2;admin;Jorge Zuluaga;0302262;Edita
Fri, 29 May 2015 18:45:29 -0500;3tsdtd9nssjsb518n6a9ddj3t2;admin;Jorge Zuluaga;0302262;Guardar
Thu, 11 Jun 2015 08:57:41 -0500;qm5gofu92fmmarcmueg265hh40;admin;Jorge Zuluaga;0302262;Edita
Thu, 11 Jun 2015 08:58:03 -0500;qm5gofu92fmmarcmueg265hh40;admin;Jorge Zuluaga;0302262;Publicar
Thu, 11 Jun 2015 09:03:22 -0500;qm5gofu92fmmarcmueg265hh40;admin;Jorge Zuluaga;0302262;Edita
