Fri, 08 May 2015 15:22:32 -0500;19ku030qhdv2e2dcl1jikiv5n7;admin;Jorge Zuluaga;0302301;Guardar
Fri, 08 May 2015 15:23:00 -0500;19ku030qhdv2e2dcl1jikiv5n7;admin;Jorge Zuluaga;0302301;Edita
Fri, 08 May 2015 15:23:17 -0500;19ku030qhdv2e2dcl1jikiv5n7;admin;Jorge Zuluaga;0302301;Guardar
Wed, 27 May 2015 18:09:30 -0500;mepf94bp6tpttl0i04imv11d65;admin;Jorge Zuluaga;0302301;Edita
Wed, 27 May 2015 18:09:42 -0500;mepf94bp6tpttl0i04imv11d65;admin;Jorge Zuluaga;0302301;Guardar
Fri, 29 May 2015 09:21:21 -0500;vfl350f3ejddcl7vlc9jd9cdd2;admin;Jorge Zuluaga;0302301;Edita
Fri, 29 May 2015 18:48:00 -0500;3tsdtd9nssjsb518n6a9ddj3t2;admin;Jorge Zuluaga;0302301;Edita
Fri, 29 May 2015 18:49:49 -0500;3tsdtd9nssjsb518n6a9ddj3t2;admin;Jorge Zuluaga;0302301;Guardar
Fri, 29 May 2015 18:50:37 -0500;3tsdtd9nssjsb518n6a9ddj3t2;admin;Jorge Zuluaga;0302301;Guardar
Fri, 29 May 2015 18:50:57 -0500;3tsdtd9nssjsb518n6a9ddj3t2;admin;Jorge Zuluaga;0302301;Guardar
Fri, 29 May 2015 18:51:16 -0500;3tsdtd9nssjsb518n6a9ddj3t2;admin;Jorge Zuluaga;0302301;Guardar
Fri, 29 May 2015 18:51:27 -0500;3tsdtd9nssjsb518n6a9ddj3t2;admin;Jorge Zuluaga;0302301;Edita
Fri, 29 May 2015 18:51:34 -0500;3tsdtd9nssjsb518n6a9ddj3t2;admin;Jorge Zuluaga;0302301;Guardar
Tue, 02 Jun 2015 08:09:05 -0500;9tv3q903f11ke3iunf4hj315m4;admin;Jorge Zuluaga;0302301;Edita
Tue, 02 Jun 2015 08:09:11 -0500;9tv3q903f11ke3iunf4hj315m4;admin;Jorge Zuluaga;0302301;Guardar
Tue, 02 Jun 2015 11:36:33 -0500;l0g1tkb5kjh12nlce872diei95;admin;Duvan Herrera;0302301;Edita
Tue, 02 Jun 2015 11:36:50 -0500;l0g1tkb5kjh12nlce872diei95;admin;Duvan Herrera;0302301;Guardar
Thu, 11 Jun 2015 10:24:35 -0500;qm5gofu92fmmarcmueg265hh40;admin;Jorge Zuluaga;0302301;Edita
Thu, 11 Jun 2015 10:24:37 -0500;qm5gofu92fmmarcmueg265hh40;admin;Jorge Zuluaga;0302301;Publicar
Mon, 28 Sep 2015 18:36:20 -0500;mjq498a3njncon38l9ibeepbu4;admin;Jorge Zuluaga;0302301;Edita
Mon, 28 Sep 2015 18:40:53 -0500;mjq498a3njncon38l9ibeepbu4;admin;Jorge Zuluaga;0302301;Guardar
Mon, 28 Sep 2015 18:41:53 -0500;mjq498a3njncon38l9ibeepbu4;admin;Jorge Zuluaga;0302301;Edita
Mon, 28 Sep 2015 18:42:00 -0500;mjq498a3njncon38l9ibeepbu4;admin;Jorge Zuluaga;0302301;Guardar
Thu, 01 Oct 2015 05:56:51 -0500;j2gpbrvlgn9lmp9rthp9svlhl5;admin;Jorge Zuluaga;0302301;Edita
Thu, 01 Oct 2015 05:57:08 -0500;j2gpbrvlgn9lmp9rthp9svlhl5;admin;Jorge Zuluaga;0302301;Guardar
Thu, 01 Oct 2015 05:57:10 -0500;j2gpbrvlgn9lmp9rthp9svlhl5;admin;Jorge Zuluaga;0302301;Publicar
