Fri, 22 Aug 2014 11:10:11 -0500;fbdbi5o38fmll3l380lu9fnbl7;fisica;Bernardo Arenas;0302271;Edita
Fri, 22 Aug 2014 11:10:43 -0500;fbdbi5o38fmll3l380lu9fnbl7;fisica;Bernardo Arenas;0302271;Guardar
Fri, 22 Aug 2014 11:12:03 -0500;fbdbi5o38fmll3l380lu9fnbl7;fisica;Bernardo Arenas;0302271;Edita
Fri, 22 Aug 2014 11:12:50 -0500;fbdbi5o38fmll3l380lu9fnbl7;fisica;Bernardo Arenas;0302271;Edita
Fri, 22 Aug 2014 11:13:16 -0500;fbdbi5o38fmll3l380lu9fnbl7;fisica;Bernardo Arenas;0302271;Edita
Fri, 22 Aug 2014 11:14:56 -0500;fbdbi5o38fmll3l380lu9fnbl7;fisica;Bernardo Arenas;0302271;Edita
Fri, 22 Aug 2014 11:15:44 -0500;fbdbi5o38fmll3l380lu9fnbl7;fisica;Bernardo Arenas;0302271;Edita
Fri, 22 Aug 2014 11:25:04 -0500;fbdbi5o38fmll3l380lu9fnbl7;fisica;Bernardo Arenas;0302271;Guardar
Fri, 22 Aug 2014 14:18:19 -0500;k3257aasb57uf3616nb5ccft64;fisica;fisica;0302271;Edita
Fri, 22 Aug 2014 14:28:36 -0500;k3257aasb57uf3616nb5ccft64;fisica;fisica;0302271;Guardar
Fri, 22 Aug 2014 14:29:47 -0500;k3257aasb57uf3616nb5ccft64;fisica;fisica;0302271;Edita
Fri, 22 Aug 2014 14:34:48 -0500;k3257aasb57uf3616nb5ccft64;fisica;fisica;0302271;Edita
Fri, 22 Aug 2014 14:35:06 -0500;k3257aasb57uf3616nb5ccft64;fisica;fisica;0302271;Edita
Fri, 22 Aug 2014 14:43:41 -0500;k3257aasb57uf3616nb5ccft64;fisica;fisica;0302271;Guardar
Fri, 22 Aug 2014 14:53:42 -0500;k3257aasb57uf3616nb5ccft64;fisica;fisica;0302271;Guardar
Fri, 22 Aug 2014 14:56:20 -0500;k3257aasb57uf3616nb5ccft64;fisica;fisica;0302271;Guardar
Fri, 22 Aug 2014 14:56:25 -0500;k3257aasb57uf3616nb5ccft64;fisica;fisica;0302271;Edita
Fri, 22 Aug 2014 14:58:24 -0500;k3257aasb57uf3616nb5ccft64;fisica;fisica;0302271;Edita
Fri, 22 Aug 2014 15:06:04 -0500;k3257aasb57uf3616nb5ccft64;fisica;fisica;0302271;Guardar
Fri, 22 Aug 2014 15:09:50 -0500;k3257aasb57uf3616nb5ccft64;fisica;fisica;0302271;Guardar
Fri, 22 Aug 2014 15:11:23 -0500;k3257aasb57uf3616nb5ccft64;fisica;fisica;0302271;Guardar
Fri, 22 Aug 2014 15:11:40 -0500;k3257aasb57uf3616nb5ccft64;fisica;fisica;0302271;Guardar
Fri, 22 Aug 2014 15:12:02 -0500;k3257aasb57uf3616nb5ccft64;fisica;fisica;0302271;Edita
Fri, 22 Aug 2014 15:12:22 -0500;k3257aasb57uf3616nb5ccft64;fisica;fisica;0302271;Edita
Fri, 22 Aug 2014 15:13:05 -0500;k3257aasb57uf3616nb5ccft64;fisica;fisica;0302271;Edita
Fri, 22 Aug 2014 15:13:12 -0500;k3257aasb57uf3616nb5ccft64;fisica;fisica;0302271;Edita
Fri, 22 Aug 2014 15:13:39 -0500;k3257aasb57uf3616nb5ccft64;fisica;fisica;0302271;Edita
Fri, 22 Aug 2014 15:13:40 -0500;k3257aasb57uf3616nb5ccft64;fisica;fisica;0302271;Edita
Fri, 22 Aug 2014 15:13:52 -0500;k3257aasb57uf3616nb5ccft64;fisica;fisica;0302271;Edita
Fri, 22 Aug 2014 15:13:57 -0500;k3257aasb57uf3616nb5ccft64;fisica;fisica;0302271;Edita
Fri, 22 Aug 2014 15:18:11 -0500;k3257aasb57uf3616nb5ccft64;fisica;fisica;0302271;Guardar
Fri, 22 Aug 2014 15:34:36 -0500;4bps7tpeap7oj45j22530o9lo3;fisica;fisica;0302271;Edita
Fri, 22 Aug 2014 15:36:23 -0500;4bps7tpeap7oj45j22530o9lo3;fisica;fisica;0302271;Guardar
Fri, 22 Aug 2014 15:38:51 -0500;4bps7tpeap7oj45j22530o9lo3;fisica;fisica;0302271;Guardar
Fri, 22 Aug 2014 15:38:56 -0500;4bps7tpeap7oj45j22530o9lo3;fisica;fisica;0302271;Edita
Fri, 22 Aug 2014 15:39:01 -0500;4bps7tpeap7oj45j22530o9lo3;fisica;fisica;0302271;Edita
Fri, 22 Aug 2014 15:40:37 -0500;4bps7tpeap7oj45j22530o9lo3;fisica;fisica;0302271;Guardar
Fri, 22 Aug 2014 15:40:40 -0500;4bps7tpeap7oj45j22530o9lo3;fisica;fisica;0302271;Edita
Mon, 25 Aug 2014 09:49:42 -0500;abrodbg190mevlch2sjq5olvb5;fisica;fisica;0302271;Edita
Mon, 25 Aug 2014 09:52:10 -0500;abrodbg190mevlch2sjq5olvb5;fisica;fisica;0302271;Edita
Mon, 25 Aug 2014 09:52:29 -0500;abrodbg190mevlch2sjq5olvb5;fisica;fisica;0302271;Edita
Wed, 27 Aug 2014 17:26:40 -0500;1dik65o6qtiiahsppm2hpbi421;fisica;;0302271;Edita
Wed, 27 Aug 2014 17:40:54 -0500;1dik65o6qtiiahsppm2hpbi421;fisica;;0302271;Guardar
Thu, 28 Aug 2014 10:44:14 -0500;ascev0lt574ioo1f5fgf43srh3;fisica;bernardo arenas;0302271;Edita
Thu, 28 Aug 2014 10:51:47 -0500;ascev0lt574ioo1f5fgf43srh3;fisica;bernardo arenas;0302271;Guardar
Fri, 29 Aug 2014 10:21:51 -0500;efv2u1n68gt9vqiv1ai2f6jub4;fisica;Bernardo Arenas;0302271;Edita
Fri, 29 Aug 2014 10:22:24 -0500;efv2u1n68gt9vqiv1ai2f6jub4;fisica;Bernardo Arenas;0302271;Edita
Fri, 29 Aug 2014 10:23:59 -0500;efv2u1n68gt9vqiv1ai2f6jub4;fisica;Bernardo Arenas;0302271;Edita
Fri, 29 Aug 2014 10:27:41 -0500;efv2u1n68gt9vqiv1ai2f6jub4;fisica;Bernardo Arenas;0302271;Edita
Tue, 05 May 2015 10:51:23 -0500;ad0386401i30fkirbk10i5osd2;admin;Jorge Zuluaga;0302271;Edita
Wed, 27 May 2015 15:04:46 -0500;3tsdtd9nssjsb518n6a9ddj3t2;admin;Jorge Zuluaga;0302271;Edita
Wed, 27 May 2015 15:04:48 -0500;3tsdtd9nssjsb518n6a9ddj3t2;admin;Jorge Zuluaga;0302271;Desbloquea
Wed, 27 May 2015 18:08:39 -0500;mepf94bp6tpttl0i04imv11d65;admin;Jorge Zuluaga;0302271;Edita
Wed, 27 May 2015 18:08:45 -0500;mepf94bp6tpttl0i04imv11d65;admin;Jorge Zuluaga;0302271;Guardar
Fri, 10 Jul 2015 16:55:35 -0500;c10e4a7nl7rff5mg7epk2p3l46;admin;Jorge Zuluaga;0302271;Edita
Sun, 12 Jul 2015 10:48:54 -0500;csmm7tfq572elen3rngsfj6n55;admin;Jorge Zuluaga;0302271;Edita
Sun, 12 Jul 2015 11:02:53 -0500;csmm7tfq572elen3rngsfj6n55;admin;Jorge Zuluaga;0302271;Guardar
Mon, 27 Jul 2015 15:57:29 -0500;133db38lhop4u32069a4r3cj34;admin;Jorge Zuluaga;0302271;Edita
Mon, 27 Jul 2015 15:58:51 -0500;133db38lhop4u32069a4r3cj34;admin;Jorge Zuluaga;0302271;Guardar
Mon, 27 Jul 2015 15:59:03 -0500;133db38lhop4u32069a4r3cj34;admin;Jorge Zuluaga;0302271;Publicar
Tue, 28 Jul 2015 07:08:38 -0500;133db38lhop4u32069a4r3cj34;admin;Jorge Zuluaga;0302271;Edita
Tue, 28 Jul 2015 07:08:48 -0500;133db38lhop4u32069a4r3cj34;admin;Jorge Zuluaga;0302271;Guardar
Wed, 29 Jul 2015 12:48:15 -0500;da1ld630q2i0h94b0ohb142lt1;profesor;Fernando Andrés Londoño Badillo;0302271;Edita
Wed, 29 Jul 2015 13:07:09 -0500;da1ld630q2i0h94b0ohb142lt1;profesor;Fernando Andrés Londoño Badillo;0302271;Guardar
Wed, 29 Jul 2015 13:14:09 -0500;da1ld630q2i0h94b0ohb142lt1;profesor;Fernando Andrés Londoño Badillo;0302271;Edita
Wed, 29 Jul 2015 14:02:05 -0500;da1ld630q2i0h94b0ohb142lt1;profesor;Fernando Andrés Londoño Badillo;0302271;Edita
Wed, 29 Jul 2015 14:28:28 -0500;da1ld630q2i0h94b0ohb142lt1;profesor;Fernando Andrés Londoño Badillo;0302271;Guardar
Thu, 30 Jul 2015 08:33:56 -0500;2tj2dnfstao75strl5mt7pale5;profesor;oscar.arnache;0302271;Edita
Thu, 30 Jul 2015 08:42:38 -0500;2tj2dnfstao75strl5mt7pale5;profesor;oscar.arnache;0302271;Guardar
Thu, 30 Jul 2015 08:43:17 -0500;2tj2dnfstao75strl5mt7pale5;profesor;oscar.arnache;0302271;Edita
Thu, 30 Jul 2015 16:59:19 -0500;da1ld630q2i0h94b0ohb142lt1;profesor;Fernando Andres;0302271;Edita
Thu, 30 Jul 2015 17:00:40 -0500;da1ld630q2i0h94b0ohb142lt1;profesor;Fernando Andres;0302271;Guardar
Thu, 30 Jul 2015 17:06:14 -0500;da1ld630q2i0h94b0ohb142lt1;profesor;Fernando Andres;0302271;Edita
Thu, 30 Jul 2015 17:06:56 -0500;da1ld630q2i0h94b0ohb142lt1;profesor;Fernando Andres;0302271;Guardar
Thu, 10 Sep 2015 14:27:39 -0500;kjkajmf3leklfc729grjjll1p1;profesor;oscar.arnache;0302271;Edita
Thu, 10 Sep 2015 14:28:59 -0500;kjkajmf3leklfc729grjjll1p1;profesor;oscar.arnache;0302271;Guardar
Thu, 10 Sep 2015 14:30:13 -0500;kjkajmf3leklfc729grjjll1p1;profesor;oscar.arnache;0302271;Guardar
Thu, 10 Sep 2015 14:36:40 -0500;kjkajmf3leklfc729grjjll1p1;profesor;oscar.arnache;0302271;Guardar
Thu, 10 Sep 2015 14:37:10 -0500;kjkajmf3leklfc729grjjll1p1;profesor;oscar.arnache;0302271;Guardar
Mon, 14 Sep 2015 02:12:15 -0500;fli40u8t3hsl8p3dpi0l26qfa1;admin;Jorge Zuluaga;0302271;Edita
Mon, 14 Sep 2015 02:12:33 -0500;fli40u8t3hsl8p3dpi0l26qfa1;admin;Jorge Zuluaga;0302271;Guardar
Fri, 25 Sep 2015 10:40:00 -0500;c5ql07o7opgr2r8deqqp5147r3;admin;Jorge Zuluaga;0302271;Edita
Mon, 28 Sep 2015 07:09:11 -0500;mjq498a3njncon38l9ibeepbu4;admin;Jorge Zuluaga;0302271;Edita
Mon, 28 Sep 2015 07:32:28 -0500;mjq498a3njncon38l9ibeepbu4;admin;Jorge Zuluaga;0302271;Guardar
Thu, 01 Oct 2015 05:47:00 -0500;j2gpbrvlgn9lmp9rthp9svlhl5;admin;Jorge Zuluaga;0302271;Edita
Thu, 01 Oct 2015 05:47:32 -0500;j2gpbrvlgn9lmp9rthp9svlhl5;admin;Jorge Zuluaga;0302271;Guardar
Thu, 01 Oct 2015 05:47:35 -0500;j2gpbrvlgn9lmp9rthp9svlhl5;admin;Jorge Zuluaga;0302271;Publicar
Thu, 01 Oct 2015 06:17:21 -0500;j2gpbrvlgn9lmp9rthp9svlhl5;admin;Jorge Zuluaga;0302271;Edita
Thu, 01 Oct 2015 06:17:31 -0500;j2gpbrvlgn9lmp9rthp9svlhl5;admin;Jorge Zuluaga;0302271;Guardar
Mon, 08 Feb 2016 13:54:10 -0500;99r67n5lqqur8p78218kg0t214;profesor;oscar.arnache;0302271;Edita
Mon, 08 Feb 2016 13:56:29 -0500;99r67n5lqqur8p78218kg0t214;profesor;oscar.arnache;0302271;Guardar
Mon, 08 Feb 2016 14:00:13 -0500;99r67n5lqqur8p78218kg0t214;profesor;oscar.arnache;0302271;Guardar
Mon, 08 Feb 2016 14:06:03 -0500;99r67n5lqqur8p78218kg0t214;profesor;oscar.arnache;0302271;Guardar
Mon, 08 Feb 2016 14:06:51 -0500;99r67n5lqqur8p78218kg0t214;profesor;oscar.arnache;0302271;Guardar
Mon, 08 Feb 2016 14:08:36 -0500;99r67n5lqqur8p78218kg0t214;profesor;oscar.arnache;0302271;Guardar
Mon, 08 Feb 2016 14:09:38 -0500;99r67n5lqqur8p78218kg0t214;profesor;oscar.arnache;0302271;Guardar
Mon, 08 Feb 2016 14:09:51 -0500;99r67n5lqqur8p78218kg0t214;profesor;oscar.arnache;0302271;Guardar
Mon, 08 Feb 2016 14:11:03 -0500;99r67n5lqqur8p78218kg0t214;profesor;oscar.arnache;0302271;Guardar
Mon, 08 Feb 2016 14:13:42 -0500;99r67n5lqqur8p78218kg0t214;profesor;oscar.arnache;0302271;Guardar
Mon, 08 Feb 2016 14:14:40 -0500;99r67n5lqqur8p78218kg0t214;profesor;oscar.arnache;0302271;Guardar
