Thu, 21 Aug 2014 15:37:37 -0500;9fgj2c8b10ugvcubd8t063f4k0;fisica;fisica;0302133
Thu, 21 Aug 2014 15:39:12 -0500;9fgj2c8b10ugvcubd8t063f4k0;fisica;fisica;0302133
Thu, 21 Aug 2014 15:39:14 -0500;9fgj2c8b10ugvcubd8t063f4k0;fisica;fisica;0302133
Thu, 21 Aug 2014 16:02:11 -0500;6vr6puepu8uj0oh31v721jr756;fisica;Bernardo Arenas;0302133
Thu, 21 Aug 2014 16:50:16 -0500;6vr6puepu8uj0oh31v721jr756;fisica;Bernardo Arenas;0302133
Thu, 21 Aug 2014 16:55:30 -0500;6vr6puepu8uj0oh31v721jr756;fisica;Bernardo Arenas;0302133
Thu, 21 Aug 2014 16:56:33 -0500;6vr6puepu8uj0oh31v721jr756;fisica;Bernardo Arenas;0302133
Thu, 21 Aug 2014 16:58:29 -0500;6vr6puepu8uj0oh31v721jr756;fisica;Bernardo Arenas;0302133
Thu, 21 Aug 2014 16:58:39 -0500;6vr6puepu8uj0oh31v721jr756;fisica;Bernardo Arenas;0302133
Thu, 21 Aug 2014 17:00:45 -0500;6vr6puepu8uj0oh31v721jr756;fisica;Bernardo Arenas;0302133
Thu, 21 Aug 2014 17:01:33 -0500;6vr6puepu8uj0oh31v721jr756;fisica;Bernardo Arenas;0302133
Thu, 21 Aug 2014 17:10:23 -0500;6vr6puepu8uj0oh31v721jr756;fisica;Bernardo Arenas;0302133
Mon, 25 Aug 2014 09:43:41 -0500;abrodbg190mevlch2sjq5olvb5;fisica;fisica;0302133;Edita
Mon, 25 Aug 2014 09:46:57 -0500;abrodbg190mevlch2sjq5olvb5;fisica;fisica;0302133;Edita
Fri, 29 Aug 2014 10:23:47 -0500;efv2u1n68gt9vqiv1ai2f6jub4;fisica;Bernardo Arenas;0302133;Edita
Fri, 29 Aug 2014 10:27:47 -0500;efv2u1n68gt9vqiv1ai2f6jub4;fisica;Bernardo Arenas;0302133;Edita
Thu, 11 Sep 2014 15:47:30 -0500;u8g3krrslr20oogs6hpvcif455;fisica;fisica;0302133;Edita
Thu, 11 Sep 2014 15:59:44 -0500;u8g3krrslr20oogs6hpvcif455;fisica;fisica;0302133;Guardar
Thu, 11 Sep 2014 16:00:25 -0500;u8g3krrslr20oogs6hpvcif455;fisica;fisica;0302133;Guardar
Thu, 11 Sep 2014 16:20:36 -0500;u8g3krrslr20oogs6hpvcif455;fisica;fisica;0302133;Guardar
Thu, 11 Sep 2014 16:30:21 -0500;u8g3krrslr20oogs6hpvcif455;fisica;fisica;0302133;Guardar
Thu, 11 Sep 2014 16:31:55 -0500;u8g3krrslr20oogs6hpvcif455;fisica;fisica;0302133;Guardar
Thu, 11 Sep 2014 16:35:11 -0500;u8g3krrslr20oogs6hpvcif455;fisica;fisica;0302133;Guardar
Thu, 11 Sep 2014 16:41:03 -0500;u8g3krrslr20oogs6hpvcif455;fisica;fisica;0302133;Guardar
Thu, 11 Sep 2014 16:41:47 -0500;u8g3krrslr20oogs6hpvcif455;fisica;fisica;0302133;Guardar
Thu, 11 Sep 2014 16:42:00 -0500;u8g3krrslr20oogs6hpvcif455;fisica;fisica;0302133;Guardar
Thu, 11 Sep 2014 16:42:33 -0500;u8g3krrslr20oogs6hpvcif455;fisica;fisica;0302133;Guardar
Thu, 11 Sep 2014 16:43:23 -0500;u8g3krrslr20oogs6hpvcif455;fisica;fisica;0302133;Edita
Thu, 11 Sep 2014 16:43:52 -0500;u8g3krrslr20oogs6hpvcif455;fisica;fisica;0302133;Guardar
Thu, 11 Sep 2014 16:44:05 -0500;u8g3krrslr20oogs6hpvcif455;fisica;fisica;0302133;Guardar
Thu, 11 Sep 2014 16:49:51 -0500;u8g3krrslr20oogs6hpvcif455;fisica;fisica;0302133;Edita
Thu, 11 Sep 2014 16:53:03 -0500;u8g3krrslr20oogs6hpvcif455;fisica;fisica;0302133;Guardar
Thu, 11 Sep 2014 16:53:35 -0500;u8g3krrslr20oogs6hpvcif455;fisica;fisica;0302133;Edita
Thu, 11 Sep 2014 16:53:54 -0500;u8g3krrslr20oogs6hpvcif455;fisica;fisica;0302133;Edita
Thu, 11 Sep 2014 16:54:50 -0500;u8g3krrslr20oogs6hpvcif455;fisica;fisica;0302133;Guardar
Wed, 22 Oct 2014 16:31:48 -0500;2fl4fc2odhkaq72r45otud5qr3;fisica;bernardo arenas;0302133;Edita
Wed, 22 Oct 2014 16:32:28 -0500;2fl4fc2odhkaq72r45otud5qr3;fisica;bernardo arenas;0302133;Guardar
Thu, 20 Nov 2014 10:45:53 -0500;999u6rvusb5msldlia9als40c4;fisica;bernardo arenas;0302133;Edita
Thu, 20 Nov 2014 10:50:55 -0500;999u6rvusb5msldlia9als40c4;fisica;bernardo arenas;0302133;Edita
Thu, 20 Nov 2014 10:56:05 -0500;999u6rvusb5msldlia9als40c4;fisica;bernardo arenas;0302133;Edita
Wed, 27 May 2015 23:30:06 -0500;vfl350f3ejddcl7vlc9jd9cdd2;admin;Jorge Zuluaga;0302133;Edita
Wed, 27 May 2015 23:30:14 -0500;vfl350f3ejddcl7vlc9jd9cdd2;admin;Jorge Zuluaga;0302133;Edita
Wed, 27 May 2015 23:31:45 -0500;vfl350f3ejddcl7vlc9jd9cdd2;admin;Jorge Zuluaga;0302133;Edita
Thu, 28 May 2015 09:29:57 -0500;mepf94bp6tpttl0i04imv11d65;admin;Jorge Zuluaga;0302133;Edita
Thu, 28 May 2015 09:30:03 -0500;mepf94bp6tpttl0i04imv11d65;admin;Jorge Zuluaga;0302133;Guardar
Thu, 28 May 2015 09:30:10 -0500;mepf94bp6tpttl0i04imv11d65;admin;Jorge Zuluaga;0302133;Guardar
Fri, 10 Jul 2015 17:27:27 -0500;c10e4a7nl7rff5mg7epk2p3l46;admin;Jorge Zuluaga;0302133;Edita
Fri, 10 Jul 2015 17:46:44 -0500;c10e4a7nl7rff5mg7epk2p3l46;admin;Jorge Zuluaga;0302133;Guardar
Fri, 17 Jul 2015 12:05:08 -0500;dj6uhv2qq63sqqgm0kqr8mvha5;admin;Jorge Zuluaga;0302133;Edita
Fri, 17 Jul 2015 12:05:31 -0500;dj6uhv2qq63sqqgm0kqr8mvha5;admin;Jorge Zuluaga;0302133;Guardar
Mon, 27 Jul 2015 05:20:02 -0500;133db38lhop4u32069a4r3cj34;admin;Jorge Zuluaga;0302133;Edita
Mon, 27 Jul 2015 05:20:15 -0500;133db38lhop4u32069a4r3cj34;admin;Jorge Zuluaga;0302133;Guardar
Mon, 27 Jul 2015 05:20:21 -0500;133db38lhop4u32069a4r3cj34;admin;Jorge Zuluaga;0302133;Publicar
Mon, 27 Jul 2015 05:24:01 -0500;133db38lhop4u32069a4r3cj34;admin;Jorge Zuluaga;0302133;Edita
Mon, 27 Jul 2015 05:24:15 -0500;133db38lhop4u32069a4r3cj34;admin;Jorge Zuluaga;0302133;Guardar
Mon, 27 Jul 2015 05:24:18 -0500;133db38lhop4u32069a4r3cj34;admin;Jorge Zuluaga;0302133;Publicar
Mon, 27 Jul 2015 05:25:32 -0500;133db38lhop4u32069a4r3cj34;admin;Jorge Zuluaga;0302133;Guardar
Mon, 27 Jul 2015 05:26:00 -0500;133db38lhop4u32069a4r3cj34;admin;Jorge Zuluaga;0302133;Edita
Mon, 27 Jul 2015 05:26:06 -0500;133db38lhop4u32069a4r3cj34;admin;Jorge Zuluaga;0302133;Guardar
Mon, 27 Jul 2015 05:26:16 -0500;133db38lhop4u32069a4r3cj34;admin;Jorge Zuluaga;0302133;Publicar
Mon, 27 Jul 2015 06:03:22 -0500;133db38lhop4u32069a4r3cj34;admin;Jorge Zuluaga;0302133;Edita
Mon, 27 Jul 2015 06:03:28 -0500;133db38lhop4u32069a4r3cj34;admin;Jorge Zuluaga;0302133;Guardar
Mon, 27 Jul 2015 06:03:40 -0500;133db38lhop4u32069a4r3cj34;admin;Jorge Zuluaga;0302133;Publicar
Mon, 27 Jul 2015 06:09:20 -0500;133db38lhop4u32069a4r3cj34;admin;Jorge Zuluaga;0302133;Edita
Mon, 27 Jul 2015 06:09:30 -0500;133db38lhop4u32069a4r3cj34;admin;Jorge Zuluaga;0302133;Guardar
Mon, 27 Jul 2015 06:09:33 -0500;133db38lhop4u32069a4r3cj34;admin;Jorge Zuluaga;0302133;Publicar
Mon, 27 Jul 2015 06:16:47 -0500;133db38lhop4u32069a4r3cj34;admin;Jorge Zuluaga;0302133;Guardar
Mon, 27 Jul 2015 06:22:25 -0500;133db38lhop4u32069a4r3cj34;admin;Jorge Zuluaga;0302133;Edita
Mon, 27 Jul 2015 06:23:46 -0500;133db38lhop4u32069a4r3cj34;admin;Jorge Zuluaga;0302133;Edita
Mon, 27 Jul 2015 06:23:54 -0500;133db38lhop4u32069a4r3cj34;admin;Jorge Zuluaga;0302133;Edita
Mon, 27 Jul 2015 06:26:15 -0500;133db38lhop4u32069a4r3cj34;admin;Jorge Zuluaga;0302133;Edita
Mon, 27 Jul 2015 06:27:32 -0500;133db38lhop4u32069a4r3cj34;admin;Jorge Zuluaga;0302133;Edita
Mon, 27 Jul 2015 06:27:42 -0500;133db38lhop4u32069a4r3cj34;admin;Jorge Zuluaga;0302133;Guardar
Mon, 27 Jul 2015 06:27:54 -0500;133db38lhop4u32069a4r3cj34;admin;Jorge Zuluaga;0302133;Publicar
Mon, 27 Jul 2015 06:28:17 -0500;133db38lhop4u32069a4r3cj34;admin;Jorge Zuluaga;0302133;Guardar
Mon, 27 Jul 2015 15:08:30 -0500;133db38lhop4u32069a4r3cj34;admin;Jorge Zuluaga;0302133;Edita
Mon, 27 Jul 2015 15:19:07 -0500;133db38lhop4u32069a4r3cj34;admin;Jorge Zuluaga;0302133;Guardar
Mon, 27 Jul 2015 15:24:28 -0500;133db38lhop4u32069a4r3cj34;admin;Jorge Zuluaga;0302133;Guardar
Mon, 27 Jul 2015 15:24:56 -0500;133db38lhop4u32069a4r3cj34;admin;Jorge Zuluaga;0302133;Guardar
Mon, 27 Jul 2015 15:26:42 -0500;133db38lhop4u32069a4r3cj34;admin;Jorge Zuluaga;0302133;Publicar
Mon, 27 Jul 2015 15:26:54 -0500;133db38lhop4u32069a4r3cj34;admin;Jorge Zuluaga;0302133;Guardar
Tue, 28 Jul 2015 06:54:27 -0500;133db38lhop4u32069a4r3cj34;admin;Jorge Zuluaga;0302133;Edita
Tue, 28 Jul 2015 06:55:46 -0500;133db38lhop4u32069a4r3cj34;admin;Jorge Zuluaga;0302133;Guardar
Tue, 28 Jul 2015 06:56:34 -0500;133db38lhop4u32069a4r3cj34;admin;Jorge Zuluaga;0302133;Guardar
Tue, 28 Jul 2015 06:57:27 -0500;133db38lhop4u32069a4r3cj34;admin;Jorge Zuluaga;0302133;Guardar
Tue, 28 Jul 2015 06:57:58 -0500;133db38lhop4u32069a4r3cj34;admin;Jorge Zuluaga;0302133;Guardar
Tue, 28 Jul 2015 06:58:40 -0500;133db38lhop4u32069a4r3cj34;admin;Jorge Zuluaga;0302133;Guardar
Tue, 28 Jul 2015 06:58:52 -0500;133db38lhop4u32069a4r3cj34;admin;Jorge Zuluaga;0302133;Guardar
Tue, 28 Jul 2015 06:59:27 -0500;133db38lhop4u32069a4r3cj34;admin;Jorge Zuluaga;0302133;Guardar
Tue, 28 Jul 2015 07:01:09 -0500;133db38lhop4u32069a4r3cj34;admin;Jorge Zuluaga;0302133;Guardar
Tue, 28 Jul 2015 07:02:03 -0500;133db38lhop4u32069a4r3cj34;admin;Jorge Zuluaga;0302133;Guardar
Tue, 28 Jul 2015 07:02:31 -0500;133db38lhop4u32069a4r3cj34;admin;Jorge Zuluaga;0302133;Guardar
Tue, 28 Jul 2015 07:02:56 -0500;133db38lhop4u32069a4r3cj34;admin;Jorge Zuluaga;0302133;Guardar
Tue, 28 Jul 2015 07:03:47 -0500;133db38lhop4u32069a4r3cj34;admin;Jorge Zuluaga;0302133;Guardar
Tue, 28 Jul 2015 07:04:10 -0500;133db38lhop4u32069a4r3cj34;admin;Jorge Zuluaga;0302133;Publicar
Tue, 28 Jul 2015 07:04:13 -0500;133db38lhop4u32069a4r3cj34;admin;Jorge Zuluaga;0302133;Guardar
Wed, 29 Jul 2015 08:42:09 -0500;9dj77ad9g2sg4pg9d6ljf10rc6;profesor;Johan Mazo;0302133;Edita
Mon, 07 Sep 2015 02:03:16 -0500;rs6scif2cuds7qgt2odt51ckd3;admin;Jorge Zuluaga;0302133;Edita
Mon, 07 Sep 2015 02:03:18 -0500;rs6scif2cuds7qgt2odt51ckd3;admin;Jorge Zuluaga;0302133;Desbloquea
Mon, 07 Sep 2015 02:03:34 -0500;rs6scif2cuds7qgt2odt51ckd3;admin;Jorge Zuluaga;0302133;Guardar
Mon, 07 Sep 2015 02:24:06 -0500;rs6scif2cuds7qgt2odt51ckd3;admin;Jorge Zuluaga;0302133;Guardar
Mon, 07 Sep 2015 02:24:33 -0500;rs6scif2cuds7qgt2odt51ckd3;admin;Jorge Zuluaga;0302133;Guardar
Mon, 07 Sep 2015 02:26:01 -0500;rs6scif2cuds7qgt2odt51ckd3;admin;Jorge Zuluaga;0302133;Edita
Mon, 14 Sep 2015 02:53:24 -0500;ka17btog101tav4h0s584sogg1;admin;Jorge Zuluaga;0302133;Edita
