Mon, 11 May 2015 13:08:51 -0500;i5var7kg59geiop2dvbbppm9k3;admin;Jorge Zuluaga;0302411;Guardar
Mon, 11 May 2015 13:34:11 -0500;ed747a4utpd36lbqjtp3f0ilc0;admin;Jorge Zuluaga;0302411;Edita
Wed, 27 May 2015 18:14:27 -0500;mepf94bp6tpttl0i04imv11d65;admin;Jorge Zuluaga;0302411;Edita
Wed, 27 May 2015 18:14:34 -0500;mepf94bp6tpttl0i04imv11d65;admin;Jorge Zuluaga;0302411;Guardar
Tue, 02 Jun 2015 06:35:55 -0500;9tv3q903f11ke3iunf4hj315m4;admin;Jorge Zuluaga;0302411;Edita
Tue, 02 Jun 2015 06:37:26 -0500;9tv3q903f11ke3iunf4hj315m4;admin;Jorge Zuluaga;0302411;Guardar
Tue, 02 Jun 2015 06:37:44 -0500;9tv3q903f11ke3iunf4hj315m4;admin;Jorge Zuluaga;0302411;Guardar
Mon, 10 Aug 2015 10:54:11 -0500;925jeeirgp92ga4bgafkb1lk02;profesor;Boris Anghelo Rodríguez Rey;0302411;Edita
Mon, 10 Aug 2015 11:18:18 -0500;925jeeirgp92ga4bgafkb1lk02;profesor;Boris Anghelo Rodríguez Rey;0302411;Guardar
Tue, 08 Sep 2015 08:19:14 -0500;ij2ln7hfac5bul87e6mi68kdq2;profesor;jhonny Castrillon;0302411;Edita
Tue, 08 Sep 2015 08:54:59 -0500;d6kp6hnjakcmul1fce77blceg1;profesor;Boris Anghelo Rodríguez Rey;0302411;Edita
Tue, 08 Sep 2015 11:08:40 -0500;vjcumhs522t9e2n7ipquot5n85;profesor;Boris Anghelo Rodríguez Rey;0302411;Edita
Tue, 08 Sep 2015 12:16:04 -0500;vjcumhs522t9e2n7ipquot5n85;profesor;Boris Anghelo Rodríguez Rey;0302411;Guardar
Tue, 08 Sep 2015 13:45:36 -0500;vjcumhs522t9e2n7ipquot5n85;profesor;Boris Anghelo Rodríguez Rey;0302411;Guardar
Tue, 08 Sep 2015 14:13:19 -0500;vjcumhs522t9e2n7ipquot5n85;profesor;Boris Anghelo Rodríguez Rey;0302411;Edita
Tue, 08 Sep 2015 14:13:50 -0500;vjcumhs522t9e2n7ipquot5n85;profesor;Boris Anghelo Rodríguez Rey;0302411;Edita
Tue, 08 Sep 2015 14:14:42 -0500;vjcumhs522t9e2n7ipquot5n85;profesor;Boris Anghelo Rodríguez Rey;0302411;Guardar
Tue, 08 Sep 2015 14:16:14 -0500;vjcumhs522t9e2n7ipquot5n85;profesor;Boris Anghelo Rodríguez Rey;0302411;Guardar
Tue, 08 Sep 2015 14:19:38 -0500;vjcumhs522t9e2n7ipquot5n85;profesor;Boris Anghelo Rodríguez Rey;0302411;Guardar
Tue, 08 Sep 2015 14:22:00 -0500;vjcumhs522t9e2n7ipquot5n85;profesor;Boris Anghelo Rodríguez Rey;0302411;Guardar
Tue, 08 Sep 2015 14:26:59 -0500;vjcumhs522t9e2n7ipquot5n85;profesor;Boris Anghelo Rodríguez Rey;0302411;Guardar
Tue, 08 Sep 2015 14:39:08 -0500;vjcumhs522t9e2n7ipquot5n85;profesor;Boris Anghelo Rodríguez Rey;0302411;Guardar
Tue, 08 Sep 2015 14:40:02 -0500;vjcumhs522t9e2n7ipquot5n85;profesor;Boris Anghelo Rodríguez Rey;0302411;Guardar
Tue, 08 Sep 2015 16:53:20 -0500;40c24b40nk7v89sttqlh1791g5;profesor;Jhonny Castrillon;0302411;Edita
Tue, 08 Sep 2015 17:01:51 -0500;40c24b40nk7v89sttqlh1791g5;profesor;Jhonny Castrillon;0302411;Guardar
Mon, 14 Sep 2015 01:49:03 -0500;5emk0bi29r1t058hsiv36jpf27;admin;Jorge Zuluaga;0302411;Edita
Mon, 14 Sep 2015 01:49:31 -0500;5emk0bi29r1t058hsiv36jpf27;admin;Jorge Zuluaga;0302411;Guardar
Mon, 28 Sep 2015 12:32:07 -0500;mjq498a3njncon38l9ibeepbu4;admin;Jorge Zuluaga;0302411;Edita
Mon, 28 Sep 2015 12:35:04 -0500;mjq498a3njncon38l9ibeepbu4;admin;Jorge Zuluaga;0302411;Guardar
Mon, 28 Sep 2015 14:01:18 -0500;m61dn5cmra23bues7qlop0hih5;admin;Jorge Zuluaga;0302411;Edita
Mon, 28 Sep 2015 14:51:00 -0500;mjq498a3njncon38l9ibeepbu4;admin;Jorge Zuluaga;0302411;Edita
Mon, 28 Sep 2015 14:53:24 -0500;mjq498a3njncon38l9ibeepbu4;admin;Jorge Zuluaga;0302411;Guardar
Mon, 28 Sep 2015 14:55:51 -0500;mjq498a3njncon38l9ibeepbu4;admin;Jorge Zuluaga;0302411;Guardar
Mon, 28 Sep 2015 14:56:22 -0500;mjq498a3njncon38l9ibeepbu4;admin;Jorge Zuluaga;0302411;Guardar
Mon, 28 Sep 2015 15:07:27 -0500;mjq498a3njncon38l9ibeepbu4;admin;Jorge Zuluaga;0302411;Edita
Mon, 28 Sep 2015 19:51:45 -0500;mjq498a3njncon38l9ibeepbu4;admin;Jorge Zuluaga;0302411;Edita
Thu, 01 Oct 2015 06:26:46 -0500;j2gpbrvlgn9lmp9rthp9svlhl5;admin;Jorge Zuluaga;0302411;Edita
Thu, 01 Oct 2015 06:27:10 -0500;j2gpbrvlgn9lmp9rthp9svlhl5;admin;Jorge Zuluaga;0302411;Guardar
Thu, 01 Oct 2015 06:27:12 -0500;j2gpbrvlgn9lmp9rthp9svlhl5;admin;Jorge Zuluaga;0302411;Publicar
Thu, 01 Oct 2015 06:27:14 -0500;j2gpbrvlgn9lmp9rthp9svlhl5;admin;Jorge Zuluaga;0302411;Guardar
Wed, 30 Mar 2016 15:13:56 -0500;0i2qctt2b5hk5kbb1tu43njgm4;admin;Jorge Zuluaga;0302411;Edita
