Mon, 11 May 2015 13:53:53 -0500;ed747a4utpd36lbqjtp3f0ilc0;admin;Jorge Zuluaga;0302412;Guardar
Wed, 27 May 2015 18:14:38 -0500;mepf94bp6tpttl0i04imv11d65;admin;Jorge Zuluaga;0302412;Edita
Wed, 27 May 2015 18:14:48 -0500;mepf94bp6tpttl0i04imv11d65;admin;Jorge Zuluaga;0302412;Guardar
Tue, 02 Jun 2015 06:54:13 -0500;9tv3q903f11ke3iunf4hj315m4;admin;Jorge Zuluaga;0302412;Edita
Tue, 02 Jun 2015 06:55:34 -0500;9tv3q903f11ke3iunf4hj315m4;admin;Jorge Zuluaga;0302412;Guardar
Thu, 30 Jul 2015 12:05:33 -0500;sh83b3c84h501t2qpom95afmg0;profesor;William Ponce;0302412;Edita
Thu, 30 Jul 2015 12:14:30 -0500;sh83b3c84h501t2qpom95afmg0;profesor;William Ponce;0302412;Guardar
Tue, 08 Sep 2015 14:46:36 -0500;4os1vtn3tbmlb3p03p4nal3p74;profesor;William Ponce Gutierrez;0302412;Edita
Tue, 08 Sep 2015 15:10:10 -0500;4os1vtn3tbmlb3p03p4nal3p74;profesor;William Ponce Gutierrez;0302412;Guardar
Tue, 08 Sep 2015 15:10:17 -0500;4os1vtn3tbmlb3p03p4nal3p74;profesor;William Ponce Gutierrez;0302412;Guardar
Wed, 09 Sep 2015 09:30:19 -0500;p0qs368uf491mdv301998rlle5;profesor;William Ponce Gutierrez;0302412;Edita
Wed, 09 Sep 2015 10:50:56 -0500;p0qs368uf491mdv301998rlle5;profesor;William Ponce Gutierrez;0302412;Guardar
Wed, 09 Sep 2015 14:40:13 -0500;3e21a8bq544c4vvdhjfs2a6jm6;profesor;William Ponce Gutierrez;0302412;Edita
Wed, 09 Sep 2015 14:56:33 -0500;3e21a8bq544c4vvdhjfs2a6jm6;profesor;William Ponce Gutierrez;0302412;Guardar
Fri, 11 Sep 2015 09:20:50 -0500;0l4gtpemgrq3crmlfmf71njkv3;profesor;William Ponce Gutierrez;0302412;Edita
Fri, 11 Sep 2015 09:44:40 -0500;0l4gtpemgrq3crmlfmf71njkv3;profesor;William Ponce Gutierrez;0302412;Guardar
Mon, 14 Sep 2015 02:39:09 -0500;ka17btog101tav4h0s584sogg1;admin;Jorge Zuluaga;0302412;Edita
Mon, 14 Sep 2015 02:40:26 -0500;ka17btog101tav4h0s584sogg1;admin;Jorge Zuluaga;0302412;Guardar
Mon, 28 Sep 2015 14:02:17 -0500;m61dn5cmra23bues7qlop0hih5;admin;Jorge Zuluaga;0302412;Edita
Mon, 28 Sep 2015 14:03:55 -0500;m61dn5cmra23bues7qlop0hih5;admin;Jorge Zuluaga;0302412;Guardar
Mon, 28 Sep 2015 14:07:57 -0500;m61dn5cmra23bues7qlop0hih5;admin;Jorge Zuluaga;0302412;Edita
Mon, 28 Sep 2015 14:18:35 -0500;m61dn5cmra23bues7qlop0hih5;admin;Jorge Zuluaga;0302412;Guardar
Mon, 28 Sep 2015 14:19:59 -0500;m61dn5cmra23bues7qlop0hih5;admin;Jorge Zuluaga;0302412;Guardar
Mon, 28 Sep 2015 14:22:28 -0500;m61dn5cmra23bues7qlop0hih5;admin;Jorge Zuluaga;0302412;Guardar
Thu, 01 Oct 2015 07:01:18 -0500;j2gpbrvlgn9lmp9rthp9svlhl5;admin;Jorge Zuluaga;0302412;Edita
Thu, 01 Oct 2015 07:01:36 -0500;j2gpbrvlgn9lmp9rthp9svlhl5;admin;Jorge Zuluaga;0302412;Guardar
Thu, 01 Oct 2015 07:01:39 -0500;j2gpbrvlgn9lmp9rthp9svlhl5;admin;Jorge Zuluaga;0302412;Publicar
