Tue, 05 May 2015 10:25:33 -0500;ad0386401i30fkirbk10i5osd2;admin;Jorge Zuluaga;0302100;Guardar
Tue, 05 May 2015 10:27:38 -0500;ad0386401i30fkirbk10i5osd2;admin;Jorge Zuluaga;0302100;Guardar
Tue, 05 May 2015 10:29:56 -0500;ad0386401i30fkirbk10i5osd2;admin;Jorge Zuluaga;0302100;Guardar
Tue, 05 May 2015 10:33:59 -0500;ad0386401i30fkirbk10i5osd2;admin;Jorge Zuluaga;0302100;Edita
Tue, 05 May 2015 10:34:41 -0500;ad0386401i30fkirbk10i5osd2;admin;Jorge Zuluaga;0302100;Guardar
Tue, 05 May 2015 10:53:04 -0500;ad0386401i30fkirbk10i5osd2;admin;Jorge Zuluaga;0302100;Edita
Tue, 05 May 2015 10:56:35 -0500;ad0386401i30fkirbk10i5osd2;admin;Jorge Zuluaga;0302100;Guardar
Tue, 05 May 2015 11:48:57 -0500;ad0386401i30fkirbk10i5osd2;admin;Jorge Zuluaga;0302100;Edita
Fri, 08 May 2015 10:31:38 -0500;8d5onhd3ok5c3ktg3ljspmf1j5;admin;Jorge Zuluaga;0302100;Edita
Fri, 08 May 2015 10:31:42 -0500;8d5onhd3ok5c3ktg3ljspmf1j5;admin;Jorge Zuluaga;0302100;Desbloquea
Sat, 09 May 2015 15:51:49 -0500;4ieo21ivkuj2s5kkcdek44a7o4;admin;Jorge Zuluaga;0302100;Edita
Sat, 09 May 2015 15:53:34 -0500;4ieo21ivkuj2s5kkcdek44a7o4;admin;Jorge Zuluaga;0302100;Guardar
Sat, 09 May 2015 15:54:31 -0500;4ieo21ivkuj2s5kkcdek44a7o4;admin;Jorge Zuluaga;0302100;Edita
Wed, 27 May 2015 15:06:53 -0500;3tsdtd9nssjsb518n6a9ddj3t2;admin;Jorge Zuluaga;0302100;Edita
Wed, 27 May 2015 15:06:55 -0500;3tsdtd9nssjsb518n6a9ddj3t2;admin;Jorge Zuluaga;0302100;Desbloquea
Wed, 27 May 2015 17:16:15 -0500;mepf94bp6tpttl0i04imv11d65;admin;Jorge Zuluaga;0302100;Edita
Wed, 27 May 2015 17:16:41 -0500;mepf94bp6tpttl0i04imv11d65;admin;Jorge Zuluaga;0302100;Guardar
Wed, 27 May 2015 18:21:35 -0500;mepf94bp6tpttl0i04imv11d65;admin;Jorge Zuluaga;0302100;Edita
Wed, 27 May 2015 18:21:48 -0500;mepf94bp6tpttl0i04imv11d65;admin;Jorge Zuluaga;0302100;Edita
Wed, 27 May 2015 18:22:17 -0500;mepf94bp6tpttl0i04imv11d65;admin;Jorge Zuluaga;0302100;Edita
Wed, 27 May 2015 18:42:08 -0500;mepf94bp6tpttl0i04imv11d65;admin;Jorge Zuluaga;0302100;Edita
Wed, 27 May 2015 18:42:35 -0500;mepf94bp6tpttl0i04imv11d65;admin;Jorge Zuluaga;0302100;Guardar
Wed, 27 May 2015 18:43:51 -0500;mepf94bp6tpttl0i04imv11d65;admin;Jorge Zuluaga;0302100;Edita
Wed, 27 May 2015 18:44:03 -0500;mepf94bp6tpttl0i04imv11d65;admin;Jorge Zuluaga;0302100;Guardar
Wed, 27 May 2015 18:44:05 -0500;3tsdtd9nssjsb518n6a9ddj3t2;fisica;Jorge Zuluaga;0302100;Edita
Wed, 27 May 2015 18:44:08 -0500;3tsdtd9nssjsb518n6a9ddj3t2;fisica;Jorge Zuluaga;0302100;Desbloquea
