Fri, 29 Aug 2014 05:07:25 -0500;nm4oucmpaejigc9c9hjvr38nj7;fisica;Jorge I. Zuluaga;0302390;Edita
Fri, 29 Aug 2014 10:14:48 -0500;gcu3d4kodtie3tm4r0tqvra5s4;fisica;Jorge I. Zuluaga;0302390;Edita
Fri, 29 Aug 2014 10:14:51 -0500;gcu3d4kodtie3tm4r0tqvra5s4;fisica;Jorge I. Zuluaga;0302390;Desbloquea
Fri, 29 Aug 2014 10:15:31 -0500;gcu3d4kodtie3tm4r0tqvra5s4;admin;Jorge I. Zuluaga;0302390;Edita
Fri, 29 Aug 2014 10:15:33 -0500;gcu3d4kodtie3tm4r0tqvra5s4;admin;Jorge I. Zuluaga;0302390;Archivar
Tue, 17 Feb 2015 19:29:44 +0000;6u03o50i8rt56ji3s370t1o3l1;admin;Jorge Zuluaga;0302390;Edita
Tue, 17 Feb 2015 19:33:53 +0000;6u03o50i8rt56ji3s370t1o3l1;admin;Jorge Zuluaga;0302390;Edita
Wed, 18 Feb 2015 21:28:14 +0000;s10fnh4ffn5t4cv9qmtagm7mo5;profesor;Sebastian Bustamante;0302390;Edita
Wed, 18 Feb 2015 21:32:58 +0000;s10fnh4ffn5t4cv9qmtagm7mo5;profesor;Sebastian Bustamante;0302390;Guardar
Thu, 26 Mar 2015 14:43:33 -0500;h451nb7hgghompvql282el8mb3;fisica;bernardo arenas;0302390;Edita
Wed, 27 May 2015 15:05:07 -0500;3tsdtd9nssjsb518n6a9ddj3t2;admin;Jorge Zuluaga;0302390;Edita
Wed, 27 May 2015 15:05:09 -0500;3tsdtd9nssjsb518n6a9ddj3t2;admin;Jorge Zuluaga;0302390;Desbloquea
Fri, 10 Jul 2015 17:00:38 -0500;c10e4a7nl7rff5mg7epk2p3l46;admin;Jorge Zuluaga;0302390;Edita
Fri, 10 Jul 2015 17:25:44 -0500;c10e4a7nl7rff5mg7epk2p3l46;admin;Jorge Zuluaga;0302390;Guardar
Fri, 10 Jul 2015 17:47:21 -0500;c10e4a7nl7rff5mg7epk2p3l46;admin;Jorge Zuluaga;0302390;Edita
Fri, 10 Jul 2015 17:47:43 -0500;c10e4a7nl7rff5mg7epk2p3l46;admin;Jorge Zuluaga;0302390;Guardar
Tue, 28 Jul 2015 06:27:34 -0500;133db38lhop4u32069a4r3cj34;admin;Jorge Zuluaga;0302390;Edita
Tue, 28 Jul 2015 06:28:29 -0500;133db38lhop4u32069a4r3cj34;admin;Jorge Zuluaga;0302390;Guardar
Tue, 28 Jul 2015 06:28:33 -0500;133db38lhop4u32069a4r3cj34;admin;Jorge Zuluaga;0302390;Publicar
Tue, 28 Jul 2015 06:28:37 -0500;133db38lhop4u32069a4r3cj34;admin;Jorge Zuluaga;0302390;Guardar
Mon, 14 Sep 2015 17:00:47 -0500;57cr6v506fu6jfd87l8sgutku3;profesor;manuel paez;0302390;Edita
Mon, 14 Sep 2015 17:06:22 -0500;57cr6v506fu6jfd87l8sgutku3;profesor;manuel paez;0302390;Guardar
Mon, 14 Sep 2015 17:13:02 -0500;57cr6v506fu6jfd87l8sgutku3;profesor;manuel paez;0302390;Guardar
Mon, 14 Sep 2015 17:17:29 -0500;57cr6v506fu6jfd87l8sgutku3;profesor;manuel paez;0302390;Guardar
Mon, 14 Sep 2015 17:33:21 -0500;57cr6v506fu6jfd87l8sgutku3;profesor;manuel paez;0302390;Guardar
Mon, 14 Sep 2015 18:21:09 -0500;57cr6v506fu6jfd87l8sgutku3;profesor;manuel paez;0302390;Guardar
Mon, 14 Sep 2015 18:39:33 -0500;57cr6v506fu6jfd87l8sgutku3;profesor;manuel paez;0302390;Guardar
Mon, 14 Sep 2015 18:43:05 -0500;57cr6v506fu6jfd87l8sgutku3;profesor;manuel paez;0302390;Guardar
Mon, 14 Sep 2015 19:02:23 -0500;57cr6v506fu6jfd87l8sgutku3;profesor;manuel paez;0302390;Guardar
Mon, 14 Sep 2015 20:13:01 -0500;bpb62kcj4d4km750fe54s68gb0;profesor;manuel paez;0302390;Edita
Mon, 14 Sep 2015 20:38:08 -0500;bpb62kcj4d4km750fe54s68gb0;profesor;manuel paez;0302390;Guardar
Tue, 15 Sep 2015 07:18:04 -0500;r9584584dp8fhmnags7mgjh2c7;profesor;manuel paez;0302390;Edita
Tue, 15 Sep 2015 08:03:45 -0500;r9584584dp8fhmnags7mgjh2c7;profesor;manuel paez;0302390;Guardar
Tue, 15 Sep 2015 08:47:29 -0500;r9584584dp8fhmnags7mgjh2c7;profesor;manuel paez;0302390;Guardar
Tue, 15 Sep 2015 08:55:19 -0500;r9584584dp8fhmnags7mgjh2c7;profesor;manuel paez;0302390;Guardar
Tue, 15 Sep 2015 08:57:18 -0500;r9584584dp8fhmnags7mgjh2c7;profesor;manuel paez;0302390;Guardar
Tue, 15 Sep 2015 09:21:25 -0500;r9584584dp8fhmnags7mgjh2c7;profesor;manuel paez;0302390;Guardar
Tue, 15 Sep 2015 09:31:00 -0500;r9584584dp8fhmnags7mgjh2c7;profesor;manuel paez;0302390;Guardar
Tue, 15 Sep 2015 09:33:13 -0500;r9584584dp8fhmnags7mgjh2c7;profesor;manuel paez;0302390;Guardar
Tue, 15 Sep 2015 09:35:11 -0500;r9584584dp8fhmnags7mgjh2c7;profesor;manuel paez;0302390;Guardar
Tue, 15 Sep 2015 09:36:51 -0500;r9584584dp8fhmnags7mgjh2c7;profesor;manuel paez;0302390;Guardar
Tue, 15 Sep 2015 09:39:21 -0500;r9584584dp8fhmnags7mgjh2c7;profesor;manuel paez;0302390;Guardar
Tue, 15 Sep 2015 09:40:47 -0500;r9584584dp8fhmnags7mgjh2c7;profesor;manuel paez;0302390;Guardar
Tue, 15 Sep 2015 09:51:40 -0500;r9584584dp8fhmnags7mgjh2c7;profesor;manuel paez;0302390;Guardar
Tue, 15 Sep 2015 09:59:29 -0500;r9584584dp8fhmnags7mgjh2c7;profesor;manuel paez;0302390;Guardar
Tue, 15 Sep 2015 11:02:58 -0500;ubmtcnjgrpajp76r8q4l2ejdp4;profesor;manuel paez;0302390;Edita
Tue, 15 Sep 2015 11:06:03 -0500;ubmtcnjgrpajp76r8q4l2ejdp4;profesor;manuel paez;0302390;Guardar
Tue, 15 Sep 2015 11:32:14 -0500;ubmtcnjgrpajp76r8q4l2ejdp4;profesor;manuel paez;0302390;Edita
Tue, 15 Sep 2015 11:34:07 -0500;ubmtcnjgrpajp76r8q4l2ejdp4;profesor;manuel paez;0302390;Guardar
Tue, 15 Sep 2015 11:36:29 -0500;ubmtcnjgrpajp76r8q4l2ejdp4;profesor;manuel paez;0302390;Guardar
Tue, 15 Sep 2015 11:39:50 -0500;ubmtcnjgrpajp76r8q4l2ejdp4;profesor;manuel paez;0302390;Guardar
Tue, 15 Sep 2015 11:41:37 -0500;ubmtcnjgrpajp76r8q4l2ejdp4;profesor;manuel paez;0302390;Guardar
Tue, 15 Sep 2015 11:45:53 -0500;ubmtcnjgrpajp76r8q4l2ejdp4;profesor;manuel paez;0302390;Guardar
Tue, 15 Sep 2015 11:47:02 -0500;ubmtcnjgrpajp76r8q4l2ejdp4;profesor;manuel paez;0302390;Guardar
Tue, 15 Sep 2015 11:48:06 -0500;ubmtcnjgrpajp76r8q4l2ejdp4;profesor;manuel paez;0302390;Guardar
Tue, 15 Sep 2015 11:48:14 -0500;ubmtcnjgrpajp76r8q4l2ejdp4;profesor;manuel paez;0302390;Guardar
Tue, 15 Sep 2015 16:07:21 -0500;g8jko0gdsg49m7bps28hllm442;profesor;manuel paez;0302390;Edita
Wed, 16 Sep 2015 06:41:39 -0500;cmuolj73mhhb3l8jgb5ecur314;admin;Jorge Zuluaga;0302390;Edita
Wed, 16 Sep 2015 06:41:52 -0500;cmuolj73mhhb3l8jgb5ecur314;admin;Jorge Zuluaga;0302390;Guardar
Thu, 17 Sep 2015 10:08:55 -0500;h8t0paspc2i6ji0336dlqh1hf1;admin;Jorge Zuluaga;0302390;Edita
Thu, 17 Sep 2015 10:08:57 -0500;h8t0paspc2i6ji0336dlqh1hf1;admin;Jorge Zuluaga;0302390;Guardar
Thu, 17 Sep 2015 10:09:58 -0500;h8t0paspc2i6ji0336dlqh1hf1;admin;Jorge Zuluaga;0302390;Guardar
Fri, 25 Sep 2015 12:36:58 -0500;rg0l7ih3h5hmg7tc0uuf2ugdl2;admin;Jorge Zuluaga;0302390;Edita
Fri, 25 Sep 2015 12:46:47 -0500;rg0l7ih3h5hmg7tc0uuf2ugdl2;admin;Jorge Zuluaga;0302390;Guardar
Fri, 25 Sep 2015 12:48:20 -0500;rg0l7ih3h5hmg7tc0uuf2ugdl2;admin;Jorge Zuluaga;0302390;Guardar
