Thu, 11 Sep 2014 07:24:31 -0500;qovbkjka6ut1shmgrv7cbjh7h3;admin;Jorge I. Zuluaga;0302270;Guardar
Thu, 11 Sep 2014 07:24:42 -0500;qovbkjka6ut1shmgrv7cbjh7h3;admin;Jorge I. Zuluaga;0302270;Guardar
Thu, 23 Oct 2014 14:04:48 -0500;dbpg9toe65014agoghgf1deqi6;fisica;Bernardo Arenas;0302270;Edita
Thu, 23 Oct 2014 14:04:59 -0500;dbpg9toe65014agoghgf1deqi6;fisica;Bernardo Arenas;0302270;Guardar
Fri, 08 May 2015 10:32:47 -0500;8d5onhd3ok5c3ktg3ljspmf1j5;admin;Jorge Zuluaga;0302270;Edita
Fri, 08 May 2015 10:51:13 -0500;8d5onhd3ok5c3ktg3ljspmf1j5;admin;Jorge Zuluaga;0302270;Edita
Fri, 08 May 2015 10:51:21 -0500;8d5onhd3ok5c3ktg3ljspmf1j5;admin;Jorge Zuluaga;0302270;Edita
Fri, 08 May 2015 10:51:26 -0500;8d5onhd3ok5c3ktg3ljspmf1j5;admin;Jorge Zuluaga;0302270;Edita
Fri, 08 May 2015 11:07:03 -0500;8d5onhd3ok5c3ktg3ljspmf1j5;admin;Jorge Zuluaga;0302270;Edita
Fri, 10 Jul 2015 16:55:01 -0500;c10e4a7nl7rff5mg7epk2p3l46;admin;Jorge Zuluaga;0302270;Edita
Sun, 12 Jul 2015 11:42:24 -0500;csmm7tfq572elen3rngsfj6n55;admin;Jorge Zuluaga;0302270;Edita
Sun, 12 Jul 2015 11:55:34 -0500;csmm7tfq572elen3rngsfj6n55;admin;Jorge Zuluaga;0302270;Guardar
Mon, 27 Jul 2015 15:51:18 -0500;133db38lhop4u32069a4r3cj34;admin;Jorge Zuluaga;0302270;Edita
Mon, 27 Jul 2015 15:54:36 -0500;133db38lhop4u32069a4r3cj34;admin;Jorge Zuluaga;0302270;Guardar
Mon, 27 Jul 2015 15:54:43 -0500;133db38lhop4u32069a4r3cj34;admin;Jorge Zuluaga;0302270;Guardar
Mon, 27 Jul 2015 15:54:48 -0500;133db38lhop4u32069a4r3cj34;admin;Jorge Zuluaga;0302270;Publicar
Mon, 27 Jul 2015 15:54:51 -0500;133db38lhop4u32069a4r3cj34;admin;Jorge Zuluaga;0302270;Guardar
Tue, 28 Jul 2015 07:04:56 -0500;133db38lhop4u32069a4r3cj34;admin;Jorge Zuluaga;0302270;Edita
Tue, 28 Jul 2015 07:06:43 -0500;133db38lhop4u32069a4r3cj34;admin;Jorge Zuluaga;0302270;Guardar
Tue, 28 Jul 2015 07:07:27 -0500;133db38lhop4u32069a4r3cj34;admin;Jorge Zuluaga;0302270;Guardar
Tue, 28 Jul 2015 07:07:34 -0500;133db38lhop4u32069a4r3cj34;admin;Jorge Zuluaga;0302270;Guardar
Tue, 28 Jul 2015 07:07:37 -0500;133db38lhop4u32069a4r3cj34;admin;Jorge Zuluaga;0302270;Publicar
Tue, 28 Jul 2015 07:07:56 -0500;133db38lhop4u32069a4r3cj34;admin;Jorge Zuluaga;0302270;Edita
