Sun, 10 May 2015 22:59:26 -0500;q29s3js46r7jae3p11ld8ul1t6;admin;Jorge Zuluaga;0302331;Guardar
Wed, 27 May 2015 18:11:44 -0500;mepf94bp6tpttl0i04imv11d65;admin;Jorge Zuluaga;0302331;Edita
Wed, 27 May 2015 18:11:57 -0500;mepf94bp6tpttl0i04imv11d65;admin;Jorge Zuluaga;0302331;Guardar
Sat, 30 May 2015 13:46:55 -0500;uucnltj3e7htqvnrlv5b639nu5;admin;Jorge Zuluaga;0302331;Edita
Sat, 30 May 2015 13:48:40 -0500;uucnltj3e7htqvnrlv5b639nu5;admin;Jorge Zuluaga;0302331;Guardar
Sat, 30 May 2015 13:49:08 -0500;uucnltj3e7htqvnrlv5b639nu5;admin;Jorge Zuluaga;0302331;Guardar
Tue, 02 Jun 2015 11:42:46 -0500;l0g1tkb5kjh12nlce872diei95;admin;Duvan Herrera;0302331;Edita
Tue, 02 Jun 2015 11:43:24 -0500;l0g1tkb5kjh12nlce872diei95;admin;Duvan Herrera;0302331;Guardar
Thu, 30 Jul 2015 16:33:32 -0500;v3lgola79nsqiav7ji297a7qe7;profesor;Jorge Tobon;0302331;Edita
Thu, 30 Jul 2015 18:09:03 -0500;v3lgola79nsqiav7ji297a7qe7;profesor;Jorge Tobon;0302331;Guardar
Mon, 03 Aug 2015 14:08:38 -0500;rlpb37p7ebl8ahc624eoh60926;profesor;Jorge Tobon;0302331;Edita
Mon, 03 Aug 2015 14:12:01 -0500;rlpb37p7ebl8ahc624eoh60926;profesor;Jorge Tobon;0302331;Guardar
Tue, 08 Sep 2015 09:04:44 -0500;ohivpgnok3gbc67unshtgdo6c6;profesor;Jorge Tobon;0302331;Edita
Tue, 08 Sep 2015 10:38:36 -0500;ohivpgnok3gbc67unshtgdo6c6;profesor;Jorge Tobon;0302331;Guardar
Tue, 08 Sep 2015 10:44:47 -0500;ohivpgnok3gbc67unshtgdo6c6;profesor;Jorge Tobon;0302331;Guardar
Tue, 08 Sep 2015 10:46:14 -0500;ohivpgnok3gbc67unshtgdo6c6;profesor;Jorge Tobon;0302331;Guardar
Tue, 08 Sep 2015 13:11:29 -0500;ohivpgnok3gbc67unshtgdo6c6;profesor;Jorge Tobon;0302331;Edita
Tue, 08 Sep 2015 13:57:58 -0500;ohivpgnok3gbc67unshtgdo6c6;profesor;Jorge Tobon;0302331;Guardar
Tue, 08 Sep 2015 15:16:39 -0500;ohivpgnok3gbc67unshtgdo6c6;profesor;Jorge Tobon;0302331;Guardar
Tue, 08 Sep 2015 15:35:21 -0500;ohivpgnok3gbc67unshtgdo6c6;profesor;Jorge Tobon;0302331;Guardar
Tue, 08 Sep 2015 15:53:41 -0500;ohivpgnok3gbc67unshtgdo6c6;profesor;Jorge Tobon;0302331;Guardar
Mon, 14 Sep 2015 02:29:00 -0500;ka17btog101tav4h0s584sogg1;admin;Jorge Zuluaga;0302331;Edita
Mon, 14 Sep 2015 02:29:21 -0500;ka17btog101tav4h0s584sogg1;admin;Jorge Zuluaga;0302331;Guardar
Mon, 14 Sep 2015 02:30:12 -0500;ka17btog101tav4h0s584sogg1;admin;Jorge Zuluaga;0302331;Guardar
Mon, 28 Sep 2015 04:48:26 -0500;rf72ib4hf8n30riufjs128kal4;admin;Jorge Zuluaga;0302331;Edita
Mon, 28 Sep 2015 04:52:48 -0500;rf72ib4hf8n30riufjs128kal4;admin;Jorge Zuluaga;0302331;Guardar
Mon, 28 Sep 2015 04:56:52 -0500;rf72ib4hf8n30riufjs128kal4;admin;Jorge Zuluaga;0302331;Edita
Mon, 28 Sep 2015 04:56:58 -0500;rf72ib4hf8n30riufjs128kal4;admin;Jorge Zuluaga;0302331;Guardar
Mon, 28 Sep 2015 19:49:34 -0500;mjq498a3njncon38l9ibeepbu4;admin;Jorge Zuluaga;0302331;Edita
Mon, 28 Sep 2015 19:49:39 -0500;mjq498a3njncon38l9ibeepbu4;admin;Jorge Zuluaga;0302331;Edita
Thu, 01 Oct 2015 05:59:02 -0500;j2gpbrvlgn9lmp9rthp9svlhl5;admin;Jorge Zuluaga;0302331;Edita
Thu, 01 Oct 2015 05:59:18 -0500;j2gpbrvlgn9lmp9rthp9svlhl5;admin;Jorge Zuluaga;0302331;Guardar
Thu, 01 Oct 2015 05:59:20 -0500;j2gpbrvlgn9lmp9rthp9svlhl5;admin;Jorge Zuluaga;0302331;Publicar
