Thu, 21 Aug 2014 09:24:15 -0500;0m677qka8n73ar69fgso1nddv1;profesor;Luis Quiroga;0302570
Thu, 21 Aug 2014 09:38:45 -0500;0m677qka8n73ar69fgso1nddv1;profesor;Luis Quiroga;0302570
Thu, 21 Aug 2014 09:39:29 -0500;0m677qka8n73ar69fgso1nddv1;profesor;Luis Quiroga;0302570
Thu, 21 Aug 2014 09:41:13 -0500;0m677qka8n73ar69fgso1nddv1;profesor;Luis Quiroga;0302570
Thu, 21 Aug 2014 09:41:34 -0500;0m677qka8n73ar69fgso1nddv1;profesor;Luis Quiroga;0302570
Sun, 24 Aug 2014 16:31:46 -0500;g60pkttcr4tdggoa8h0e28bap5;profesor;Luis Quiroga;0302570;Edita
Sun, 24 Aug 2014 17:32:53 -0500;g60pkttcr4tdggoa8h0e28bap5;profesor;Luis Quiroga;0302570;Guardar
Sun, 24 Aug 2014 17:40:59 -0500;g60pkttcr4tdggoa8h0e28bap5;profesor;Luis Quiroga;0302570;Guardar
Sun, 24 Aug 2014 17:48:44 -0500;g60pkttcr4tdggoa8h0e28bap5;profesor;Luis Quiroga;0302570;Guardar
Sun, 24 Aug 2014 18:15:11 -0500;g60pkttcr4tdggoa8h0e28bap5;profesor;Luis Quiroga;0302570;Guardar
Sun, 24 Aug 2014 18:20:45 -0500;g60pkttcr4tdggoa8h0e28bap5;profesor;Luis Quiroga;0302570;Guardar
Sun, 24 Aug 2014 18:24:28 -0500;g60pkttcr4tdggoa8h0e28bap5;profesor;Luis Quiroga;0302570;Guardar
Sun, 24 Aug 2014 18:29:13 -0500;g60pkttcr4tdggoa8h0e28bap5;profesor;Luis Quiroga;0302570;Guardar
Sun, 24 Aug 2014 18:39:34 -0500;g60pkttcr4tdggoa8h0e28bap5;profesor;Luis Quiroga;0302570;Guardar
Sun, 24 Aug 2014 18:43:19 -0500;g60pkttcr4tdggoa8h0e28bap5;profesor;Luis Quiroga;0302570;Guardar
Sun, 24 Aug 2014 18:53:58 -0500;g60pkttcr4tdggoa8h0e28bap5;profesor;Luis Quiroga;0302570;Guardar
Sun, 24 Aug 2014 19:24:15 -0500;g60pkttcr4tdggoa8h0e28bap5;profesor;Luis Quiroga;0302570;Guardar
Sun, 24 Aug 2014 19:26:06 -0500;g60pkttcr4tdggoa8h0e28bap5;profesor;Luis Quiroga;0302570;Guardar
Sun, 24 Aug 2014 19:30:34 -0500;g60pkttcr4tdggoa8h0e28bap5;profesor;Luis Quiroga;0302570;Guardar
Sun, 24 Aug 2014 19:39:50 -0500;g60pkttcr4tdggoa8h0e28bap5;profesor;Luis Quiroga;0302570;Edita
Sun, 24 Aug 2014 19:41:09 -0500;g60pkttcr4tdggoa8h0e28bap5;profesor;Luis Quiroga;0302570;Guardar
Sun, 24 Aug 2014 19:43:40 -0500;g60pkttcr4tdggoa8h0e28bap5;profesor;Luis Quiroga;0302570;Guardar
Sun, 24 Aug 2014 19:44:24 -0500;g60pkttcr4tdggoa8h0e28bap5;profesor;Luis Quiroga;0302570;Guardar
Tue, 26 Aug 2014 07:45:13 -0500;dect45c512b111doem9dr7ocf2;profesor;Luis Quiroga;0302570;Edita
Fri, 29 Aug 2014 09:27:31 -0500;0m677qka8n73ar69fgso1nddv1;profesor;Luis Quiroga;0302570;Edita
Fri, 29 Aug 2014 09:33:36 -0500;0m677qka8n73ar69fgso1nddv1;profesor;Luis Quiroga;0302570;Guardar
Fri, 29 Aug 2014 10:33:02 -0500;0m677qka8n73ar69fgso1nddv1;profesor;Luis Quiroga;0302570;Guardar
Fri, 29 Aug 2014 10:42:48 -0500;0m677qka8n73ar69fgso1nddv1;profesor;Luis Quiroga;0302570;Guardar
Fri, 29 Aug 2014 10:43:45 -0500;0m677qka8n73ar69fgso1nddv1;profesor;Luis Quiroga;0302570;Guardar
Fri, 29 Aug 2014 12:00:07 -0500;0m677qka8n73ar69fgso1nddv1;profesor;Luis Quiroga;0302570;Guardar
Fri, 29 Aug 2014 12:09:34 -0500;0m677qka8n73ar69fgso1nddv1;profesor;Luis Quiroga;0302570;Guardar
Fri, 29 Aug 2014 12:10:28 -0500;0m677qka8n73ar69fgso1nddv1;profesor;Luis Quiroga;0302570;Guardar
Fri, 29 Aug 2014 12:47:25 -0500;0m677qka8n73ar69fgso1nddv1;profesor;Luis Quiroga;0302570;Edita
Fri, 29 Aug 2014 12:48:50 -0500;0m677qka8n73ar69fgso1nddv1;profesor;Luis Quiroga;0302570;Guardar
Fri, 29 Aug 2014 15:03:40 -0500;0m677qka8n73ar69fgso1nddv1;profesor;Luis Quiroga;0302570;Guardar
Fri, 29 Aug 2014 15:05:10 -0500;0m677qka8n73ar69fgso1nddv1;profesor;Luis Quiroga;0302570;Guardar
Fri, 29 Aug 2014 15:08:35 -0500;0m677qka8n73ar69fgso1nddv1;profesor;Luis Quiroga;0302570;Guardar
Fri, 29 Aug 2014 15:11:39 -0500;0m677qka8n73ar69fgso1nddv1;profesor;Luis Quiroga;0302570;Guardar
Fri, 29 Aug 2014 15:13:09 -0500;0m677qka8n73ar69fgso1nddv1;profesor;Luis Quiroga;0302570;Guardar
Fri, 29 Aug 2014 15:18:47 -0500;0m677qka8n73ar69fgso1nddv1;profesor;Luis Quiroga;0302570;Guardar
Fri, 29 Aug 2014 15:30:48 -0500;0m677qka8n73ar69fgso1nddv1;profesor;Luis Quiroga;0302570;Guardar
Fri, 29 Aug 2014 15:33:09 -0500;0m677qka8n73ar69fgso1nddv1;profesor;Luis Quiroga;0302570;Guardar
Fri, 29 Aug 2014 18:07:20 -0500;0m677qka8n73ar69fgso1nddv1;profesor;Luis Quiroga;0302570;Edita
Mon, 01 Sep 2014 18:51:42 -0500;ahkm8je2c0m96nsov17ii24ub3;profesor;Luis Quiroga;0302570;Edita
Mon, 01 Sep 2014 18:52:49 -0500;ahkm8je2c0m96nsov17ii24ub3;profesor;Luis Quiroga;0302570;Desbloquea
Mon, 01 Sep 2014 19:10:13 -0500;ahkm8je2c0m96nsov17ii24ub3;profesor;Luis Quiroga;0302570;Guardar
Mon, 01 Sep 2014 19:13:51 -0500;ahkm8je2c0m96nsov17ii24ub3;profesor;Luis Quiroga;0302570;Guardar
Mon, 01 Sep 2014 19:15:34 -0500;ahkm8je2c0m96nsov17ii24ub3;profesor;Luis Quiroga;0302570;Guardar
Mon, 01 Sep 2014 19:17:04 -0500;ahkm8je2c0m96nsov17ii24ub3;profesor;Luis Quiroga;0302570;Guardar
Mon, 01 Sep 2014 19:18:41 -0500;ahkm8je2c0m96nsov17ii24ub3;profesor;Luis Quiroga;0302570;Edita
Mon, 01 Sep 2014 19:19:55 -0500;ahkm8je2c0m96nsov17ii24ub3;profesor;Luis Quiroga;0302570;Guardar
Mon, 01 Sep 2014 19:20:09 -0500;ahkm8je2c0m96nsov17ii24ub3;profesor;Luis Quiroga;0302570;Guardar
Wed, 03 Sep 2014 19:26:34 -0500;ahkm8je2c0m96nsov17ii24ub3;profesor;Luis Quiroga;0302570;Edita
Wed, 03 Sep 2014 19:26:49 -0500;ahkm8je2c0m96nsov17ii24ub3;profesor;Luis Quiroga;0302570;Guardar
Sun, 19 Oct 2014 18:47:34 -0500;6l727acuctdjrdcus7aal7pd31;profesor;Luis Quiroga;0302570;Edita
Sun, 19 Oct 2014 18:57:02 -0500;6l727acuctdjrdcus7aal7pd31;profesor;Luis Quiroga;0302570;Guardar
Sun, 19 Oct 2014 19:49:32 -0500;6l727acuctdjrdcus7aal7pd31;profesor;Luis Quiroga;0302570;Guardar
Sun, 19 Oct 2014 20:03:12 -0500;6l727acuctdjrdcus7aal7pd31;profesor;Luis Quiroga;0302570;Guardar
Fri, 13 Feb 2015 16:20:01 +0000;ef02mnmre41d6ke46cuefian36;admin;Jorge Zuluaga;0302570;Edita
Thu, 10 Sep 2015 09:02:16 -0500;oeeqsv35iak75cg9qeho0kpbh5;profesor;Luis Quiroga;0302570;Edita
Mon, 14 Sep 2015 01:41:05 -0500;5emk0bi29r1t058hsiv36jpf27;admin;Jorge Zuluaga;0302570;Edita
Mon, 14 Sep 2015 01:41:15 -0500;5emk0bi29r1t058hsiv36jpf27;admin;Jorge Zuluaga;0302570;Desbloquea
Mon, 14 Sep 2015 01:41:28 -0500;5emk0bi29r1t058hsiv36jpf27;admin;Jorge Zuluaga;0302570;Guardar
Mon, 14 Sep 2015 01:41:33 -0500;5emk0bi29r1t058hsiv36jpf27;admin;Jorge Zuluaga;0302570;Guardar
Mon, 28 Sep 2015 14:24:00 -0500;m61dn5cmra23bues7qlop0hih5;admin;Jorge Zuluaga;0302570;Edita
Mon, 28 Sep 2015 14:26:57 -0500;m61dn5cmra23bues7qlop0hih5;admin;Jorge Zuluaga;0302570;Guardar
Mon, 28 Sep 2015 14:35:46 -0500;m61dn5cmra23bues7qlop0hih5;admin;Jorge Zuluaga;0302570;Guardar
Mon, 28 Sep 2015 14:38:30 -0500;m61dn5cmra23bues7qlop0hih5;admin;Jorge Zuluaga;0302570;Guardar
Mon, 28 Sep 2015 14:40:37 -0500;m61dn5cmra23bues7qlop0hih5;admin;Jorge Zuluaga;0302570;Guardar
Thu, 01 Oct 2015 06:32:10 -0500;j2gpbrvlgn9lmp9rthp9svlhl5;admin;Jorge Zuluaga;0302570;Edita
Thu, 01 Oct 2015 06:32:27 -0500;j2gpbrvlgn9lmp9rthp9svlhl5;admin;Jorge Zuluaga;0302570;Guardar
Thu, 01 Oct 2015 06:32:28 -0500;j2gpbrvlgn9lmp9rthp9svlhl5;admin;Jorge Zuluaga;0302570;Publicar
Thu, 01 Oct 2015 06:32:30 -0500;j2gpbrvlgn9lmp9rthp9svlhl5;admin;Jorge Zuluaga;0302570;Guardar
Thu, 01 Oct 2015 06:32:52 -0500;j2gpbrvlgn9lmp9rthp9svlhl5;admin;Jorge Zuluaga;0302570;Guardar
Thu, 01 Oct 2015 06:32:54 -0500;j2gpbrvlgn9lmp9rthp9svlhl5;admin;Jorge Zuluaga;0302570;Publicar
