Mon, 11 May 2015 00:14:50 -0500;dpo0k554riedc03h5entoro5e1;admin;Jorge Zuluaga;0302341;Guardar
Wed, 27 May 2015 15:22:08 -0500;mepf94bp6tpttl0i04imv11d65;admin;Jorge Zuluaga;0302341;Edita
Wed, 27 May 2015 15:22:16 -0500;mepf94bp6tpttl0i04imv11d65;admin;Jorge Zuluaga;0302341;Guardar
Wed, 27 May 2015 18:12:47 -0500;mepf94bp6tpttl0i04imv11d65;admin;Jorge Zuluaga;0302341;Edita
Wed, 27 May 2015 18:12:57 -0500;mepf94bp6tpttl0i04imv11d65;admin;Jorge Zuluaga;0302341;Guardar
Tue, 02 Jun 2015 06:21:43 -0500;9tv3q903f11ke3iunf4hj315m4;admin;Jorge Zuluaga;0302341;Edita
Tue, 02 Jun 2015 06:25:53 -0500;9tv3q903f11ke3iunf4hj315m4;admin;Jorge Zuluaga;0302341;Guardar
Mon, 14 Sep 2015 14:45:59 -0500;ib69qb0dbqi5prumrikpvlqaa1;profesor;;0302341;Edita
Mon, 14 Sep 2015 14:51:49 -0500;8de79tga2gjmmaforcubf4l680;profesor;;0302341;Edita
Mon, 14 Sep 2015 14:56:58 -0500;7oodmmaevjoj2toogv63vul764;profesor;Dafne Amaya;0302341;Edita
Mon, 14 Sep 2015 15:05:37 -0500;m7ma26ob7q4olflckv29i28707;profesor;;0302341;Edita
Mon, 14 Sep 2015 15:05:54 -0500;m7ma26ob7q4olflckv29i28707;profesor;;0302341;Desbloquea
Mon, 14 Sep 2015 15:06:11 -0500;m7ma26ob7q4olflckv29i28707;profesor;;0302341;Edita
Mon, 14 Sep 2015 15:45:20 -0500;m7ma26ob7q4olflckv29i28707;profesor;;0302341;Guardar
Mon, 14 Sep 2015 15:58:15 -0500;m7ma26ob7q4olflckv29i28707;profesor;;0302341;Guardar
Mon, 14 Sep 2015 15:58:21 -0500;m7ma26ob7q4olflckv29i28707;profesor;;0302341;Guardar
Wed, 16 Sep 2015 12:47:37 -0500;s6rq8h8aaru2m20v3uiplf33c0;admin;Jorge Zuluaga;0302341;Edita
Wed, 16 Sep 2015 12:47:51 -0500;s6rq8h8aaru2m20v3uiplf33c0;admin;Jorge Zuluaga;0302341;Guardar
Thu, 24 Sep 2015 12:33:16 -0500;k3lo88no7irdl8tpu3hf6nmn87;admin;Jorge Zuluaga;0302341;Edita
Thu, 24 Sep 2015 12:33:36 -0500;k3lo88no7irdl8tpu3hf6nmn87;admin;Jorge Zuluaga;0302341;Guardar
Mon, 28 Sep 2015 08:29:03 -0500;mjq498a3njncon38l9ibeepbu4;admin;Jorge Zuluaga;0302341;Edita
Mon, 28 Sep 2015 08:38:49 -0500;mjq498a3njncon38l9ibeepbu4;admin;Jorge Zuluaga;0302341;Guardar
Mon, 28 Sep 2015 18:43:12 -0500;mjq498a3njncon38l9ibeepbu4;admin;Jorge Zuluaga;0302341;Edita
Mon, 28 Sep 2015 18:46:46 -0500;mjq498a3njncon38l9ibeepbu4;admin;Jorge Zuluaga;0302341;Guardar
Thu, 01 Oct 2015 06:09:51 -0500;j2gpbrvlgn9lmp9rthp9svlhl5;admin;Jorge Zuluaga;0302341;Edita
Thu, 01 Oct 2015 06:10:09 -0500;j2gpbrvlgn9lmp9rthp9svlhl5;admin;Jorge Zuluaga;0302341;Guardar
Thu, 01 Oct 2015 06:10:11 -0500;j2gpbrvlgn9lmp9rthp9svlhl5;admin;Jorge Zuluaga;0302341;Publicar
Thu, 01 Oct 2015 06:10:13 -0500;j2gpbrvlgn9lmp9rthp9svlhl5;admin;Jorge Zuluaga;0302341;Guardar
Thu, 01 Oct 2015 06:11:08 -0500;j2gpbrvlgn9lmp9rthp9svlhl5;admin;Jorge Zuluaga;0302341;Edita
Thu, 01 Oct 2015 06:11:33 -0500;j2gpbrvlgn9lmp9rthp9svlhl5;admin;Jorge Zuluaga;0302341;Guardar
Thu, 01 Oct 2015 06:11:43 -0500;j2gpbrvlgn9lmp9rthp9svlhl5;admin;Jorge Zuluaga;0302341;Guardar
Thu, 01 Oct 2015 06:11:56 -0500;j2gpbrvlgn9lmp9rthp9svlhl5;admin;Jorge Zuluaga;0302341;Guardar
Thu, 01 Oct 2015 06:11:58 -0500;j2gpbrvlgn9lmp9rthp9svlhl5;admin;Jorge Zuluaga;0302341;Publicar
Thu, 01 Oct 2015 06:12:00 -0500;j2gpbrvlgn9lmp9rthp9svlhl5;admin;Jorge Zuluaga;0302341;Guardar
Fri, 22 Jul 2016 16:48:26 -0500;t4o4901tli72vgtrcootmku5l4;profesor;Alejandro Mira Agudelo;0302341;Edita
Fri, 22 Jul 2016 17:13:21 -0500;t4o4901tli72vgtrcootmku5l4;profesor;Alejandro Mira Agudelo;0302341;Guardar
Mon, 25 Jul 2016 17:32:00 -0500;t4o4901tli72vgtrcootmku5l4;profesor;Alejandro Mira Agudelo;0302341;Edita
Mon, 25 Jul 2016 17:46:39 -0500;t4o4901tli72vgtrcootmku5l4;profesor;Alejandro Mira Agudelo;0302341;Guardar
Mon, 25 Jul 2016 18:00:34 -0500;t4o4901tli72vgtrcootmku5l4;profesor;Alejandro Mira Agudelo;0302341;Guardar
