Thu, 21 Aug 2014 15:35:11 -0500;9fgj2c8b10ugvcubd8t063f4k0;fisica;fisica;0302150
Thu, 11 Sep 2014 16:44:49 -0500;u8g3krrslr20oogs6hpvcif455;fisica;fisica;0302150;Edita
Thu, 11 Sep 2014 16:53:13 -0500;u8g3krrslr20oogs6hpvcif455;fisica;fisica;0302150;Edita
Wed, 22 Oct 2014 16:21:36 -0500;2fl4fc2odhkaq72r45otud5qr3;fisica;bernardo arenas;0302150;Edita
Wed, 22 Oct 2014 16:21:59 -0500;2fl4fc2odhkaq72r45otud5qr3;fisica;bernardo arenas;0302150;Desbloquea
Wed, 22 Oct 2014 16:25:56 -0500;2fl4fc2odhkaq72r45otud5qr3;fisica;bernardo arenas;0302150;Guardar
Wed, 22 Oct 2014 16:26:53 -0500;2fl4fc2odhkaq72r45otud5qr3;fisica;bernardo arenas;0302150;Guardar
Wed, 22 Oct 2014 16:27:40 -0500;2fl4fc2odhkaq72r45otud5qr3;fisica;bernardo arenas;0302150;Edita
Wed, 22 Oct 2014 16:30:21 -0500;2fl4fc2odhkaq72r45otud5qr3;fisica;bernardo arenas;0302150;Edita
Wed, 22 Oct 2014 16:31:23 -0500;2fl4fc2odhkaq72r45otud5qr3;fisica;bernardo arenas;0302150;Guardar
Thu, 20 Nov 2014 10:48:52 -0500;999u6rvusb5msldlia9als40c4;fisica;bernardo arenas;0302150;Edita
Fri, 13 Feb 2015 16:18:23 +0000;ef02mnmre41d6ke46cuefian36;admin;Jorge Zuluaga;0302150;Edita
Fri, 13 Feb 2015 17:10:12 +0000;ef02mnmre41d6ke46cuefian36;admin;Jorge Zuluaga;0302150;Edita
Fri, 13 Feb 2015 17:12:43 +0000;ef02mnmre41d6ke46cuefian36;admin;Jorge Zuluaga;0302150;Edita
Fri, 13 Feb 2015 17:26:20 +0000;ef02mnmre41d6ke46cuefian36;admin;Jorge Zuluaga;0302150;Edita
Fri, 13 Feb 2015 17:34:24 +0000;ef02mnmre41d6ke46cuefian36;fisica;Jorge Zuluaga;0302150;Edita
Fri, 13 Feb 2015 17:34:30 +0000;ef02mnmre41d6ke46cuefian36;fisica;Jorge Zuluaga;0302150;Guardar
Fri, 13 Feb 2015 17:35:27 +0000;ef02mnmre41d6ke46cuefian36;fisica;Jorge Zuluaga;0302150;Edita
Fri, 13 Feb 2015 17:35:35 +0000;ef02mnmre41d6ke46cuefian36;fisica;Jorge Zuluaga;0302150;Guardar
Fri, 10 Jul 2015 17:48:55 -0500;c10e4a7nl7rff5mg7epk2p3l46;admin;Jorge Zuluaga;0302150;Edita
Fri, 10 Jul 2015 18:08:37 -0500;c10e4a7nl7rff5mg7epk2p3l46;admin;Jorge Zuluaga;0302150;Guardar
Fri, 17 Jul 2015 11:57:12 -0500;bqgqdevd9cmmp2p4hbk49e7k42;profesor;Jorge Zuluaga;0302150;Edita
Fri, 17 Jul 2015 11:59:32 -0500;bqgqdevd9cmmp2p4hbk49e7k42;profesor;Jorge Zuluaga;0302150;Edita
Fri, 17 Jul 2015 12:04:36 -0500;bqgqdevd9cmmp2p4hbk49e7k42;profesor;Jorge Zuluaga;0302150;Guardar
Fri, 17 Jul 2015 12:05:18 -0500;bqgqdevd9cmmp2p4hbk49e7k42;profesor;Jorge Zuluaga;0302150;Edita
Fri, 17 Jul 2015 12:05:37 -0500;bqgqdevd9cmmp2p4hbk49e7k42;profesor;Jorge Zuluaga;0302150;Edita
Mon, 27 Jul 2015 15:28:28 -0500;133db38lhop4u32069a4r3cj34;admin;Jorge Zuluaga;0302150;Edita
Mon, 27 Jul 2015 15:29:59 -0500;133db38lhop4u32069a4r3cj34;admin;Jorge Zuluaga;0302150;Guardar
Mon, 27 Jul 2015 15:32:18 -0500;133db38lhop4u32069a4r3cj34;admin;Jorge Zuluaga;0302150;Guardar
Mon, 27 Jul 2015 15:32:27 -0500;133db38lhop4u32069a4r3cj34;admin;Jorge Zuluaga;0302150;Guardar
Mon, 27 Jul 2015 15:32:35 -0500;133db38lhop4u32069a4r3cj34;admin;Jorge Zuluaga;0302150;Publicar
Mon, 27 Jul 2015 15:32:37 -0500;133db38lhop4u32069a4r3cj34;admin;Jorge Zuluaga;0302150;Guardar
Tue, 08 Sep 2015 09:25:40 -0500;br58f59b4fi940g62pvls03th6;profesor;Esteban Silva Villa;0302150;Edita
Tue, 15 Sep 2015 06:52:29 -0500;cmuolj73mhhb3l8jgb5ecur314;admin;Jorge Zuluaga;0302150;Edita
Mon, 28 Sep 2015 05:29:49 -0500;rf72ib4hf8n30riufjs128kal4;admin;Jorge Zuluaga;0302150;Edita
Mon, 28 Sep 2015 05:34:40 -0500;rf72ib4hf8n30riufjs128kal4;admin;Jorge Zuluaga;0302150;Guardar
Thu, 01 Oct 2015 04:55:19 -0500;j2gpbrvlgn9lmp9rthp9svlhl5;admin;Jorge Zuluaga;0302150;Edita
Thu, 01 Oct 2015 04:55:38 -0500;j2gpbrvlgn9lmp9rthp9svlhl5;admin;Jorge Zuluaga;0302150;Guardar
Thu, 01 Oct 2015 04:56:46 -0500;j2gpbrvlgn9lmp9rthp9svlhl5;admin;Jorge Zuluaga;0302150;Guardar
Thu, 01 Oct 2015 04:57:49 -0500;j2gpbrvlgn9lmp9rthp9svlhl5;admin;Jorge Zuluaga;0302150;Guardar
Thu, 01 Oct 2015 04:58:46 -0500;j2gpbrvlgn9lmp9rthp9svlhl5;admin;Jorge Zuluaga;0302150;Publicar
