Thu, 07 May 2015 11:51:46 -0500;ll18hk3cfu3od04tl9drb5klu4;admin;Jorge Zuluaga;0300001;Guardar
Thu, 07 May 2015 11:52:05 -0500;ll18hk3cfu3od04tl9drb5klu4;admin;Jorge Zuluaga;0300001;Edita
Thu, 07 May 2015 11:52:58 -0500;ll18hk3cfu3od04tl9drb5klu4;admin;Jorge Zuluaga;0300001;Guardar
Thu, 07 May 2015 11:53:11 -0500;ll18hk3cfu3od04tl9drb5klu4;admin;Jorge Zuluaga;0300001;Edita
Thu, 07 May 2015 11:56:18 -0500;ll18hk3cfu3od04tl9drb5klu4;admin;Jorge Zuluaga;0300001;Edita
Thu, 07 May 2015 11:59:40 -0500;6c3foq990ansln6o5kfuj7rp87;profesor;Felipe Gaitan;0300001;Edita
Thu, 07 May 2015 11:59:45 -0500;6c3foq990ansln6o5kfuj7rp87;profesor;Felipe Gaitan;0300001;Desbloquea
Thu, 07 May 2015 12:00:41 -0500;6c3foq990ansln6o5kfuj7rp87;profesor;Felipe Gaitan;0300001;Guardar
Thu, 07 May 2015 12:09:23 -0500;ll18hk3cfu3od04tl9drb5klu4;admin;Jorge Zuluaga;0300001;Edita
Thu, 07 May 2015 12:11:38 -0500;ll18hk3cfu3od04tl9drb5klu4;admin;Jorge Zuluaga;0300001;Guardar
Mon, 25 May 2015 01:44:19 -0500;nflbj5j41bni08rup5kubnn4c3;profesor;Jorge Zuluaga;0300001;Edita
Mon, 25 May 2015 09:38:29 -0500;tbd9iuutr9q0d482nlj0qea3n0;profesor;Felipe Gaitan;0300001;Edita
Mon, 25 May 2015 13:22:39 -0500;tbd9iuutr9q0d482nlj0qea3n0;profesor;Felipe Gaitan;0300001;Edita
Mon, 25 May 2015 13:23:01 -0500;tbd9iuutr9q0d482nlj0qea3n0;profesor;Felipe Gaitan;0300001;Guardar
Mon, 25 May 2015 13:24:58 -0500;tbd9iuutr9q0d482nlj0qea3n0;profesor;Felipe Gaitan;0300001;Guardar
Mon, 25 May 2015 13:27:07 -0500;tbd9iuutr9q0d482nlj0qea3n0;profesor;Felipe Gaitan;0300001;Guardar
Mon, 25 May 2015 13:29:58 -0500;tbd9iuutr9q0d482nlj0qea3n0;profesor;Felipe Gaitan;0300001;Guardar
Mon, 25 May 2015 13:31:52 -0500;tbd9iuutr9q0d482nlj0qea3n0;profesor;Felipe Gaitan;0300001;Guardar
Mon, 25 May 2015 13:37:50 -0500;tbd9iuutr9q0d482nlj0qea3n0;profesor;Felipe Gaitan;0300001;Guardar
Mon, 25 May 2015 13:52:39 -0500;tbd9iuutr9q0d482nlj0qea3n0;profesor;Felipe Gaitan;0300001;Guardar
Mon, 25 May 2015 14:29:33 -0500;tbd9iuutr9q0d482nlj0qea3n0;profesor;Felipe Gaitan;0300001;Guardar
Mon, 25 May 2015 14:29:51 -0500;tbd9iuutr9q0d482nlj0qea3n0;profesor;Felipe Gaitan;0300001;Guardar
Mon, 25 May 2015 15:22:56 -0500;tbd9iuutr9q0d482nlj0qea3n0;profesor;Felipe Gaitan;0300001;Guardar
Mon, 25 May 2015 17:50:01 -0500;tbd9iuutr9q0d482nlj0qea3n0;profesor;Felipe Gaitan;0300001;Guardar
Mon, 25 May 2015 17:59:30 -0500;tbd9iuutr9q0d482nlj0qea3n0;profesor;Felipe Gaitan;0300001;Guardar
Mon, 25 May 2015 18:38:24 -0500;tbd9iuutr9q0d482nlj0qea3n0;profesor;Felipe Gaitan;0300001;Guardar
Mon, 25 May 2015 18:59:32 -0500;tbd9iuutr9q0d482nlj0qea3n0;profesor;Felipe Gaitan;0300001;Guardar
Mon, 25 May 2015 20:25:58 -0500;tbd9iuutr9q0d482nlj0qea3n0;profesor;Felipe Gaitan;0300001;Guardar
Mon, 25 May 2015 20:26:14 -0500;tbd9iuutr9q0d482nlj0qea3n0;profesor;Felipe Gaitan;0300001;Guardar
Tue, 26 May 2015 16:19:14 -0500;tbd9iuutr9q0d482nlj0qea3n0;profesor;Felipe Gaitan;0300001;Edita
Tue, 26 May 2015 16:30:11 -0500;tbd9iuutr9q0d482nlj0qea3n0;profesor;Felipe Gaitan;0300001;Guardar
Tue, 26 May 2015 16:36:44 -0500;tbd9iuutr9q0d482nlj0qea3n0;profesor;Felipe Gaitan;0300001;Guardar
Wed, 27 May 2015 12:24:21 -0500;tbd9iuutr9q0d482nlj0qea3n0;profesor;Felipe Gaitan;0300001;Edita
Wed, 27 May 2015 13:30:12 -0500;tbd9iuutr9q0d482nlj0qea3n0;profesor;Felipe Gaitan;0300001;Guardar
Wed, 27 May 2015 13:31:26 -0500;tbd9iuutr9q0d482nlj0qea3n0;profesor;Felipe Gaitan;0300001;Guardar
Wed, 27 May 2015 13:32:09 -0500;tbd9iuutr9q0d482nlj0qea3n0;profesor;Felipe Gaitan;0300001;Guardar
Wed, 27 May 2015 13:33:59 -0500;tbd9iuutr9q0d482nlj0qea3n0;profesor;Felipe Gaitan;0300001;Guardar
Wed, 27 May 2015 15:05:18 -0500;3tsdtd9nssjsb518n6a9ddj3t2;admin;Jorge Zuluaga;0300001;Edita
Wed, 27 May 2015 15:05:53 -0500;3tsdtd9nssjsb518n6a9ddj3t2;admin;Jorge Zuluaga;0300001;Edita
Wed, 27 May 2015 15:05:54 -0500;3tsdtd9nssjsb518n6a9ddj3t2;admin;Jorge Zuluaga;0300001;Desbloquea
Wed, 27 May 2015 17:29:26 -0500;3tsdtd9nssjsb518n6a9ddj3t2;fisica;Jorge Zuluaga;0300001;Guardar
Wed, 27 May 2015 17:29:34 -0500;3tsdtd9nssjsb518n6a9ddj3t2;fisica;Jorge Zuluaga;0300001;Guardar
Wed, 27 May 2015 17:32:39 -0500;mepf94bp6tpttl0i04imv11d65;admin;Jorge Zuluaga;0300001;Edita
Wed, 27 May 2015 17:32:41 -0500;mepf94bp6tpttl0i04imv11d65;admin;Jorge Zuluaga;0300001;Desbloquea
Wed, 27 May 2015 17:34:29 -0500;mepf94bp6tpttl0i04imv11d65;admin;Jorge Zuluaga;0300001;Edita
Wed, 27 May 2015 17:34:55 -0500;mepf94bp6tpttl0i04imv11d65;admin;Jorge Zuluaga;0300001;Guardar
Wed, 27 May 2015 17:35:23 -0500;mepf94bp6tpttl0i04imv11d65;admin;Jorge Zuluaga;0300001;Guardar
Wed, 27 May 2015 17:35:39 -0500;mepf94bp6tpttl0i04imv11d65;admin;Jorge Zuluaga;0300001;Guardar
Wed, 27 May 2015 18:20:46 -0500;mepf94bp6tpttl0i04imv11d65;admin;Jorge Zuluaga;0300001;Edita
Wed, 27 May 2015 18:20:54 -0500;mepf94bp6tpttl0i04imv11d65;admin;Jorge Zuluaga;0300001;Guardar
Wed, 27 May 2015 20:43:37 -0500;tbd9iuutr9q0d482nlj0qea3n0;profesor;Felipe Gaitan;0300001;Edita
Wed, 27 May 2015 20:51:10 -0500;tbd9iuutr9q0d482nlj0qea3n0;profesor;Felipe Gaitan;0300001;Guardar
Wed, 27 May 2015 21:09:50 -0500;tbd9iuutr9q0d482nlj0qea3n0;profesor;Felipe Gaitan;0300001;Guardar
Thu, 28 May 2015 08:49:39 -0500;tbd9iuutr9q0d482nlj0qea3n0;profesor;Felipe Gaitan;0300001;Edita
Thu, 28 May 2015 08:55:46 -0500;tbd9iuutr9q0d482nlj0qea3n0;profesor;Felipe Gaitan;0300001;Guardar
Thu, 28 May 2015 11:19:23 -0500;tbd9iuutr9q0d482nlj0qea3n0;profesor;Felipe Gaitan;0300001;Edita
Thu, 28 May 2015 11:32:15 -0500;tbd9iuutr9q0d482nlj0qea3n0;profesor;Felipe Gaitan;0300001;Edita
Fri, 29 May 2015 10:23:30 -0500;tbd9iuutr9q0d482nlj0qea3n0;profesor;Felipe Gaitan;0300001;Edita
Fri, 29 May 2015 10:25:28 -0500;tbd9iuutr9q0d482nlj0qea3n0;profesor;Felipe Gaitan;0300001;Guardar
Fri, 29 May 2015 10:26:48 -0500;tbd9iuutr9q0d482nlj0qea3n0;profesor;Felipe Gaitan;0300001;Guardar
Fri, 29 May 2015 10:27:36 -0500;tbd9iuutr9q0d482nlj0qea3n0;profesor;Felipe Gaitan;0300001;Guardar
Fri, 29 May 2015 10:29:56 -0500;tbd9iuutr9q0d482nlj0qea3n0;profesor;Felipe Gaitan;0300001;Guardar
Fri, 29 May 2015 10:30:41 -0500;tbd9iuutr9q0d482nlj0qea3n0;profesor;Felipe Gaitan;0300001;Guardar
Fri, 29 May 2015 10:32:33 -0500;tbd9iuutr9q0d482nlj0qea3n0;profesor;Felipe Gaitan;0300001;Guardar
Fri, 29 May 2015 10:33:28 -0500;tbd9iuutr9q0d482nlj0qea3n0;profesor;Felipe Gaitan;0300001;Guardar
Fri, 29 May 2015 10:34:51 -0500;tbd9iuutr9q0d482nlj0qea3n0;profesor;Felipe Gaitan;0300001;Guardar
Fri, 29 May 2015 10:34:58 -0500;tbd9iuutr9q0d482nlj0qea3n0;profesor;Felipe Gaitan;0300001;Guardar
Fri, 29 May 2015 10:38:05 -0500;tbd9iuutr9q0d482nlj0qea3n0;profesor;Felipe Gaitan;0300001;Guardar
Fri, 29 May 2015 10:42:58 -0500;tbd9iuutr9q0d482nlj0qea3n0;profesor;Felipe Gaitan;0300001;Guardar
Fri, 29 May 2015 10:43:36 -0500;tbd9iuutr9q0d482nlj0qea3n0;profesor;Felipe Gaitan;0300001;Guardar
Fri, 29 May 2015 10:45:08 -0500;tbd9iuutr9q0d482nlj0qea3n0;profesor;Felipe Gaitan;0300001;Guardar
Fri, 29 May 2015 10:45:28 -0500;tbd9iuutr9q0d482nlj0qea3n0;profesor;Felipe Gaitan;0300001;Guardar
Fri, 29 May 2015 10:46:03 -0500;tbd9iuutr9q0d482nlj0qea3n0;profesor;Felipe Gaitan;0300001;Guardar
Fri, 29 May 2015 10:46:15 -0500;tbd9iuutr9q0d482nlj0qea3n0;profesor;Felipe Gaitan;0300001;Guardar
Fri, 29 May 2015 10:46:27 -0500;tbd9iuutr9q0d482nlj0qea3n0;profesor;Felipe Gaitan;0300001;Guardar
Fri, 29 May 2015 11:03:56 -0500;tbd9iuutr9q0d482nlj0qea3n0;profesor;Felipe Gaitan;0300001;Guardar
Fri, 29 May 2015 11:04:47 -0500;tbd9iuutr9q0d482nlj0qea3n0;profesor;Felipe Gaitan;0300001;Guardar
Fri, 29 May 2015 11:05:49 -0500;tbd9iuutr9q0d482nlj0qea3n0;profesor;Felipe Gaitan;0300001;Edita
Fri, 29 May 2015 15:37:13 -0500;0mjun4jefaov4u1t8shk61v2b4;profesor;Felipe Gaitan;0300001;Edita
Fri, 29 May 2015 15:39:10 -0500;0mjun4jefaov4u1t8shk61v2b4;profesor;Felipe Gaitan;0300001;Guardar
Fri, 29 May 2015 15:39:23 -0500;0mjun4jefaov4u1t8shk61v2b4;profesor;Felipe Gaitan;0300001;Guardar
Fri, 29 May 2015 17:35:33 -0500;0mjun4jefaov4u1t8shk61v2b4;profesor;Felipe Gaitan;0300001;Guardar
Thu, 04 Jun 2015 20:59:48 -0500;lan6e344lc92si14d97hdottj2;profesor;Felipe Gaitan;0300001;Edita
Wed, 10 Jun 2015 14:01:43 -0500;sc8pcr2srhihuf70m6ijf51ij5;admin;Jorge Zuluaga;0300001;Edita
Wed, 10 Jun 2015 14:01:46 -0500;sc8pcr2srhihuf70m6ijf51ij5;admin;Jorge Zuluaga;0300001;Desbloquea
Wed, 10 Jun 2015 14:20:09 -0500;sc8pcr2srhihuf70m6ijf51ij5;admin;Jorge Zuluaga;0300001;Guardar
Wed, 10 Jun 2015 14:24:01 -0500;sc8pcr2srhihuf70m6ijf51ij5;admin;Jorge Zuluaga;0300001;Guardar
Wed, 10 Jun 2015 15:20:55 -0500;ste13d6fljfpnvhuj0ihd2kdi5;profesor;Felipe Gaitan;0300001;Edita
Wed, 10 Jun 2015 16:02:44 -0500;ste13d6fljfpnvhuj0ihd2kdi5;profesor;Felipe Gaitan;0300001;Guardar
Wed, 10 Jun 2015 16:05:05 -0500;ste13d6fljfpnvhuj0ihd2kdi5;profesor;Felipe Gaitan;0300001;Guardar
Wed, 10 Jun 2015 16:06:50 -0500;ste13d6fljfpnvhuj0ihd2kdi5;profesor;Felipe Gaitan;0300001;Guardar
Wed, 10 Jun 2015 16:08:44 -0500;ste13d6fljfpnvhuj0ihd2kdi5;profesor;Felipe Gaitan;0300001;Guardar
Wed, 10 Jun 2015 16:09:58 -0500;ste13d6fljfpnvhuj0ihd2kdi5;profesor;Felipe Gaitan;0300001;Guardar
Wed, 10 Jun 2015 16:11:20 -0500;ste13d6fljfpnvhuj0ihd2kdi5;profesor;Felipe Gaitan;0300001;Guardar
Wed, 10 Jun 2015 16:11:58 -0500;ste13d6fljfpnvhuj0ihd2kdi5;profesor;Felipe Gaitan;0300001;Guardar
Wed, 10 Jun 2015 16:13:03 -0500;ste13d6fljfpnvhuj0ihd2kdi5;profesor;Felipe Gaitan;0300001;Guardar
Wed, 10 Jun 2015 16:13:06 -0500;ste13d6fljfpnvhuj0ihd2kdi5;profesor;Felipe Gaitan;0300001;Guardar
Wed, 10 Jun 2015 16:13:39 -0500;ste13d6fljfpnvhuj0ihd2kdi5;profesor;Felipe Gaitan;0300001;Guardar
