Mon, 11 May 2015 13:40:04 -0500;ed747a4utpd36lbqjtp3f0ilc0;admin;Jorge Zuluaga;0302361;Guardar
Wed, 27 May 2015 18:13:17 -0500;mepf94bp6tpttl0i04imv11d65;admin;Jorge Zuluaga;0302361;Edita
Wed, 27 May 2015 18:13:25 -0500;mepf94bp6tpttl0i04imv11d65;admin;Jorge Zuluaga;0302361;Guardar
Tue, 02 Jun 2015 06:30:04 -0500;9tv3q903f11ke3iunf4hj315m4;admin;Jorge Zuluaga;0302361;Edita
Tue, 02 Jun 2015 06:31:55 -0500;9tv3q903f11ke3iunf4hj315m4;admin;Jorge Zuluaga;0302361;Guardar
Wed, 29 Jul 2015 06:06:05 -0500;v294trtghcsvefdsqfbpa9kns7;profesor;oscar alberto zapata noreña;0302361;Edita
Mon, 03 Aug 2015 08:01:52 -0500;88bq2pekp5bse8d949oir1suk0;profesor;Oscar Zapata;0302361;Edita
Tue, 18 Aug 2015 12:51:53 -0500;88bq2pekp5bse8d949oir1suk0;profesor;Oscar Zapata;0302361;Edita
Tue, 18 Aug 2015 12:59:47 -0500;88bq2pekp5bse8d949oir1suk0;profesor;Oscar Zapata;0302361;Guardar
Tue, 08 Sep 2015 11:35:56 -0500;4af09a30ktk1gmasi1i3mrki47;profesor;huachuan wu;0302361;Edita
Tue, 08 Sep 2015 12:28:50 -0500;4af09a30ktk1gmasi1i3mrki47;profesor;huachuan wu;0302361;Guardar
Fri, 11 Sep 2015 08:09:53 -0500;nbamp7kmo3hjlg88mfq5em5v61;profesor;Oscar Zapata;0302361;Edita
Mon, 14 Sep 2015 02:45:51 -0500;ka17btog101tav4h0s584sogg1;admin;Jorge Zuluaga;0302361;Edita
Mon, 14 Sep 2015 02:46:20 -0500;ka17btog101tav4h0s584sogg1;admin;Jorge Zuluaga;0302361;Guardar
Mon, 28 Sep 2015 18:54:40 -0500;mjq498a3njncon38l9ibeepbu4;admin;Jorge Zuluaga;0302361;Edita
Mon, 28 Sep 2015 18:59:27 -0500;mjq498a3njncon38l9ibeepbu4;admin;Jorge Zuluaga;0302361;Guardar
Mon, 28 Sep 2015 18:59:31 -0500;mjq498a3njncon38l9ibeepbu4;admin;Jorge Zuluaga;0302361;Edita
Mon, 28 Sep 2015 20:01:28 -0500;mjq498a3njncon38l9ibeepbu4;admin;Jorge Zuluaga;0302361;Edita
Thu, 01 Oct 2015 06:51:50 -0500;j2gpbrvlgn9lmp9rthp9svlhl5;admin;Jorge Zuluaga;0302361;Edita
Thu, 01 Oct 2015 06:52:00 -0500;j2gpbrvlgn9lmp9rthp9svlhl5;admin;Jorge Zuluaga;0302361;Guardar
Thu, 01 Oct 2015 06:52:14 -0500;j2gpbrvlgn9lmp9rthp9svlhl5;admin;Jorge Zuluaga;0302361;Guardar
Thu, 01 Oct 2015 06:52:15 -0500;j2gpbrvlgn9lmp9rthp9svlhl5;admin;Jorge Zuluaga;0302361;Publicar
Thu, 01 Oct 2015 06:52:17 -0500;j2gpbrvlgn9lmp9rthp9svlhl5;admin;Jorge Zuluaga;0302361;Guardar
Thu, 01 Oct 2015 06:53:59 -0500;j2gpbrvlgn9lmp9rthp9svlhl5;admin;Jorge Zuluaga;0302361;Edita
Thu, 01 Oct 2015 06:55:07 -0500;j2gpbrvlgn9lmp9rthp9svlhl5;admin;Jorge Zuluaga;0302361;Guardar
Thu, 01 Oct 2015 06:55:09 -0500;j2gpbrvlgn9lmp9rthp9svlhl5;admin;Jorge Zuluaga;0302361;Publicar
Thu, 01 Oct 2015 06:55:11 -0500;j2gpbrvlgn9lmp9rthp9svlhl5;admin;Jorge Zuluaga;0302361;Guardar
Tue, 09 Feb 2016 11:59:35 -0500;gi6mrpopi1m323s1kv6c461si1;profesor;vonderpahlen;0302361;Edita
Tue, 09 Feb 2016 12:04:09 -0500;gi6mrpopi1m323s1kv6c461si1;profesor;vonderpahlen;0302361;Guardar
Tue, 09 Feb 2016 14:37:06 -0500;gi6mrpopi1m323s1kv6c461si1;profesor;vonderpahlen;0302361;Guardar
Tue, 09 Feb 2016 14:39:22 -0500;gi6mrpopi1m323s1kv6c461si1;profesor;vonderpahlen;0302361;Guardar
Tue, 09 Feb 2016 14:41:07 -0500;gi6mrpopi1m323s1kv6c461si1;profesor;vonderpahlen;0302361;Guardar
Tue, 09 Feb 2016 14:41:34 -0500;gi6mrpopi1m323s1kv6c461si1;profesor;vonderpahlen;0302361;Guardar
Tue, 09 Feb 2016 15:28:26 -0500;gi6mrpopi1m323s1kv6c461si1;profesor;vonderpahlen;0302361;Edita
Tue, 09 Feb 2016 16:21:28 -0500;gi6mrpopi1m323s1kv6c461si1;profesor;vonderpahlen;0302361;Guardar
Tue, 09 Feb 2016 17:54:21 -0500;gi6mrpopi1m323s1kv6c461si1;profesor;vonderpahlen;0302361;Edita
Tue, 09 Feb 2016 19:21:45 -0500;gi6mrpopi1m323s1kv6c461si1;profesor;;0302361;Edita
Fri, 12 Feb 2016 15:19:15 -0500;gi6mrpopi1m323s1kv6c461si1;profesor;federico.vonderpahlen;0302361;Edita
Fri, 12 Feb 2016 17:08:24 -0500;gi6mrpopi1m323s1kv6c461si1;profesor;federico.vonderpahlen;0302361;Edita
Fri, 12 Feb 2016 17:10:56 -0500;gi6mrpopi1m323s1kv6c461si1;profesor;federico.vonderpahlen;0302361;Guardar
Fri, 12 Feb 2016 17:20:51 -0500;gi6mrpopi1m323s1kv6c461si1;profesor;federico.vonderpahlen;0302361;Edita
