Fri, 29 Aug 2014 09:29:38 -0500;144oh24pflp5v5p9bin63vtc82;profesor;Pablo Cuartas Restrepo;0311502;Edita
Fri, 29 Aug 2014 09:38:06 -0500;144oh24pflp5v5p9bin63vtc82;profesor;Pablo Cuartas Restrepo;0311502;Guardar
Fri, 29 Aug 2014 10:01:51 -0500;144oh24pflp5v5p9bin63vtc82;profesor;Pablo Cuartas Restrepo;0311502;Guardar
Fri, 29 Aug 2014 10:07:52 -0500;144oh24pflp5v5p9bin63vtc82;profesor;Pablo Cuartas Restrepo;0311502;Guardar
Fri, 29 Aug 2014 10:08:50 -0500;144oh24pflp5v5p9bin63vtc82;profesor;Pablo Cuartas Restrepo;0311502;Guardar
Fri, 29 Aug 2014 10:09:34 -0500;144oh24pflp5v5p9bin63vtc82;profesor;Pablo Cuartas Restrepo;0311502;Guardar
Fri, 29 Aug 2014 10:11:18 -0500;144oh24pflp5v5p9bin63vtc82;profesor;Pablo Cuartas Restrepo;0311502;Guardar
Fri, 29 Aug 2014 10:13:22 -0500;144oh24pflp5v5p9bin63vtc82;profesor;Pablo Cuartas Restrepo;0311502;Guardar
Fri, 29 Aug 2014 10:20:46 -0500;144oh24pflp5v5p9bin63vtc82;profesor;Pablo Cuartas Restrepo;0311502;Guardar
Fri, 29 Aug 2014 10:34:50 -0500;144oh24pflp5v5p9bin63vtc82;profesor;Pablo Cuartas Restrepo;0311502;Guardar
Fri, 29 Aug 2014 10:40:29 -0500;144oh24pflp5v5p9bin63vtc82;profesor;Pablo Cuartas Restrepo;0311502;Guardar
Fri, 29 Aug 2014 10:40:56 -0500;144oh24pflp5v5p9bin63vtc82;profesor;Pablo Cuartas Restrepo;0311502;Edita
Mon, 01 Sep 2014 11:11:29 -0500;e8duo65jvgooflv03hmbe7sh17;profesor;Esteban Silva Villa;0311502;Edita
Tue, 02 Sep 2014 12:20:44 -0500;30goenm72hqh1uqnmmeeoljec0;profesor;Pablo Cuartas Restrepo;0311502;Edita
Mon, 08 Sep 2014 14:17:14 -0500;lja95nji2jpuq1jlcqi817bg21;profesor;Pablo Cuartas Restrepo;0311502;Edita
Mon, 08 Sep 2014 14:17:40 -0500;lja95nji2jpuq1jlcqi817bg21;profesor;Pablo Cuartas Restrepo;0311502;Desbloquea
Mon, 08 Sep 2014 14:17:50 -0500;lja95nji2jpuq1jlcqi817bg21;profesor;Pablo Cuartas Restrepo;0311502;Edita
Mon, 08 Sep 2014 14:18:39 -0500;lja95nji2jpuq1jlcqi817bg21;profesor;Pablo Cuartas Restrepo;0311502;Edita
Mon, 08 Sep 2014 14:24:44 -0500;lja95nji2jpuq1jlcqi817bg21;profesor;Pablo Cuartas Restrepo;0311502;Guardar
Mon, 08 Sep 2014 14:27:43 -0500;lja95nji2jpuq1jlcqi817bg21;profesor;Pablo Cuartas Restrepo;0311502;Guardar
Mon, 08 Sep 2014 14:32:37 -0500;lja95nji2jpuq1jlcqi817bg21;profesor;Pablo Cuartas Restrepo;0311502;Guardar
Mon, 08 Sep 2014 14:43:05 -0500;lja95nji2jpuq1jlcqi817bg21;profesor;Pablo Cuartas Restrepo;0311502;Guardar
Mon, 08 Sep 2014 14:44:14 -0500;lja95nji2jpuq1jlcqi817bg21;profesor;Pablo Cuartas Restrepo;0311502;Guardar
Mon, 08 Sep 2014 14:44:29 -0500;lja95nji2jpuq1jlcqi817bg21;profesor;Pablo Cuartas Restrepo;0311502;Guardar
Mon, 08 Sep 2014 14:50:17 -0500;lja95nji2jpuq1jlcqi817bg21;profesor;Pablo Cuartas Restrepo;0311502;Guardar
Mon, 08 Sep 2014 14:50:59 -0500;lja95nji2jpuq1jlcqi817bg21;profesor;Pablo Cuartas Restrepo;0311502;Guardar
Mon, 08 Sep 2014 14:53:39 -0500;lja95nji2jpuq1jlcqi817bg21;profesor;Pablo Cuartas Restrepo;0311502;Guardar
Mon, 08 Sep 2014 14:57:58 -0500;lja95nji2jpuq1jlcqi817bg21;profesor;Pablo Cuartas Restrepo;0311502;Guardar
