Tue, 23 Jun 2015 19:25:38 -0500;bblrt3mjtq4t45csegf017oeu3;admin;Duvan Herrera;0300000;Guardar
Tue, 23 Jun 2015 19:25:44 -0500;bblrt3mjtq4t45csegf017oeu3;admin;Duvan Herrera;0300000;Edita
Tue, 23 Jun 2015 19:28:50 -0500;bblrt3mjtq4t45csegf017oeu3;admin;Duvan Herrera;0300000;Edita
Tue, 23 Jun 2015 19:39:47 -0500;bblrt3mjtq4t45csegf017oeu3;admin;Duvan Herrera;0300000;Edita
Tue, 30 Jun 2015 19:57:15 -0500;fgruh3a10sjeplovuaki5nn4f4;admin;Duvan Herrera;0300000;Edita
Tue, 30 Jun 2015 20:13:44 -0500;2gl1sdtoqgkltong1i0l8rkqr2;admin;Duvan Herrera;0300000;Edita
Tue, 30 Jun 2015 20:13:50 -0500;2gl1sdtoqgkltong1i0l8rkqr2;admin;Duvan Herrera;0300000;Desbloquea
Tue, 30 Jun 2015 20:35:45 -0500;2gl1sdtoqgkltong1i0l8rkqr2;admin;Duvan Herrera;0300000;Edita
Tue, 30 Jun 2015 21:02:31 -0500;2gl1sdtoqgkltong1i0l8rkqr2;admin;Duvan Herrera;0300000;Edita
Tue, 30 Jun 2015 21:32:12 -0500;2gl1sdtoqgkltong1i0l8rkqr2;admin;Duvan Herrera;0300000;Edita
Tue, 30 Jun 2015 21:48:28 -0500;2gl1sdtoqgkltong1i0l8rkqr2;admin;Duvan Herrera;0300000;Edita
Tue, 30 Jun 2015 22:12:15 -0500;2gl1sdtoqgkltong1i0l8rkqr2;admin;Duvan Herrera;0300000;Edita
Mon, 06 Jul 2015 13:03:44 -0500;t48nd7ujas5m90u71eck4jvl77;admin;Duvan Herrera;0300000;Edita
Mon, 06 Jul 2015 13:03:53 -0500;t48nd7ujas5m90u71eck4jvl77;admin;Duvan Herrera;0300000;Desbloquea
Mon, 06 Jul 2015 13:44:07 -0500;t48nd7ujas5m90u71eck4jvl77;admin;Duvan Herrera;0300000;Edita
Mon, 06 Jul 2015 14:11:04 -0500;t48nd7ujas5m90u71eck4jvl77;admin;Duvan Herrera;0300000;Edita
Mon, 06 Jul 2015 14:11:53 -0500;t48nd7ujas5m90u71eck4jvl77;admin;Duvan Herrera;0300000;Edita
Thu, 09 Jul 2015 11:52:11 -0500;r6oijcqlt5t4a75r83epal1176;admin;Duvan Herrera;0300000;Desbloquea
Thu, 09 Jul 2015 11:52:27 -0500;r6oijcqlt5t4a75r83epal1176;admin;Duvan Herrera;0300000;Desbloquea
Thu, 09 Jul 2015 11:52:29 -0500;r6oijcqlt5t4a75r83epal1176;admin;Duvan Herrera;0300000;Guardar
Thu, 09 Jul 2015 11:53:46 -0500;r6oijcqlt5t4a75r83epal1176;admin;Duvan Herrera;0300000;Desbloquea
