Sat, 09 May 2015 17:07:47 -0500;4ieo21ivkuj2s5kkcdek44a7o4;admin;Jorge Zuluaga;0302314;Guardar
Wed, 27 May 2015 18:10:57 -0500;mepf94bp6tpttl0i04imv11d65;admin;Jorge Zuluaga;0302314;Edita
Wed, 27 May 2015 18:11:04 -0500;mepf94bp6tpttl0i04imv11d65;admin;Jorge Zuluaga;0302314;Guardar
Fri, 29 May 2015 18:57:57 -0500;3tsdtd9nssjsb518n6a9ddj3t2;admin;Jorge Zuluaga;0302314;Edita
Fri, 29 May 2015 18:59:01 -0500;3tsdtd9nssjsb518n6a9ddj3t2;admin;Jorge Zuluaga;0302314;Guardar
Fri, 29 May 2015 18:59:23 -0500;3tsdtd9nssjsb518n6a9ddj3t2;admin;Jorge Zuluaga;0302314;Edita
Fri, 29 May 2015 18:59:29 -0500;3tsdtd9nssjsb518n6a9ddj3t2;admin;Jorge Zuluaga;0302314;Guardar
Thu, 11 Jun 2015 10:34:43 -0500;qm5gofu92fmmarcmueg265hh40;admin;Jorge Zuluaga;0302314;Edita
Thu, 11 Jun 2015 10:34:48 -0500;qm5gofu92fmmarcmueg265hh40;admin;Jorge Zuluaga;0302314;Publicar
Tue, 08 Sep 2015 09:34:28 -0500;ao0e0vj9utkmsu7g8d5de14kr2;profesor;Nelson Vanegas;0302314;Edita
Mon, 14 Sep 2015 11:44:25 -0500;vjrcunqm2o4ed7q7gumbcqk8q2;profesor;;0302314;Edita
Mon, 14 Sep 2015 11:44:30 -0500;vjrcunqm2o4ed7q7gumbcqk8q2;profesor;;0302314;Desbloquea
Mon, 14 Sep 2015 12:01:31 -0500;vjrcunqm2o4ed7q7gumbcqk8q2;profesor;;0302314;Guardar
Mon, 28 Sep 2015 09:15:48 -0500;mjq498a3njncon38l9ibeepbu4;admin;Jorge Zuluaga;0302314;Edita
Mon, 28 Sep 2015 12:14:58 -0500;mjq498a3njncon38l9ibeepbu4;admin;;0302314;Edita
Mon, 28 Sep 2015 12:19:28 -0500;mjq498a3njncon38l9ibeepbu4;admin;;0302314;Edita
Mon, 28 Sep 2015 12:25:17 -0500;mjq498a3njncon38l9ibeepbu4;admin;;0302314;Guardar
Mon, 28 Sep 2015 12:25:28 -0500;mjq498a3njncon38l9ibeepbu4;admin;;0302314;Edita
Mon, 28 Sep 2015 12:25:33 -0500;mjq498a3njncon38l9ibeepbu4;admin;;0302314;Guardar
Mon, 28 Sep 2015 12:25:59 -0500;mjq498a3njncon38l9ibeepbu4;admin;Jorge Zuluaga;0302314;Edita
Mon, 28 Sep 2015 12:29:55 -0500;mjq498a3njncon38l9ibeepbu4;admin;Jorge Zuluaga;0302314;Guardar
Mon, 28 Sep 2015 12:30:25 -0500;mjq498a3njncon38l9ibeepbu4;admin;Jorge Zuluaga;0302314;Guardar
Thu, 01 Oct 2015 06:08:33 -0500;j2gpbrvlgn9lmp9rthp9svlhl5;admin;Jorge Zuluaga;0302314;Edita
Thu, 01 Oct 2015 06:08:58 -0500;j2gpbrvlgn9lmp9rthp9svlhl5;admin;Jorge Zuluaga;0302314;Guardar
Thu, 01 Oct 2015 06:08:59 -0500;j2gpbrvlgn9lmp9rthp9svlhl5;admin;Jorge Zuluaga;0302314;Publicar
