Wed, 13 May 2015 10:21:32 -0500;phc3bih0vu3on46025ielt0t45;admin;Jorge Zuluaga;0302470;Guardar
Wed, 27 May 2015 18:16:50 -0500;mepf94bp6tpttl0i04imv11d65;admin;Jorge Zuluaga;0302470;Edita
Wed, 27 May 2015 18:17:04 -0500;mepf94bp6tpttl0i04imv11d65;admin;Jorge Zuluaga;0302470;Guardar
Tue, 02 Jun 2015 07:18:52 -0500;9tv3q903f11ke3iunf4hj315m4;admin;Jorge Zuluaga;0302470;Edita
Tue, 02 Jun 2015 07:21:53 -0500;9tv3q903f11ke3iunf4hj315m4;admin;Jorge Zuluaga;0302470;Guardar
Tue, 02 Jun 2015 08:10:32 -0500;9tv3q903f11ke3iunf4hj315m4;admin;Jorge Zuluaga;0302470;Edita
Tue, 02 Jun 2015 08:10:38 -0500;9tv3q903f11ke3iunf4hj315m4;admin;Jorge Zuluaga;0302470;Guardar
Wed, 29 Jul 2015 11:01:19 -0500;29d0r149t3amnremhafm3g5tk7;profesor;Johans Restrepo;0302470;Edita
Wed, 29 Jul 2015 12:11:31 -0500;29d0r149t3amnremhafm3g5tk7;profesor;Johans Restrepo;0302470;Guardar
Tue, 08 Sep 2015 10:37:22 -0500;3lppn1j5g9kr2a83flfalfrtf2;profesor;johans.restrepo;0302470;Edita
Wed, 09 Sep 2015 10:33:34 -0500;3lppn1j5g9kr2a83flfalfrtf2;profesor;Johans Restrepo;0302470;Edita
Wed, 09 Sep 2015 10:34:26 -0500;3lppn1j5g9kr2a83flfalfrtf2;profesor;Johans Restrepo;0302470;Guardar
Fri, 11 Sep 2015 09:59:45 -0500;3lppn1j5g9kr2a83flfalfrtf2;profesor;Johans Restrepo;0302470;Edita
Fri, 11 Sep 2015 10:02:33 -0500;3lppn1j5g9kr2a83flfalfrtf2;profesor;Johans Restrepo;0302470;Guardar
Fri, 11 Sep 2015 10:02:58 -0500;3lppn1j5g9kr2a83flfalfrtf2;profesor;Johans Restrepo;0302470;Edita
Fri, 11 Sep 2015 10:27:36 -0500;3lppn1j5g9kr2a83flfalfrtf2;profesor;Johans Restrepo;0302470;Guardar
Fri, 11 Sep 2015 10:28:32 -0500;3lppn1j5g9kr2a83flfalfrtf2;profesor;Johans Restrepo;0302470;Edita
Fri, 11 Sep 2015 10:30:03 -0500;3lppn1j5g9kr2a83flfalfrtf2;profesor;Johans Restrepo;0302470;Guardar
Fri, 11 Sep 2015 10:30:20 -0500;3lppn1j5g9kr2a83flfalfrtf2;profesor;Johans Restrepo;0302470;Edita
Fri, 11 Sep 2015 10:31:24 -0500;3lppn1j5g9kr2a83flfalfrtf2;profesor;Johans Restrepo;0302470;Guardar
Fri, 11 Sep 2015 10:31:40 -0500;3lppn1j5g9kr2a83flfalfrtf2;profesor;Johans Restrepo;0302470;Edita
Fri, 11 Sep 2015 13:59:34 -0500;3lppn1j5g9kr2a83flfalfrtf2;profesor;Johans Restrepo Cárdenas;0302470;Edita
Fri, 11 Sep 2015 14:07:23 -0500;3lppn1j5g9kr2a83flfalfrtf2;profesor;Johans Restrepo Cárdenas;0302470;Guardar
Fri, 11 Sep 2015 14:07:30 -0500;3lppn1j5g9kr2a83flfalfrtf2;profesor;Johans Restrepo Cárdenas;0302470;Edita
Fri, 11 Sep 2015 14:08:47 -0500;3lppn1j5g9kr2a83flfalfrtf2;profesor;Johans Restrepo Cárdenas;0302470;Guardar
Fri, 11 Sep 2015 14:08:50 -0500;3lppn1j5g9kr2a83flfalfrtf2;profesor;Johans Restrepo Cárdenas;0302470;Guardar
Fri, 11 Sep 2015 14:08:59 -0500;3lppn1j5g9kr2a83flfalfrtf2;profesor;Johans Restrepo Cárdenas;0302470;Edita
Fri, 11 Sep 2015 14:15:54 -0500;3lppn1j5g9kr2a83flfalfrtf2;profesor;Johans Restrepo Cárdenas;0302470;Edita
