Mon, 25 May 2015 08:00:52 -0500;nflbj5j41bni08rup5kubnn4c3;admin;Jorge Zuluaga;0300100;Guardar
Wed, 27 May 2015 15:21:39 -0500;mepf94bp6tpttl0i04imv11d65;admin;Jorge Zuluaga;0300100;Edita
Wed, 27 May 2015 15:21:51 -0500;mepf94bp6tpttl0i04imv11d65;admin;Jorge Zuluaga;0300100;Guardar
Wed, 27 May 2015 15:39:47 -0500;mepf94bp6tpttl0i04imv11d65;admin;Jorge Zuluaga;0300100;Edita
Wed, 27 May 2015 15:40:24 -0500;mepf94bp6tpttl0i04imv11d65;admin;Jorge Zuluaga;0300100;Edita
Wed, 27 May 2015 15:40:37 -0500;mepf94bp6tpttl0i04imv11d65;admin;Jorge Zuluaga;0300100;Guardar
Wed, 27 May 2015 15:46:31 -0500;mepf94bp6tpttl0i04imv11d65;admin;Jorge Zuluaga;0300100;Edita
Wed, 27 May 2015 15:55:43 -0500;mepf94bp6tpttl0i04imv11d65;admin;Jorge Zuluaga;0300100;Edita
Wed, 27 May 2015 15:56:20 -0500;mepf94bp6tpttl0i04imv11d65;admin;Jorge Zuluaga;0300100;Edita
Wed, 27 May 2015 15:57:32 -0500;mepf94bp6tpttl0i04imv11d65;fisica;Jorge Zuluaga;0300100;Edita
Wed, 27 May 2015 16:04:38 -0500;mepf94bp6tpttl0i04imv11d65;admin;Jorge Zuluaga;0300100;Edita
Wed, 27 May 2015 16:06:09 -0500;mepf94bp6tpttl0i04imv11d65;admin;Jorge Zuluaga;0300100;Edita
Wed, 27 May 2015 16:34:31 -0500;mepf94bp6tpttl0i04imv11d65;admin;Jorge Zuluaga;0300100;Edita
Wed, 27 May 2015 16:34:51 -0500;mepf94bp6tpttl0i04imv11d65;admin;Jorge Zuluaga;0300100;Edita
Wed, 27 May 2015 16:37:31 -0500;mepf94bp6tpttl0i04imv11d65;admin;Jorge Zuluaga;0300100;Edita
Wed, 27 May 2015 16:37:34 -0500;mepf94bp6tpttl0i04imv11d65;admin;Jorge Zuluaga;0300100;Guardar
Wed, 27 May 2015 16:37:56 -0500;mepf94bp6tpttl0i04imv11d65;admin;Jorge Zuluaga;0300100;Edita
Wed, 27 May 2015 16:37:57 -0500;mepf94bp6tpttl0i04imv11d65;admin;Jorge Zuluaga;0300100;Guardar
Wed, 27 May 2015 16:38:03 -0500;mepf94bp6tpttl0i04imv11d65;admin;Jorge Zuluaga;0300100;Edita
Wed, 27 May 2015 16:38:28 -0500;mepf94bp6tpttl0i04imv11d65;admin;Jorge Zuluaga;0300100;Guardar
Wed, 27 May 2015 16:38:45 -0500;mepf94bp6tpttl0i04imv11d65;admin;Jorge Zuluaga;0300100;Guardar
Wed, 27 May 2015 16:39:01 -0500;mepf94bp6tpttl0i04imv11d65;admin;Jorge Zuluaga;0300100;Guardar
Wed, 27 May 2015 16:55:39 -0500;3tsdtd9nssjsb518n6a9ddj3t2;profesor;Jorge Zuluaga;0300100;Edita
Wed, 27 May 2015 16:56:15 -0500;3tsdtd9nssjsb518n6a9ddj3t2;profesor;Jorge Zuluaga;0300100;Guardar
Wed, 27 May 2015 16:59:33 -0500;3tsdtd9nssjsb518n6a9ddj3t2;profesor;Jorge Zuluaga;0300100;Guardar
Wed, 27 May 2015 17:07:57 -0500;mepf94bp6tpttl0i04imv11d65;admin;Jorge Zuluaga;0300100;Edita
Wed, 27 May 2015 17:08:01 -0500;mepf94bp6tpttl0i04imv11d65;admin;Jorge Zuluaga;0300100;Desbloquea
Wed, 27 May 2015 17:53:09 -0500;3tsdtd9nssjsb518n6a9ddj3t2;fisica;Jorge Zuluaga;0300100;Edita
Wed, 27 May 2015 17:53:23 -0500;3tsdtd9nssjsb518n6a9ddj3t2;fisica;Jorge Zuluaga;0300100;Guardar
Fri, 12 Jun 2015 13:20:06 -0500;5beef0r7rbqsfbi5l61q2i1b15;profesor;Jorge Zuluaga;0300100;Edita
Fri, 12 Jun 2015 13:21:07 -0500;5beef0r7rbqsfbi5l61q2i1b15;profesor;Jorge Zuluaga;0300100;Edita
Fri, 12 Jun 2015 22:27:23 -0500;lq6o7dc8p9diasre2rimbkirt0;profesor;Antonio Romano;0300100;Edita
Fri, 12 Jun 2015 22:28:42 -0500;q1ec2va5fqurau8rul9ljnvsn3;profesor;Antonio Romano;0300100;Edita
Fri, 12 Jun 2015 22:29:17 -0500;q1ec2va5fqurau8rul9ljnvsn3;profesor;Antonio Romano;0300100;Edita
Sat, 13 Jun 2015 03:56:02 -0500;q1ec2va5fqurau8rul9ljnvsn3;profesor;Antonio Romano;0300100;Edita
Sat, 13 Jun 2015 03:56:14 -0500;q1ec2va5fqurau8rul9ljnvsn3;profesor;Antonio Romano;0300100;Edita
Sat, 13 Jun 2015 03:57:11 -0500;q1ec2va5fqurau8rul9ljnvsn3;profesor;Antonio Romano;0300100;Edita
Sat, 13 Jun 2015 04:10:47 -0500;plepse4resbfvu1d7ceif3hjt6;profesor;Antonio Romano;0300100;Edita
Sat, 13 Jun 2015 04:24:40 -0500;plepse4resbfvu1d7ceif3hjt6;profesor;Antonio Romano;0300100;Edita
Sat, 13 Jun 2015 04:28:46 -0500;q1ec2va5fqurau8rul9ljnvsn3;profesor;Antonio Romano;0300100;Edita
Sat, 13 Jun 2015 04:29:15 -0500;q1ec2va5fqurau8rul9ljnvsn3;profesor;Antonio Romano;0300100;Desbloquea
Mon, 27 Jul 2015 10:33:28 -0500;e2g516bouacoua49qpdknjl884;profesor;Antonio Romano;0300100;Edita
Mon, 27 Jul 2015 11:45:58 -0500;e2g516bouacoua49qpdknjl884;profesor;Antonio Romano;0300100;Guardar
