Mon, 11 May 2015 13:46:56 -0500;ed747a4utpd36lbqjtp3f0ilc0;admin;Jorge Zuluaga;0302408;Guardar
Wed, 27 May 2015 18:13:51 -0500;mepf94bp6tpttl0i04imv11d65;admin;Jorge Zuluaga;0302408;Edita
Wed, 27 May 2015 18:14:04 -0500;mepf94bp6tpttl0i04imv11d65;admin;Jorge Zuluaga;0302408;Edita
Wed, 27 May 2015 18:14:09 -0500;mepf94bp6tpttl0i04imv11d65;admin;Jorge Zuluaga;0302408;Guardar
Tue, 02 Jun 2015 06:34:11 -0500;9tv3q903f11ke3iunf4hj315m4;admin;Jorge Zuluaga;0302408;Edita
Tue, 02 Jun 2015 06:35:25 -0500;9tv3q903f11ke3iunf4hj315m4;admin;Jorge Zuluaga;0302408;Guardar
Tue, 08 Sep 2015 09:38:58 -0500;ao0e0vj9utkmsu7g8d5de14kr2;profesor;Nelson Vanegas;0302408;Edita
Mon, 14 Sep 2015 08:33:58 -0500;k416i1ap6dilhiepljkgqd6br3;profesor;Nn;0302408;Edita
Mon, 14 Sep 2015 08:34:53 -0500;k416i1ap6dilhiepljkgqd6br3;profesor;Nn;0302408;Desbloquea
Mon, 14 Sep 2015 10:56:18 -0500;vjrcunqm2o4ed7q7gumbcqk8q2;profesor;;0302408;Edita
Mon, 14 Sep 2015 11:02:19 -0500;vjrcunqm2o4ed7q7gumbcqk8q2;profesor;;0302408;Guardar
Mon, 14 Sep 2015 11:05:52 -0500;vjrcunqm2o4ed7q7gumbcqk8q2;profesor;;0302408;Guardar
Mon, 14 Sep 2015 11:07:09 -0500;vjrcunqm2o4ed7q7gumbcqk8q2;profesor;;0302408;Guardar
Mon, 14 Sep 2015 11:07:49 -0500;vjrcunqm2o4ed7q7gumbcqk8q2;profesor;;0302408;Guardar
Mon, 14 Sep 2015 11:10:36 -0500;vjrcunqm2o4ed7q7gumbcqk8q2;profesor;;0302408;Guardar
Mon, 14 Sep 2015 11:11:44 -0500;vjrcunqm2o4ed7q7gumbcqk8q2;profesor;;0302408;Guardar
Mon, 14 Sep 2015 11:12:33 -0500;vjrcunqm2o4ed7q7gumbcqk8q2;profesor;;0302408;Guardar
Mon, 14 Sep 2015 11:13:46 -0500;vjrcunqm2o4ed7q7gumbcqk8q2;profesor;;0302408;Guardar
Mon, 14 Sep 2015 11:15:03 -0500;vjrcunqm2o4ed7q7gumbcqk8q2;profesor;;0302408;Guardar
Mon, 14 Sep 2015 11:17:39 -0500;vjrcunqm2o4ed7q7gumbcqk8q2;profesor;;0302408;Guardar
Mon, 14 Sep 2015 11:19:17 -0500;vjrcunqm2o4ed7q7gumbcqk8q2;profesor;;0302408;Guardar
Mon, 14 Sep 2015 11:22:43 -0500;vjrcunqm2o4ed7q7gumbcqk8q2;profesor;;0302408;Guardar
Mon, 14 Sep 2015 11:24:18 -0500;vjrcunqm2o4ed7q7gumbcqk8q2;profesor;;0302408;Guardar
Mon, 14 Sep 2015 11:30:33 -0500;vjrcunqm2o4ed7q7gumbcqk8q2;profesor;;0302408;Guardar
Mon, 14 Sep 2015 11:31:47 -0500;vjrcunqm2o4ed7q7gumbcqk8q2;profesor;;0302408;Guardar
Mon, 14 Sep 2015 11:35:49 -0500;vjrcunqm2o4ed7q7gumbcqk8q2;profesor;;0302408;Guardar
Mon, 14 Sep 2015 11:39:22 -0500;vjrcunqm2o4ed7q7gumbcqk8q2;profesor;;0302408;Guardar
Mon, 14 Sep 2015 11:40:04 -0500;vjrcunqm2o4ed7q7gumbcqk8q2;profesor;;0302408;Guardar
Mon, 14 Sep 2015 11:42:38 -0500;vjrcunqm2o4ed7q7gumbcqk8q2;profesor;;0302408;Guardar
Mon, 14 Sep 2015 11:42:52 -0500;vjrcunqm2o4ed7q7gumbcqk8q2;profesor;;0302408;Guardar
Tue, 15 Sep 2015 07:50:00 -0500;cmuolj73mhhb3l8jgb5ecur314;admin;Jorge Zuluaga;0302408;Edita
Tue, 15 Sep 2015 07:50:15 -0500;cmuolj73mhhb3l8jgb5ecur314;admin;Jorge Zuluaga;0302408;Guardar
Mon, 28 Sep 2015 15:18:11 -0500;m61dn5cmra23bues7qlop0hih5;admin;Jorge Zuluaga;0302408;Edita
Mon, 28 Sep 2015 15:25:07 -0500;m61dn5cmra23bues7qlop0hih5;admin;Jorge Zuluaga;0302408;Guardar
Mon, 28 Sep 2015 15:27:11 -0500;m61dn5cmra23bues7qlop0hih5;admin;Jorge Zuluaga;0302408;Guardar
Mon, 28 Sep 2015 18:14:36 -0500;mjq498a3njncon38l9ibeepbu4;admin;Jorge Zuluaga;0302408;Edita
Mon, 28 Sep 2015 18:20:44 -0500;mjq498a3njncon38l9ibeepbu4;admin;Jorge Zuluaga;0302408;Edita
Thu, 01 Oct 2015 06:55:39 -0500;j2gpbrvlgn9lmp9rthp9svlhl5;admin;Jorge Zuluaga;0302408;Edita
Thu, 01 Oct 2015 06:56:05 -0500;j2gpbrvlgn9lmp9rthp9svlhl5;admin;Jorge Zuluaga;0302408;Guardar
Thu, 01 Oct 2015 07:00:56 -0500;j2gpbrvlgn9lmp9rthp9svlhl5;admin;Jorge Zuluaga;0302408;Publicar
