Sun, 10 May 2015 22:39:14 -0500;q29s3js46r7jae3p11ld8ul1t6;admin;Jorge Zuluaga;0302330;Guardar
Wed, 27 May 2015 18:11:24 -0500;mepf94bp6tpttl0i04imv11d65;admin;Jorge Zuluaga;0302330;Edita
Wed, 27 May 2015 18:11:40 -0500;mepf94bp6tpttl0i04imv11d65;admin;Jorge Zuluaga;0302330;Guardar
Sat, 30 May 2015 13:43:51 -0500;uucnltj3e7htqvnrlv5b639nu5;admin;Jorge Zuluaga;0302330;Edita
Sat, 30 May 2015 13:45:16 -0500;uucnltj3e7htqvnrlv5b639nu5;admin;Jorge Zuluaga;0302330;Guardar
Sat, 30 May 2015 13:45:59 -0500;uucnltj3e7htqvnrlv5b639nu5;admin;Jorge Zuluaga;0302330;Guardar
Sat, 30 May 2015 13:46:35 -0500;uucnltj3e7htqvnrlv5b639nu5;admin;Jorge Zuluaga;0302330;Edita
Sat, 30 May 2015 13:46:44 -0500;uucnltj3e7htqvnrlv5b639nu5;admin;Jorge Zuluaga;0302330;Guardar
Tue, 04 Aug 2015 16:43:46 -0500;t0ndhutsktgpt14fjdjhkeji61;profesor;John Jairo Zuluaga Quintero;0302330;Edita
Wed, 05 Aug 2015 17:25:23 -0500;jqvfkfohf8g6efpmmrf90l2ta4;profesor;Jorge Zuluaga;0302330;Edita
Fri, 04 Sep 2015 09:20:21 -0500;j9hgvm06kckk1eiis4ihddjjs0;profesor;johnjairozuluagaquintero;0302330;Edita
Fri, 04 Sep 2015 09:21:17 -0500;j9hgvm06kckk1eiis4ihddjjs0;profesor;johnjairozuluagaquintero;0302330;Desbloquea
Fri, 04 Sep 2015 09:37:09 -0500;j9hgvm06kckk1eiis4ihddjjs0;profesor;johnjairozuluagaquintero;0302330;Guardar
Mon, 07 Sep 2015 16:59:50 -0500;8kt5o76hca907dnjjh638irfr2;profesor;johnjairozuluagaquintero;0302330;Edita
Mon, 07 Sep 2015 17:50:57 -0500;8kt5o76hca907dnjjh638irfr2;profesor;johnjairozuluagaquintero;0302330;Guardar
Mon, 07 Sep 2015 17:51:03 -0500;8kt5o76hca907dnjjh638irfr2;profesor;johnjairozuluagaquintero;0302330;Guardar
Mon, 07 Sep 2015 17:58:32 -0500;8kt5o76hca907dnjjh638irfr2;profesor;johnjairozuluagaquintero;0302330;Guardar
Mon, 07 Sep 2015 17:58:36 -0500;8kt5o76hca907dnjjh638irfr2;profesor;johnjairozuluagaquintero;0302330;Guardar
Wed, 09 Sep 2015 12:19:34 -0500;geno2gih9i35u7m9ng7hpnlom0;profesor;johnjairozuluagaquintero;0302330;Edita
Wed, 09 Sep 2015 12:20:40 -0500;geno2gih9i35u7m9ng7hpnlom0;profesor;johnjairozuluagaquintero;0302330;Guardar
Wed, 09 Sep 2015 12:20:44 -0500;geno2gih9i35u7m9ng7hpnlom0;profesor;johnjairozuluagaquintero;0302330;Guardar
Mon, 14 Sep 2015 02:32:58 -0500;ka17btog101tav4h0s584sogg1;admin;Jorge Zuluaga;0302330;Edita
Mon, 14 Sep 2015 02:33:23 -0500;ka17btog101tav4h0s584sogg1;admin;Jorge Zuluaga;0302330;Guardar
Mon, 28 Sep 2015 13:48:12 -0500;m61dn5cmra23bues7qlop0hih5;admin;Jorge Zuluaga;0302330;Edita
Mon, 28 Sep 2015 13:51:55 -0500;m61dn5cmra23bues7qlop0hih5;admin;Jorge Zuluaga;0302330;Guardar
Mon, 28 Sep 2015 13:57:23 -0500;m61dn5cmra23bues7qlop0hih5;admin;Jorge Zuluaga;0302330;Guardar
Mon, 28 Sep 2015 13:59:44 -0500;m61dn5cmra23bues7qlop0hih5;admin;Jorge Zuluaga;0302330;Guardar
Mon, 28 Sep 2015 14:00:42 -0500;m61dn5cmra23bues7qlop0hih5;admin;Jorge Zuluaga;0302330;Guardar
Mon, 28 Sep 2015 14:04:19 -0500;m61dn5cmra23bues7qlop0hih5;admin;Jorge Zuluaga;0302330;Edita
Mon, 28 Sep 2015 14:07:20 -0500;m61dn5cmra23bues7qlop0hih5;admin;Jorge Zuluaga;0302330;Guardar
Thu, 01 Oct 2015 06:09:16 -0500;j2gpbrvlgn9lmp9rthp9svlhl5;admin;Jorge Zuluaga;0302330;Edita
Thu, 01 Oct 2015 06:09:30 -0500;j2gpbrvlgn9lmp9rthp9svlhl5;admin;Jorge Zuluaga;0302330;Guardar
Thu, 01 Oct 2015 06:09:33 -0500;j2gpbrvlgn9lmp9rthp9svlhl5;admin;Jorge Zuluaga;0302330;Publicar
