Fri, 29 Aug 2014 14:35:41 -0500;5gsuni521smsrq06dehfceu3j2;profesor;Juan Carlos Muñoz Cuartas;0311610;Edita
Fri, 29 Aug 2014 14:51:10 -0500;5gsuni521smsrq06dehfceu3j2;profesor;Juan Carlos Muñoz Cuartas;0311610;Guardar
Fri, 29 Aug 2014 15:06:43 -0500;5gsuni521smsrq06dehfceu3j2;profesor;Juan Carlos Muñoz Cuartas;0311610;Guardar
Thu, 30 Apr 2015 11:23:01 -0500;6hl19kkno20k64tti7misfndq0;admin;Jorge Zuluaga;0311610;Edita
Wed, 27 May 2015 15:05:39 -0500;3tsdtd9nssjsb518n6a9ddj3t2;admin;Jorge Zuluaga;0311610;Edita
Wed, 27 May 2015 15:05:40 -0500;3tsdtd9nssjsb518n6a9ddj3t2;admin;Jorge Zuluaga;0311610;Desbloquea
Fri, 11 Sep 2015 05:59:05 -0500;oud2jlkd007d4sordbep8s58h4;profesor;Juan Carlos Muñoz;0311610;Edita
Fri, 11 Sep 2015 06:06:38 -0500;oud2jlkd007d4sordbep8s58h4;profesor;Juan Carlos Muñoz;0311610;Guardar
Mon, 14 Sep 2015 02:31:16 -0500;ka17btog101tav4h0s584sogg1;admin;Jorge Zuluaga;0311610;Edita
Mon, 14 Sep 2015 02:31:48 -0500;ka17btog101tav4h0s584sogg1;admin;Jorge Zuluaga;0311610;Guardar
Fri, 25 Sep 2015 08:15:34 -0500;rg0l7ih3h5hmg7tc0uuf2ugdl2;admin;Jorge Zuluaga;0311610;Edita
Fri, 25 Sep 2015 08:24:03 -0500;rg0l7ih3h5hmg7tc0uuf2ugdl2;admin;Jorge Zuluaga;0311610;Guardar
Fri, 25 Sep 2015 08:25:28 -0500;rg0l7ih3h5hmg7tc0uuf2ugdl2;admin;Jorge Zuluaga;0311610;Guardar
Fri, 25 Sep 2015 08:26:32 -0500;rg0l7ih3h5hmg7tc0uuf2ugdl2;admin;Jorge Zuluaga;0311610;Guardar
Fri, 25 Sep 2015 08:28:04 -0500;rg0l7ih3h5hmg7tc0uuf2ugdl2;admin;Jorge Zuluaga;0311610;Guardar
Fri, 25 Sep 2015 08:34:59 -0500;rg0l7ih3h5hmg7tc0uuf2ugdl2;admin;Jorge Zuluaga;0311610;Edita
Fri, 25 Sep 2015 08:35:04 -0500;rg0l7ih3h5hmg7tc0uuf2ugdl2;admin;Jorge Zuluaga;0311610;Guardar
Thu, 01 Oct 2015 06:05:45 -0500;j2gpbrvlgn9lmp9rthp9svlhl5;admin;Jorge Zuluaga;0311610;Edita
Thu, 01 Oct 2015 06:05:57 -0500;j2gpbrvlgn9lmp9rthp9svlhl5;admin;Jorge Zuluaga;0311610;Guardar
Thu, 01 Oct 2015 06:06:01 -0500;j2gpbrvlgn9lmp9rthp9svlhl5;admin;Jorge Zuluaga;0311610;Publicar
Thu, 01 Oct 2015 06:06:03 -0500;j2gpbrvlgn9lmp9rthp9svlhl5;admin;Jorge Zuluaga;0311610;Guardar
Thu, 01 Oct 2015 07:59:19 -0500;j2gpbrvlgn9lmp9rthp9svlhl5;admin;Jorge Zuluaga;0311610;Edita
Thu, 01 Oct 2015 07:59:37 -0500;j2gpbrvlgn9lmp9rthp9svlhl5;admin;Jorge Zuluaga;0311610;Guardar
Thu, 01 Oct 2015 07:59:50 -0500;j2gpbrvlgn9lmp9rthp9svlhl5;admin;Jorge Zuluaga;0311610;Guardar
Thu, 01 Oct 2015 07:59:52 -0500;j2gpbrvlgn9lmp9rthp9svlhl5;admin;Jorge Zuluaga;0311610;Publicar
Thu, 01 Oct 2015 07:59:54 -0500;j2gpbrvlgn9lmp9rthp9svlhl5;admin;Jorge Zuluaga;0311610;Guardar
Thu, 01 Oct 2015 08:01:17 -0500;j2gpbrvlgn9lmp9rthp9svlhl5;admin;Jorge Zuluaga;0311610;Edita
Thu, 01 Oct 2015 08:01:34 -0500;j2gpbrvlgn9lmp9rthp9svlhl5;admin;Jorge Zuluaga;0311610;Guardar
Thu, 01 Oct 2015 08:01:40 -0500;j2gpbrvlgn9lmp9rthp9svlhl5;admin;Jorge Zuluaga;0311610;Guardar
Thu, 01 Oct 2015 08:01:42 -0500;j2gpbrvlgn9lmp9rthp9svlhl5;admin;Jorge Zuluaga;0311610;Publicar
Thu, 01 Oct 2015 08:01:43 -0500;j2gpbrvlgn9lmp9rthp9svlhl5;admin;Jorge Zuluaga;0311610;Guardar
Wed, 10 Feb 2016 07:06:26 -0500;dis9b5phbvbjokdbds2aa457o6;profesor;Danilo González Díaz;0311610;Edita
Sat, 13 Feb 2016 15:25:11 -0500;dis9b5phbvbjokdbds2aa457o6;profesor;Danilo González Díaz;0311610;Edita
Mon, 23 May 2016 12:52:28 -0500;sf6p6nedob5ss6ml9dvi73hbj6;profesor;Juan Carlos Muñoz;0311610;Edita
Mon, 23 May 2016 12:52:53 -0500;sf6p6nedob5ss6ml9dvi73hbj6;profesor;Juan Carlos Muñoz;0311610;Edita
Mon, 11 Jul 2016 12:10:54 -0500;8bcjp6ltt0su9m4dvqot7pomk0;admin;Jorge Zuluaga;0311610;Edita
Mon, 11 Jul 2016 12:18:30 -0500;8bcjp6ltt0su9m4dvqot7pomk0;admin;Jorge Zuluaga;0311610;Desbloquea
Mon, 11 Jul 2016 12:18:40 -0500;8bcjp6ltt0su9m4dvqot7pomk0;admin;Jorge Zuluaga;0311610;Guardar
Tue, 12 Jul 2016 10:30:27 -0500;3b0nu471r21bjediuhivii4nc6;profesor;Esteban Silva Villa;0311610;Edita
Tue, 12 Jul 2016 17:00:12 -0500;9dc5aft716f88hq2j3efnn92d3;profesor;Juan Carlos Munoz;0311610;Edita
Tue, 12 Jul 2016 17:31:09 -0500;9jqqkb76bie5afvh4qa3ckga80;profesor;Juan Carlos Munoz;0311610;Edita
Tue, 12 Jul 2016 17:31:19 -0500;9jqqkb76bie5afvh4qa3ckga80;profesor;Juan Carlos Munoz;0311610;Desbloquea
Tue, 12 Jul 2016 17:31:30 -0500;9jqqkb76bie5afvh4qa3ckga80;profesor;Juan Carlos Munoz;0311610;Guardar
Tue, 12 Jul 2016 17:31:35 -0500;9jqqkb76bie5afvh4qa3ckga80;profesor;Juan Carlos Munoz;0311610;Guardar
Tue, 12 Jul 2016 17:31:41 -0500;9jqqkb76bie5afvh4qa3ckga80;profesor;Juan Carlos Munoz;0311610;Guardar
Tue, 12 Jul 2016 17:33:45 -0500;9jqqkb76bie5afvh4qa3ckga80;profesor;Juan Carlos Munoz;0311610;Guardar
Tue, 12 Jul 2016 17:33:56 -0500;9jqqkb76bie5afvh4qa3ckga80;profesor;Juan Carlos Munoz;0311610;Edita
Tue, 12 Jul 2016 17:39:20 -0500;9jqqkb76bie5afvh4qa3ckga80;profesor;Juan Carlos Munoz;0311610;Guardar
Tue, 12 Jul 2016 17:43:43 -0500;9jqqkb76bie5afvh4qa3ckga80;profesor;Juan Carlos Munoz;0311610;Guardar
Tue, 12 Jul 2016 17:50:33 -0500;9jqqkb76bie5afvh4qa3ckga80;profesor;Juan Carlos Munoz;0311610;Guardar
Tue, 12 Jul 2016 17:51:35 -0500;9jqqkb76bie5afvh4qa3ckga80;profesor;Juan Carlos Munoz;0311610;Guardar
Tue, 12 Jul 2016 17:55:59 -0500;9jqqkb76bie5afvh4qa3ckga80;profesor;Juan Carlos Munoz;0311610;Guardar
Tue, 12 Jul 2016 18:07:37 -0500;9jqqkb76bie5afvh4qa3ckga80;profesor;Juan Carlos Munoz;0311610;Guardar
Tue, 12 Jul 2016 18:10:22 -0500;9jqqkb76bie5afvh4qa3ckga80;profesor;Juan Carlos Munoz;0311610;Guardar
Tue, 12 Jul 2016 18:17:29 -0500;9jqqkb76bie5afvh4qa3ckga80;profesor;Juan Carlos Munoz;0311610;Guardar
Tue, 12 Jul 2016 18:18:57 -0500;9jqqkb76bie5afvh4qa3ckga80;profesor;Juan Carlos Munoz;0311610;Guardar
Tue, 12 Jul 2016 18:22:46 -0500;9jqqkb76bie5afvh4qa3ckga80;profesor;Juan Carlos Munoz;0311610;Guardar
Tue, 12 Jul 2016 18:23:12 -0500;9jqqkb76bie5afvh4qa3ckga80;profesor;Juan Carlos Munoz;0311610;Guardar
Tue, 12 Jul 2016 18:29:03 -0500;9jqqkb76bie5afvh4qa3ckga80;profesor;Juan Carlos Munoz;0311610;Guardar
Tue, 12 Jul 2016 18:32:06 -0500;9jqqkb76bie5afvh4qa3ckga80;profesor;Juan Carlos Munoz;0311610;Guardar
Tue, 12 Jul 2016 18:33:36 -0500;9jqqkb76bie5afvh4qa3ckga80;profesor;Juan Carlos Munoz;0311610;Guardar
Tue, 12 Jul 2016 18:40:04 -0500;9jqqkb76bie5afvh4qa3ckga80;profesor;Juan Carlos Munoz;0311610;Guardar
Tue, 12 Jul 2016 18:43:54 -0500;9jqqkb76bie5afvh4qa3ckga80;profesor;Juan Carlos Munoz;0311610;Guardar
Tue, 12 Jul 2016 18:48:24 -0500;9jqqkb76bie5afvh4qa3ckga80;profesor;Juan Carlos Munoz;0311610;Guardar
Tue, 12 Jul 2016 18:50:50 -0500;9jqqkb76bie5afvh4qa3ckga80;profesor;Juan Carlos Munoz;0311610;Guardar
Tue, 12 Jul 2016 18:52:47 -0500;9jqqkb76bie5afvh4qa3ckga80;profesor;Juan Carlos Munoz;0311610;Guardar
Tue, 12 Jul 2016 18:53:16 -0500;9jqqkb76bie5afvh4qa3ckga80;profesor;Juan Carlos Munoz;0311610;Guardar
Tue, 12 Jul 2016 18:53:25 -0500;9jqqkb76bie5afvh4qa3ckga80;profesor;Juan Carlos Munoz;0311610;Guardar
Tue, 12 Jul 2016 18:54:47 -0500;9jqqkb76bie5afvh4qa3ckga80;profesor;Juan Carlos Munoz;0311610;Guardar
Tue, 12 Jul 2016 19:10:06 -0500;9jqqkb76bie5afvh4qa3ckga80;profesor;Juan Carlos Munoz;0311610;Guardar
Tue, 12 Jul 2016 19:11:00 -0500;9jqqkb76bie5afvh4qa3ckga80;profesor;Juan Carlos Munoz;0311610;Guardar
Tue, 12 Jul 2016 19:11:14 -0500;9jqqkb76bie5afvh4qa3ckga80;profesor;Juan Carlos Munoz;0311610;Guardar
Tue, 12 Jul 2016 19:13:25 -0500;9jqqkb76bie5afvh4qa3ckga80;profesor;Juan Carlos Munoz;0311610;Guardar
Tue, 12 Jul 2016 19:14:01 -0500;9jqqkb76bie5afvh4qa3ckga80;profesor;Juan Carlos Munoz;0311610;Guardar
Tue, 12 Jul 2016 19:23:51 -0500;9jqqkb76bie5afvh4qa3ckga80;profesor;Juan Carlos Munoz;0311610;Guardar
Tue, 12 Jul 2016 19:24:20 -0500;m41hhua6al7ue2b4irvn5nqbg6;profesor;Juan Carlos Munoz;0311610;Edita
Tue, 12 Jul 2016 19:49:12 -0500;m41hhua6al7ue2b4irvn5nqbg6;profesor;Juan Carlos Munoz;0311610;Guardar
Wed, 13 Jul 2016 16:54:25 -0500;o00toravjsmonrnagnhdguc956;profesor;ignacio.ferrin;0311610;Edita
Thu, 14 Jul 2016 11:10:08 -0500;pn0gn9oo894g1nv0oh73bbe776;profesor;ignacio.ferrin;0311610;Edita
Thu, 14 Jul 2016 11:12:32 -0500;pn0gn9oo894g1nv0oh73bbe776;profesor;ignacio.ferrin;0311610;Guardar
Thu, 14 Jul 2016 11:14:09 -0500;pn0gn9oo894g1nv0oh73bbe776;profesor;ignacio.ferrin;0311610;Guardar
Thu, 14 Jul 2016 11:21:09 -0500;pn0gn9oo894g1nv0oh73bbe776;profesor;ignacio.ferrin;0311610;Guardar
Thu, 14 Jul 2016 11:23:03 -0500;pn0gn9oo894g1nv0oh73bbe776;profesor;ignacio.ferrin;0311610;Guardar
Thu, 14 Jul 2016 11:28:46 -0500;pn0gn9oo894g1nv0oh73bbe776;profesor;ignacio.ferrin;0311610;Guardar
Tue, 19 Jul 2016 09:40:20 -0500;n1qvhpbluj3l0ssg7obemrgo83;profesor;ignacio.ferrin;0311610;Edita
Tue, 19 Jul 2016 09:50:11 -0500;n1qvhpbluj3l0ssg7obemrgo83;profesor;ignacio.ferrin;0311610;Guardar
Tue, 19 Jul 2016 14:09:14 -0500;n1qvhpbluj3l0ssg7obemrgo83;profesor;i;0311610;Edita
Tue, 19 Jul 2016 14:19:28 -0500;n1qvhpbluj3l0ssg7obemrgo83;profesor;i;0311610;Guardar
Tue, 19 Jul 2016 14:48:25 -0500;n1qvhpbluj3l0ssg7obemrgo83;profesor;i;0311610;Guardar
Tue, 19 Jul 2016 14:50:33 -0500;n1qvhpbluj3l0ssg7obemrgo83;profesor;i;0311610;Guardar
Sun, 24 Jul 2016 19:55:50 -0500;0ucsj6evhlksb4h732pr6g9f80;profesor;ignacio.ferrin;0311610;Edita
Sun, 24 Jul 2016 20:03:11 -0500;0ucsj6evhlksb4h732pr6g9f80;profesor;ignacio.ferrin;0311610;Guardar
Wed, 27 Jul 2016 13:20:15 -0500;kmch731c6sj0033qj5lauekk02;admin;Jorge Zuluaga;0311610;Edita
Wed, 27 Jul 2016 13:27:38 -0500;kmch731c6sj0033qj5lauekk02;admin;Jorge Zuluaga;0311610;Edita
Thu, 28 Jul 2016 21:36:25 -0500;3ifthdd0aio38ndpmq7et2nnj0;profesor;Danilo Gonzalez Diaz;0311610;Edita
Fri, 29 Jul 2016 09:22:47 -0500;5tjvl19gei6qurqkh028q8dvl5;profesor;ignacio.ferrin;0311610;Edita
Fri, 29 Jul 2016 09:22:58 -0500;5tjvl19gei6qurqkh028q8dvl5;profesor;ignacio.ferrin;0311610;Desbloquea
Fri, 29 Jul 2016 09:29:20 -0500;5tjvl19gei6qurqkh028q8dvl5;profesor;ignacio.ferrin;0311610;Guardar
Fri, 29 Jul 2016 09:33:41 -0500;5tjvl19gei6qurqkh028q8dvl5;profesor;ignacio.ferrin;0311610;Guardar
Sun, 31 Jul 2016 15:25:45 -0500;3ifthdd0aio38ndpmq7et2nnj0;profesor;Danilo Gonzalez Diaz;0311610;Edita
Thu, 04 Aug 2016 14:33:38 -0500;2qs16rk8iu15tkokqtqshsou43;profesor;Danilo González Díaz;0311610;Edita
Thu, 04 Aug 2016 14:35:03 -0500;2qs16rk8iu15tkokqtqshsou43;profesor;Danilo González Díaz;0311610;Edita
Wed, 10 Aug 2016 14:14:02 -0500;8plsvpi76dkokcp37hthj2rqj4;profesor;Danilo González Díaz;0311610;Edita
Mon, 29 Aug 2016 13:07:42 -0500;7g80a01epqll59786gbvamps26;admin;Jorge Zuluaga;0311610;Edita
Mon, 29 Aug 2016 13:07:52 -0500;7g80a01epqll59786gbvamps26;admin;Jorge Zuluaga;0311610;Desbloquea
Mon, 29 Aug 2016 16:16:29 -0500;7g80a01epqll59786gbvamps26;admin;;0311610;Edita
Mon, 29 Aug 2016 16:16:40 -0500;7g80a01epqll59786gbvamps26;admin;;0311610;Guardar
Mon, 29 Aug 2016 16:17:29 -0500;7g80a01epqll59786gbvamps26;admin;;0311610;Edita
