Mon, 11 May 2015 20:46:45 -0500;i5var7kg59geiop2dvbbppm9k3;admin;Jorge Zuluaga;0302435;Guardar
Wed, 27 May 2015 18:16:16 -0500;mepf94bp6tpttl0i04imv11d65;admin;Jorge Zuluaga;0302435;Edita
Wed, 27 May 2015 18:16:27 -0500;mepf94bp6tpttl0i04imv11d65;admin;Jorge Zuluaga;0302435;Guardar
Tue, 02 Jun 2015 07:02:09 -0500;9tv3q903f11ke3iunf4hj315m4;admin;Jorge Zuluaga;0302435;Edita
Tue, 02 Jun 2015 07:03:38 -0500;9tv3q903f11ke3iunf4hj315m4;admin;Jorge Zuluaga;0302435;Guardar
Tue, 02 Jun 2015 07:04:01 -0500;9tv3q903f11ke3iunf4hj315m4;admin;Jorge Zuluaga;0302435;Guardar
Mon, 24 Aug 2015 12:10:27 -0500;nl9i74t4m73gnes40pp8cpjlg1;profesor;Jorge Mario Osorio Guillen;0302435;Edita
Tue, 08 Sep 2015 10:32:16 -0500;is9f3l11nq51ijfk4qlqa4l6d0;profesor;daniel jaramillo;0302435;Edita
Tue, 08 Sep 2015 12:05:48 -0500;is9f3l11nq51ijfk4qlqa4l6d0;profesor;daniel jaramillo;0302435;Guardar
Wed, 09 Sep 2015 19:25:56 -0500;f7tc70faf8ut2jdd9jehfvgmh7;profesor;Jorge Mario Osorio Guillén;0302435;Edita
Wed, 09 Sep 2015 19:44:47 -0500;f7tc70faf8ut2jdd9jehfvgmh7;profesor;Jorge Mario Osorio Guillén;0302435;Guardar
Wed, 09 Sep 2015 19:58:58 -0500;f7tc70faf8ut2jdd9jehfvgmh7;profesor;Jorge Mario Osorio Guillén;0302435;Edita
Wed, 09 Sep 2015 20:05:57 -0500;f7tc70faf8ut2jdd9jehfvgmh7;profesor;Jorge Mario Osorio Guillén;0302435;Edita
Thu, 10 Sep 2015 09:34:16 -0500;f7tc70faf8ut2jdd9jehfvgmh7;profesor;Jorge Mario Osorio Guillén;0302435;Edita
Thu, 10 Sep 2015 09:35:03 -0500;f7tc70faf8ut2jdd9jehfvgmh7;profesor;Jorge Mario Osorio Guillén;0302435;Guardar
Thu, 10 Sep 2015 13:00:35 -0500;is9f3l11nq51ijfk4qlqa4l6d0;profesor;daniel jaramillo;0302435;Edita
Thu, 10 Sep 2015 13:06:44 -0500;is9f3l11nq51ijfk4qlqa4l6d0;profesor;daniel jaramillo;0302435;Guardar
Mon, 14 Sep 2015 02:41:54 -0500;ka17btog101tav4h0s584sogg1;admin;Jorge Zuluaga;0302435;Edita
Mon, 14 Sep 2015 02:42:07 -0500;ka17btog101tav4h0s584sogg1;admin;Jorge Zuluaga;0302435;Guardar
Mon, 28 Sep 2015 04:37:51 -0500;rf72ib4hf8n30riufjs128kal4;admin;Jorge Zuluaga;0302435;Edita
