Wed, 13 May 2015 09:58:54 -0500;phc3bih0vu3on46025ielt0t45;admin;Jorge Zuluaga;0302420;Guardar
Wed, 13 May 2015 09:59:52 -0500;phc3bih0vu3on46025ielt0t45;admin;Jorge Zuluaga;0302420;Edita
Wed, 13 May 2015 10:03:45 -0500;phc3bih0vu3on46025ielt0t45;admin;Jorge Zuluaga;0302420;Edita
Wed, 27 May 2015 18:15:15 -0500;mepf94bp6tpttl0i04imv11d65;admin;Jorge Zuluaga;0302420;Edita
Wed, 27 May 2015 18:15:28 -0500;mepf94bp6tpttl0i04imv11d65;admin;Jorge Zuluaga;0302420;Guardar
Tue, 02 Jun 2015 06:56:49 -0500;9tv3q903f11ke3iunf4hj315m4;admin;Jorge Zuluaga;0302420;Edita
Tue, 02 Jun 2015 06:59:25 -0500;9tv3q903f11ke3iunf4hj315m4;admin;Jorge Zuluaga;0302420;Guardar
Tue, 02 Jun 2015 07:00:00 -0500;9tv3q903f11ke3iunf4hj315m4;admin;Jorge Zuluaga;0302420;Edita
Tue, 08 Sep 2015 14:16:39 -0500;a3he67nv2khm46mfb39kiu6uk5;profesor;German Ricaurte;0302420;Edita
Tue, 08 Sep 2015 14:27:19 -0500;a3he67nv2khm46mfb39kiu6uk5;profesor;German Ricaurte;0302420;Guardar
Tue, 08 Sep 2015 14:52:19 -0500;a3he67nv2khm46mfb39kiu6uk5;profesor;German Ricaurte;0302420;Guardar
Tue, 08 Sep 2015 15:11:50 -0500;a3he67nv2khm46mfb39kiu6uk5;profesor;German Ricaurte;0302420;Guardar
Tue, 08 Sep 2015 15:31:49 -0500;a3he67nv2khm46mfb39kiu6uk5;profesor;German Ricaurte;0302420;Guardar
Tue, 08 Sep 2015 15:37:42 -0500;a3he67nv2khm46mfb39kiu6uk5;profesor;German Ricaurte;0302420;Guardar
Tue, 08 Sep 2015 15:38:42 -0500;a3he67nv2khm46mfb39kiu6uk5;profesor;German Ricaurte;0302420;Guardar
Tue, 08 Sep 2015 16:04:41 -0500;a3he67nv2khm46mfb39kiu6uk5;profesor;German Ricaurte;0302420;Edita
Tue, 08 Sep 2015 16:15:34 -0500;a3he67nv2khm46mfb39kiu6uk5;profesor;German Ricaurte;0302420;Guardar
Tue, 08 Sep 2015 16:26:58 -0500;09441a1r749tovi1kjnl1raiv1;profesor;Johny Jaramillo;0302420;Edita
Wed, 09 Sep 2015 12:46:24 -0500;frnleuegj2c4jkf2r5b8fgjlp0;profesor;German Ricaurte;0302420;Edita
Wed, 09 Sep 2015 12:47:23 -0500;frnleuegj2c4jkf2r5b8fgjlp0;profesor;German Ricaurte;0302420;Desbloquea
Thu, 10 Sep 2015 13:59:25 -0500;kn21d99fan67f5ncsr484v7lo4;profesor;German Ricaurte;0302420;Edita
Thu, 10 Sep 2015 14:10:41 -0500;kn21d99fan67f5ncsr484v7lo4;profesor;German Ricaurte;0302420;Guardar
Thu, 10 Sep 2015 15:07:03 -0500;kn21d99fan67f5ncsr484v7lo4;profesor;German Ricaurte;0302420;Guardar
Thu, 10 Sep 2015 16:42:40 -0500;kn21d99fan67f5ncsr484v7lo4;profesor;German Ricaurte;0302420;Guardar
Fri, 11 Sep 2015 06:53:26 -0500;7a5p39r5hul3b9utlk98rq8dd3;profesor;Johny Jaramillo;0302420;Edita
Fri, 11 Sep 2015 07:36:36 -0500;7a5p39r5hul3b9utlk98rq8dd3;profesor;Johny Jaramillo;0302420;Guardar
Fri, 11 Sep 2015 07:47:33 -0500;q488f99n47n5p3ndp1limddul2;profesor;Johny Jaramillo;0302420;Edita
Fri, 11 Sep 2015 07:48:53 -0500;q488f99n47n5p3ndp1limddul2;profesor;Johny Jaramillo;0302420;Edita
Fri, 11 Sep 2015 07:53:43 -0500;q488f99n47n5p3ndp1limddul2;profesor;Johny Jaramillo;0302420;Guardar
Fri, 11 Sep 2015 10:52:48 -0500;rus87r8vsds7rujjes9sk3gp43;profesor;German Ricaurte;0302420;Edita
Mon, 14 Sep 2015 02:46:57 -0500;ka17btog101tav4h0s584sogg1;admin;Jorge Zuluaga;0302420;Edita
Mon, 14 Sep 2015 02:47:07 -0500;ka17btog101tav4h0s584sogg1;admin;Jorge Zuluaga;0302420;Desbloquea
