Fri, 08 May 2015 11:39:33 -0500;8d5onhd3ok5c3ktg3ljspmf1j5;admin;Jorge Zuluaga;0302275;Guardar
Wed, 27 May 2015 18:08:51 -0500;mepf94bp6tpttl0i04imv11d65;admin;Jorge Zuluaga;0302275;Edita
Wed, 27 May 2015 18:09:25 -0500;mepf94bp6tpttl0i04imv11d65;admin;Jorge Zuluaga;0302275;Guardar
Fri, 29 May 2015 18:46:02 -0500;3tsdtd9nssjsb518n6a9ddj3t2;admin;Jorge Zuluaga;0302275;Edita
Fri, 29 May 2015 18:47:14 -0500;3tsdtd9nssjsb518n6a9ddj3t2;admin;Jorge Zuluaga;0302275;Guardar
Fri, 29 May 2015 18:47:44 -0500;3tsdtd9nssjsb518n6a9ddj3t2;admin;Jorge Zuluaga;0302275;Guardar
Tue, 02 Jun 2015 11:33:44 -0500;l0g1tkb5kjh12nlce872diei95;admin;Duvan Herrera;0302275;Edita
Tue, 02 Jun 2015 11:34:46 -0500;l0g1tkb5kjh12nlce872diei95;admin;Duvan Herrera;0302275;Guardar
Thu, 11 Jun 2015 10:30:51 -0500;qm5gofu92fmmarcmueg265hh40;admin;Jorge Zuluaga;0302275;Edita
Thu, 11 Jun 2015 10:30:53 -0500;qm5gofu92fmmarcmueg265hh40;admin;Jorge Zuluaga;0302275;Publicar
Wed, 09 Sep 2015 20:05:05 -0500;rp42to7n65sh47ei1fortk6k93;profesor;Jesús María Mira Martínez;0302275;Edita
Mon, 28 Sep 2015 07:59:33 -0500;mjq498a3njncon38l9ibeepbu4;admin;Jorge Zuluaga;0302275;Edita
Mon, 28 Sep 2015 08:00:03 -0500;mjq498a3njncon38l9ibeepbu4;admin;Jorge Zuluaga;0302275;Desbloquea
Mon, 28 Sep 2015 08:10:35 -0500;mjq498a3njncon38l9ibeepbu4;admin;Jorge Zuluaga;0302275;Guardar
Mon, 28 Sep 2015 08:11:48 -0500;mjq498a3njncon38l9ibeepbu4;admin;Jorge Zuluaga;0302275;Guardar
Mon, 28 Sep 2015 08:12:56 -0500;mjq498a3njncon38l9ibeepbu4;admin;Jorge Zuluaga;0302275;Guardar
Mon, 28 Sep 2015 08:18:46 -0500;mjq498a3njncon38l9ibeepbu4;admin;Jorge Zuluaga;0302275;Edita
Mon, 28 Sep 2015 08:18:51 -0500;mjq498a3njncon38l9ibeepbu4;admin;Jorge Zuluaga;0302275;Edita
Mon, 28 Sep 2015 08:19:24 -0500;mjq498a3njncon38l9ibeepbu4;admin;Jorge Zuluaga;0302275;Edita
Mon, 28 Sep 2015 08:19:32 -0500;mjq498a3njncon38l9ibeepbu4;admin;Jorge Zuluaga;0302275;Guardar
Mon, 28 Sep 2015 08:26:02 -0500;mjq498a3njncon38l9ibeepbu4;admin;Jorge Zuluaga;0302275;Guardar
Mon, 28 Sep 2015 08:55:03 -0500;mjq498a3njncon38l9ibeepbu4;admin;Jorge Zuluaga;0302275;Edita
Mon, 28 Sep 2015 19:54:33 -0500;mjq498a3njncon38l9ibeepbu4;admin;Jorge Zuluaga;0302275;Edita
Thu, 01 Oct 2015 05:56:00 -0500;j2gpbrvlgn9lmp9rthp9svlhl5;admin;Jorge Zuluaga;0302275;Edita
Thu, 01 Oct 2015 05:56:29 -0500;j2gpbrvlgn9lmp9rthp9svlhl5;admin;Jorge Zuluaga;0302275;Guardar
Thu, 01 Oct 2015 05:56:32 -0500;j2gpbrvlgn9lmp9rthp9svlhl5;admin;Jorge Zuluaga;0302275;Publicar
Thu, 01 Oct 2015 05:56:33 -0500;j2gpbrvlgn9lmp9rthp9svlhl5;admin;Jorge Zuluaga;0302275;Guardar
Tue, 26 Jul 2016 17:16:51 -0500;8bcjp6ltt0su9m4dvqot7pomk0;admin;Jorge Zuluaga;0302275;Edita
Tue, 31 Jan 2017 10:57:34 -0500;rtcmicil1a2rs64ktjausrioh1;admin;Jorge Zuluaga;0302275;Edita
Tue, 31 Jan 2017 11:23:51 -0500;rtcmicil1a2rs64ktjausrioh1;admin;Jorge Zuluaga;0302275;Guardar
Fri, 09 Jun 2017 14:18:00 -0500;iourikjid8ufb5k03fkik2nju7;profesor;Oscar Alberto Zapata Noreña;0302275;Edita
Fri, 09 Jun 2017 14:35:10 -0500;fgf18tu1aughcv5ijhk35f3601;profesor;Nelson Vanegas;0302275;Edita
Mon, 12 Jun 2017 04:49:54 -0500;q6jrn2ik475dkp4f5ltrblumr3;profesor;Oscar Zapata;0302275;Edita
Mon, 12 Jun 2017 07:47:24 -0500;iourikjid8ufb5k03fkik2nju7;profesor;Oscar Zapata;0302275;Edita
Mon, 12 Jun 2017 07:47:28 -0500;iourikjid8ufb5k03fkik2nju7;profesor;Oscar Zapata;0302275;Desbloquea
Mon, 12 Jun 2017 08:20:55 -0500;iourikjid8ufb5k03fkik2nju7;profesor;Oscar Zapata;0302275;Guardar
Mon, 12 Jun 2017 08:21:21 -0500;iourikjid8ufb5k03fkik2nju7;profesor;Oscar Zapata;0302275;Guardar
Tue, 13 Jun 2017 22:16:05 -0500;tqr7hc7oc8k0dmnd47ceeueoa6;fisica;fisica;0302275;Edita
Tue, 13 Jun 2017 22:28:59 -0500;tqr7hc7oc8k0dmnd47ceeueoa6;fisica;fisica;0302275;Guardar
Tue, 13 Jun 2017 22:29:01 -0500;tqr7hc7oc8k0dmnd47ceeueoa6;fisica;fisica;0302275;Guardar
Tue, 13 Jun 2017 22:38:00 -0500;tqr7hc7oc8k0dmnd47ceeueoa6;fisica;fisica;0302275;Edita
Tue, 01 Aug 2017 17:34:38 -0500;v8uuj6ej5qtqmb9ve9ur163lb0;fisica;pregradofisica;0302275;Edita
Wed, 16 Aug 2017 12:22:18 -0500;7kgl820nedocvq5fgrhmj3mr21;admin;sandra perez;0302275;Edita
Wed, 16 Aug 2017 12:22:25 -0500;7kgl820nedocvq5fgrhmj3mr21;admin;sandra perez;0302275;Desbloquea
Wed, 16 Aug 2017 12:25:32 -0500;7kgl820nedocvq5fgrhmj3mr21;admin;sandra perez;0302275;Edita
Wed, 16 Aug 2017 12:49:08 -0500;7kgl820nedocvq5fgrhmj3mr21;admin;sandra perez;0302275;Guardar
