Sun, 10 May 2015 23:53:47 -0500;dpo0k554riedc03h5entoro5e1;admin;Jorge Zuluaga;0302335;Guardar
Wed, 27 May 2015 18:12:13 -0500;mepf94bp6tpttl0i04imv11d65;admin;Jorge Zuluaga;0302335;Edita
Wed, 27 May 2015 18:12:26 -0500;mepf94bp6tpttl0i04imv11d65;admin;Jorge Zuluaga;0302335;Guardar
Mon, 01 Jun 2015 19:06:54 -0500;voodj9d1dr7r4bj2ee87l5asj5;admin;Jorge Zuluaga;0302335;Edita
Tue, 02 Jun 2015 06:17:34 -0500;9tv3q903f11ke3iunf4hj315m4;admin;Jorge Zuluaga;0302335;Edita
Tue, 02 Jun 2015 06:17:37 -0500;9tv3q903f11ke3iunf4hj315m4;admin;Jorge Zuluaga;0302335;Desbloquea
Tue, 02 Jun 2015 06:18:48 -0500;9tv3q903f11ke3iunf4hj315m4;admin;Jorge Zuluaga;0302335;Guardar
Tue, 02 Jun 2015 06:19:00 -0500;9tv3q903f11ke3iunf4hj315m4;admin;Jorge Zuluaga;0302335;Guardar
Thu, 10 Sep 2015 14:49:22 -0500;a4kjo7givvt9da44sr8cnvn6m3;profesor;Juan Jose Quiros Arroyave;0302335;Edita
Thu, 10 Sep 2015 15:06:47 -0500;a4kjo7givvt9da44sr8cnvn6m3;profesor;Juan Jose Quiros Arroyave;0302335;Guardar
Mon, 14 Sep 2015 02:35:35 -0500;ka17btog101tav4h0s584sogg1;admin;Jorge Zuluaga;0302335;Edita
Mon, 14 Sep 2015 02:36:53 -0500;ka17btog101tav4h0s584sogg1;admin;Jorge Zuluaga;0302335;Guardar
Mon, 28 Sep 2015 04:15:57 -0500;rf72ib4hf8n30riufjs128kal4;admin;Jorge Zuluaga;0302335;Edita
Mon, 28 Sep 2015 04:16:57 -0500;rf72ib4hf8n30riufjs128kal4;admin;Jorge Zuluaga;0302335;Edita
Mon, 28 Sep 2015 04:26:53 -0500;rf72ib4hf8n30riufjs128kal4;admin;Jorge Zuluaga;0302335;Guardar
Mon, 28 Sep 2015 04:28:06 -0500;rf72ib4hf8n30riufjs128kal4;admin;Jorge Zuluaga;0302335;Guardar
Mon, 28 Sep 2015 04:31:39 -0500;rf72ib4hf8n30riufjs128kal4;admin;Jorge Zuluaga;0302335;Edita
Mon, 28 Sep 2015 04:37:43 -0500;rf72ib4hf8n30riufjs128kal4;admin;Jorge Zuluaga;0302335;Edita
Thu, 01 Oct 2015 06:26:03 -0500;j2gpbrvlgn9lmp9rthp9svlhl5;admin;Jorge Zuluaga;0302335;Edita
Thu, 01 Oct 2015 06:26:18 -0500;j2gpbrvlgn9lmp9rthp9svlhl5;admin;Jorge Zuluaga;0302335;Guardar
Thu, 01 Oct 2015 06:26:20 -0500;j2gpbrvlgn9lmp9rthp9svlhl5;admin;Jorge Zuluaga;0302335;Publicar
Thu, 01 Oct 2015 06:26:22 -0500;j2gpbrvlgn9lmp9rthp9svlhl5;admin;Jorge Zuluaga;0302335;Guardar
Wed, 30 Mar 2016 14:37:18 -0500;rk3v7fgqgaf1911tbft7kdegd0;admin;Jorge Zuluaga;0302335;Edita
Wed, 30 Mar 2016 15:05:41 -0500;0i2qctt2b5hk5kbb1tu43njgm4;admin;Jorge Zuluaga;0302335;Edita
