Fri, 29 Aug 2014 05:07:07 -0500;nm4oucmpaejigc9c9hjvr38nj7;fisica;Jorge I. Zuluaga;0311602;Edita
Fri, 26 Sep 2014 06:47:03 -0500;ap253nd20im1d68fd15f6v87s2;admin;Jorge I. Zuluaga;0311602;Edita
Fri, 26 Sep 2014 06:47:13 -0500;ap253nd20im1d68fd15f6v87s2;admin;Jorge I. Zuluaga;0311602;Edita
Sat, 04 Oct 2014 07:38:26 -0500;g4mefbforqi2ilf38sdoapvve5;fisica;Jorge I. Zuluaga;0311602;Edita
Sat, 04 Oct 2014 07:38:28 -0500;g4mefbforqi2ilf38sdoapvve5;fisica;Jorge I. Zuluaga;0311602;Desbloquea
Sat, 04 Oct 2014 08:13:11 -0500;g4mefbforqi2ilf38sdoapvve5;fisica;Jorge I. Zuluaga;0311602;Guardar
Sat, 04 Oct 2014 08:26:47 -0500;g4mefbforqi2ilf38sdoapvve5;fisica;Jorge I. Zuluaga;0311602;Guardar
Sat, 04 Oct 2014 09:03:38 -0500;g4mefbforqi2ilf38sdoapvve5;fisica;Jorge I. Zuluaga;0311602;Edita
Sat, 04 Oct 2014 09:11:11 -0500;g4mefbforqi2ilf38sdoapvve5;fisica;Jorge I. Zuluaga;0311602;Guardar
Sat, 04 Oct 2014 09:25:59 -0500;g4mefbforqi2ilf38sdoapvve5;fisica;Jorge I. Zuluaga;0311602;Guardar
Sat, 04 Oct 2014 09:33:23 -0500;g4mefbforqi2ilf38sdoapvve5;fisica;Jorge I. Zuluaga;0311602;Guardar
Sat, 04 Oct 2014 09:52:47 -0500;g4mefbforqi2ilf38sdoapvve5;fisica;Jorge I. Zuluaga;0311602;Guardar
Sat, 04 Oct 2014 10:10:08 -0500;g4mefbforqi2ilf38sdoapvve5;fisica;Jorge I. Zuluaga;0311602;Guardar
Sat, 04 Oct 2014 11:30:31 -0500;g4mefbforqi2ilf38sdoapvve5;fisica;;0311602;Guardar
Sat, 04 Oct 2014 12:02:18 -0500;g4mefbforqi2ilf38sdoapvve5;fisica;;0311602;Guardar
Sat, 04 Oct 2014 12:18:17 -0500;g4mefbforqi2ilf38sdoapvve5;fisica;Jorge I. Zuluaga;0311602;Edita
Sat, 04 Oct 2014 12:19:58 -0500;g4mefbforqi2ilf38sdoapvve5;fisica;Jorge I. Zuluaga;0311602;Guardar
Sat, 04 Oct 2014 12:39:35 -0500;g4mefbforqi2ilf38sdoapvve5;fisica;Jorge I. Zuluaga;0311602;Guardar
Sat, 04 Oct 2014 12:58:38 -0500;g4mefbforqi2ilf38sdoapvve5;fisica;Jorge I. Zuluaga;0311602;Guardar
Sat, 04 Oct 2014 13:01:11 -0500;g4mefbforqi2ilf38sdoapvve5;fisica;Jorge I. Zuluaga;0311602;Guardar
Sat, 04 Oct 2014 14:06:48 -0500;g4mefbforqi2ilf38sdoapvve5;fisica;Jorge I. Zuluaga;0311602;Edita
Sat, 04 Oct 2014 14:33:10 -0500;g4mefbforqi2ilf38sdoapvve5;fisica;Jorge I. Zuluaga;0311602;Guardar
Sat, 04 Oct 2014 14:35:20 -0500;g4mefbforqi2ilf38sdoapvve5;fisica;Jorge I. Zuluaga;0311602;Guardar
Sat, 04 Oct 2014 14:44:59 -0500;g4mefbforqi2ilf38sdoapvve5;fisica;Jorge I. Zuluaga;0311602;Guardar
Sat, 04 Oct 2014 14:45:54 -0500;g4mefbforqi2ilf38sdoapvve5;fisica;Jorge I. Zuluaga;0311602;Guardar
Sat, 04 Oct 2014 14:50:52 -0500;g4mefbforqi2ilf38sdoapvve5;fisica;Jorge I. Zuluaga;0311602;Guardar
Sat, 04 Oct 2014 18:53:08 -0500;g4mefbforqi2ilf38sdoapvve5;fisica;Jorge I. Zuluaga;0311602;Edita
Sat, 04 Oct 2014 19:03:15 -0500;g4mefbforqi2ilf38sdoapvve5;fisica;Jorge I. Zuluaga;0311602;Guardar
Sat, 04 Oct 2014 19:06:53 -0500;g4mefbforqi2ilf38sdoapvve5;fisica;Jorge I. Zuluaga;0311602;Guardar
Sat, 04 Oct 2014 19:08:04 -0500;g4mefbforqi2ilf38sdoapvve5;fisica;Jorge I. Zuluaga;0311602;Guardar
Sat, 04 Oct 2014 19:20:19 -0500;g4mefbforqi2ilf38sdoapvve5;fisica;Jorge I. Zuluaga;0311602;Guardar
Mon, 06 Oct 2014 10:19:16 -0500;1t7b3f324i6h9dqnq6utj5ara2;profesor;;0311602;Edita
Thu, 16 Oct 2014 10:55:26 -0500;k8i28rbu7a1lee1vjoc26h8ue1;profesor;Mario;0311602;Edita
Fri, 13 Feb 2015 16:17:04 +0000;ef02mnmre41d6ke46cuefian36;admin;Jorge Zuluaga;0311602;Edita
Fri, 13 Feb 2015 16:18:58 +0000;ef02mnmre41d6ke46cuefian36;admin;Jorge Zuluaga;0311602;Edita
Tue, 14 Apr 2015 05:05:21 -0500;a0ua0b6qhfkjm9hm0qej7i7s34;admin;Jorge Zuluaga;0311602;Edita
Wed, 27 May 2015 15:06:34 -0500;3tsdtd9nssjsb518n6a9ddj3t2;admin;Jorge Zuluaga;0311602;Edita
Wed, 27 May 2015 15:06:36 -0500;3tsdtd9nssjsb518n6a9ddj3t2;admin;Jorge Zuluaga;0311602;Desbloquea
Tue, 28 Jul 2015 08:36:00 -0500;133db38lhop4u32069a4r3cj34;admin;Jorge Zuluaga;0311602;Edita
Tue, 28 Jul 2015 09:05:15 -0500;k75lfr5o8bml9p0l7qlp3fo5b4;profesor;Jorge Zuluaga;0311602;Edita
Tue, 28 Jul 2015 09:13:28 -0500;k75lfr5o8bml9p0l7qlp3fo5b4;profesor;Jorge Zuluaga;0311602;Guardar
Tue, 28 Jul 2015 09:14:47 -0500;133db38lhop4u32069a4r3cj34;admin;Jorge Zuluaga;0311602;Edita
Tue, 28 Jul 2015 09:14:58 -0500;k75lfr5o8bml9p0l7qlp3fo5b4;profesor;Jorge Zuluaga;0311602;Edita
Tue, 28 Jul 2015 09:16:45 -0500;k75lfr5o8bml9p0l7qlp3fo5b4;profesor;Jorge Zuluaga;0311602;Edita
Tue, 28 Jul 2015 09:16:54 -0500;k75lfr5o8bml9p0l7qlp3fo5b4;profesor;Jorge Zuluaga;0311602;Guardar
Thu, 03 Sep 2015 13:25:21 -0500;9i7tv37daausqvs2lfm9eg2ta5;fisica;Jorge Zuluaga;0311602;Edita
