Sat, 09 May 2015 16:45:22 -0500;4ieo21ivkuj2s5kkcdek44a7o4;admin;Jorge Zuluaga;0302313;Guardar
Sat, 09 May 2015 16:55:58 -0500;4ieo21ivkuj2s5kkcdek44a7o4;admin;Jorge Zuluaga;0302313;Edita
Sat, 09 May 2015 16:56:32 -0500;4ieo21ivkuj2s5kkcdek44a7o4;admin;Jorge Zuluaga;0302313;Guardar
Wed, 13 May 2015 13:03:30 -0500;eqhjt4874t6nibfo3anj2hv1l6;admin;Jorge Zuluaga;0302313;Edita
Wed, 27 May 2015 15:04:56 -0500;3tsdtd9nssjsb518n6a9ddj3t2;admin;Jorge Zuluaga;0302313;Edita
Wed, 27 May 2015 15:04:58 -0500;3tsdtd9nssjsb518n6a9ddj3t2;admin;Jorge Zuluaga;0302313;Desbloquea
Wed, 27 May 2015 18:10:44 -0500;mepf94bp6tpttl0i04imv11d65;admin;Jorge Zuluaga;0302313;Edita
Wed, 27 May 2015 18:10:53 -0500;mepf94bp6tpttl0i04imv11d65;admin;Jorge Zuluaga;0302313;Guardar
Fri, 29 May 2015 18:56:00 -0500;3tsdtd9nssjsb518n6a9ddj3t2;admin;Jorge Zuluaga;0302313;Edita
Fri, 29 May 2015 18:57:02 -0500;3tsdtd9nssjsb518n6a9ddj3t2;admin;Jorge Zuluaga;0302313;Guardar
Fri, 29 May 2015 18:57:22 -0500;3tsdtd9nssjsb518n6a9ddj3t2;admin;Jorge Zuluaga;0302313;Guardar
Fri, 29 May 2015 18:57:30 -0500;3tsdtd9nssjsb518n6a9ddj3t2;admin;Jorge Zuluaga;0302313;Guardar
Thu, 11 Jun 2015 10:37:07 -0500;qm5gofu92fmmarcmueg265hh40;admin;Jorge Zuluaga;0302313;Edita
Thu, 11 Jun 2015 10:37:08 -0500;qm5gofu92fmmarcmueg265hh40;admin;Jorge Zuluaga;0302313;Publicar
Mon, 27 Jul 2015 05:31:21 -0500;133db38lhop4u32069a4r3cj34;admin;Jorge Zuluaga;0302313;Edita
Mon, 14 Sep 2015 17:36:23 -0500;dhpgd1i7it83hg8qjddg69pe75;profesor;Cesar Barrero;0302313;Edita
Mon, 14 Sep 2015 17:57:06 -0500;dhpgd1i7it83hg8qjddg69pe75;profesor;Cesar Barrero;0302313;Guardar
Tue, 15 Sep 2015 07:11:31 -0500;erk61lav67d4g135g35a93qdq5;profesor;Cesar Barrero;0302313;Edita
Tue, 15 Sep 2015 07:26:09 -0500;erk61lav67d4g135g35a93qdq5;profesor;Cesar Barrero;0302313;Guardar
Tue, 15 Sep 2015 07:34:51 -0500;erk61lav67d4g135g35a93qdq5;profesor;Cesar Barrero;0302313;Guardar
Tue, 15 Sep 2015 07:37:45 -0500;erk61lav67d4g135g35a93qdq5;profesor;Cesar Barrero;0302313;Guardar
Tue, 15 Sep 2015 07:38:18 -0500;erk61lav67d4g135g35a93qdq5;profesor;Cesar Barrero;0302313;Guardar
Tue, 15 Sep 2015 07:41:14 -0500;erk61lav67d4g135g35a93qdq5;profesor;Cesar Barrero;0302313;Guardar
Tue, 15 Sep 2015 07:41:26 -0500;erk61lav67d4g135g35a93qdq5;profesor;Cesar Barrero;0302313;Guardar
Tue, 15 Sep 2015 07:41:48 -0500;erk61lav67d4g135g35a93qdq5;profesor;Cesar Barrero;0302313;Edita
Tue, 15 Sep 2015 09:32:56 -0500;erk61lav67d4g135g35a93qdq5;profesor;Cesar Barrero;0302313;Edita
Tue, 15 Sep 2015 09:33:10 -0500;erk61lav67d4g135g35a93qdq5;profesor;Cesar Barrero;0302313;Edita
Tue, 15 Sep 2015 09:36:01 -0500;erk61lav67d4g135g35a93qdq5;profesor;Cesar Barrero;0302313;Guardar
Tue, 15 Sep 2015 09:36:04 -0500;erk61lav67d4g135g35a93qdq5;profesor;Cesar Barrero;0302313;Guardar
Mon, 28 Sep 2015 17:46:52 -0500;mjq498a3njncon38l9ibeepbu4;admin;Jorge Zuluaga;0302313;Edita
Mon, 28 Sep 2015 17:53:52 -0500;mjq498a3njncon38l9ibeepbu4;admin;;0302313;Guardar
Mon, 28 Sep 2015 17:55:22 -0500;mjq498a3njncon38l9ibeepbu4;admin;;0302313;Guardar
Mon, 28 Sep 2015 19:57:02 -0500;mjq498a3njncon38l9ibeepbu4;admin;Jorge Zuluaga;0302313;Edita
Mon, 28 Sep 2015 19:57:08 -0500;mjq498a3njncon38l9ibeepbu4;admin;Jorge Zuluaga;0302313;Guardar
Thu, 01 Oct 2015 06:07:57 -0500;j2gpbrvlgn9lmp9rthp9svlhl5;admin;Jorge Zuluaga;0302313;Edita
Thu, 01 Oct 2015 06:08:12 -0500;j2gpbrvlgn9lmp9rthp9svlhl5;admin;Jorge Zuluaga;0302313;Guardar
Thu, 01 Oct 2015 06:08:14 -0500;j2gpbrvlgn9lmp9rthp9svlhl5;admin;Jorge Zuluaga;0302313;Publicar
