Mon, 01 Sep 2014 11:47:46 -0500;e3i42u28vri116s73rk0cr7p12;profesor;Pablo Cuartas Restrepo;0305115;Edita
Mon, 01 Sep 2014 13:09:23 -0500;e3i42u28vri116s73rk0cr7p12;profesor;Pablo Cuartas Restrepo;0305115;Edita
Mon, 01 Sep 2014 13:09:38 -0500;e3i42u28vri116s73rk0cr7p12;profesor;Pablo Cuartas Restrepo;0305115;Guardar
Mon, 01 Sep 2014 13:13:18 -0500;e3i42u28vri116s73rk0cr7p12;profesor;Pablo Cuartas Restrepo;0305115;Guardar
Mon, 01 Sep 2014 13:17:04 -0500;e3i42u28vri116s73rk0cr7p12;profesor;Pablo Cuartas Restrepo;0305115;Guardar
Mon, 01 Sep 2014 13:19:21 -0500;e3i42u28vri116s73rk0cr7p12;profesor;Pablo Cuartas Restrepo;0305115;Guardar
Mon, 01 Sep 2014 13:21:30 -0500;e3i42u28vri116s73rk0cr7p12;profesor;Pablo Cuartas Restrepo;0305115;Guardar
Mon, 01 Sep 2014 13:24:30 -0500;e3i42u28vri116s73rk0cr7p12;profesor;Pablo Cuartas Restrepo;0305115;Guardar
Mon, 01 Sep 2014 13:25:05 -0500;e3i42u28vri116s73rk0cr7p12;profesor;Pablo Cuartas Restrepo;0305115;Guardar
Mon, 01 Sep 2014 13:26:15 -0500;e3i42u28vri116s73rk0cr7p12;profesor;Pablo Cuartas Restrepo;0305115;Guardar
Mon, 01 Sep 2014 13:26:36 -0500;e3i42u28vri116s73rk0cr7p12;profesor;Pablo Cuartas Restrepo;0305115;Guardar
Mon, 01 Sep 2014 13:27:21 -0500;e3i42u28vri116s73rk0cr7p12;profesor;Pablo Cuartas Restrepo;0305115;Guardar
Mon, 01 Sep 2014 13:28:10 -0500;e3i42u28vri116s73rk0cr7p12;profesor;Pablo Cuartas Restrepo;0305115;Guardar
Mon, 01 Sep 2014 13:29:03 -0500;e3i42u28vri116s73rk0cr7p12;profesor;Pablo Cuartas Restrepo;0305115;Guardar
Mon, 01 Sep 2014 13:29:46 -0500;e3i42u28vri116s73rk0cr7p12;profesor;Pablo Cuartas Restrepo;0305115;Guardar
Mon, 01 Sep 2014 13:30:23 -0500;e3i42u28vri116s73rk0cr7p12;profesor;Pablo Cuartas Restrepo;0305115;Guardar
Mon, 08 Sep 2014 15:22:13 -0500;lja95nji2jpuq1jlcqi817bg21;profesor;Pablo Cuartas Restrepo;0305115;Edita
Thu, 09 Oct 2014 15:19:04 -0500;u7ar9rrs3avtv9lcor4dc5qi12;fisica;Jorge Zuluaga;0305115;Edita
Thu, 16 Oct 2014 12:19:41 -0500;u02lurgv3hlcndkr78gs8vuoa4;fisica;Pablo Cuartas Restrepo;0305115;Edita
Mon, 27 Oct 2014 11:01:29 -0500;l1u3ghcdphcselqaavv6c14qf5;fisica;Pablo Cuartas Restrepo;0305115;Guardar
Mon, 27 Oct 2014 11:01:33 -0500;l1u3ghcdphcselqaavv6c14qf5;fisica;Pablo Cuartas Restrepo;0305115;Desbloquea
Mon, 27 Oct 2014 11:02:34 -0500;l1u3ghcdphcselqaavv6c14qf5;fisica;Pablo Cuartas Restrepo;0305115;Edita
Mon, 23 Mar 2015 20:56:58 -0500;6q2v4u94opt7r107i7s9a2rml0;fisica;Pablo Cuartas;0305115;Edita
Wed, 27 May 2015 18:20:22 -0500;mepf94bp6tpttl0i04imv11d65;admin;Jorge Zuluaga;0305115;Edita
