Wed, 13 May 2015 11:14:15 -0500;phc3bih0vu3on46025ielt0t45;admin;Jorge Zuluaga;0302495;Guardar
Wed, 27 May 2015 18:18:43 -0500;mepf94bp6tpttl0i04imv11d65;admin;Jorge Zuluaga;0302495;Edita
Wed, 27 May 2015 18:18:52 -0500;mepf94bp6tpttl0i04imv11d65;admin;Jorge Zuluaga;0302495;Guardar
Tue, 02 Jun 2015 07:32:50 -0500;9tv3q903f11ke3iunf4hj315m4;admin;Jorge Zuluaga;0302495;Edita
Tue, 02 Jun 2015 07:35:48 -0500;9tv3q903f11ke3iunf4hj315m4;admin;Jorge Zuluaga;0302495;Guardar
Fri, 11 Sep 2015 16:10:58 -0500;mt1o9jgk7sqogesij4tc9fetq6;profesor;Jose Luis Sanz;0302495;Edita
Fri, 11 Sep 2015 19:48:28 -0500;mt1o9jgk7sqogesij4tc9fetq6;profesor;Jose Luis Sanz;0302495;Edita
Fri, 11 Sep 2015 19:49:12 -0500;mt1o9jgk7sqogesij4tc9fetq6;profesor;Jose Luis Sanz;0302495;Edita
Fri, 11 Sep 2015 20:02:03 -0500;mt1o9jgk7sqogesij4tc9fetq6;profesor;Jose Luis Sanz;0302495;Guardar
Mon, 14 Sep 2015 01:31:33 -0500;5emk0bi29r1t058hsiv36jpf27;admin;Jorge Zuluaga;0302495;Edita
Mon, 14 Sep 2015 01:31:38 -0500;5emk0bi29r1t058hsiv36jpf27;admin;Jorge Zuluaga;0302495;Desbloquea
Mon, 14 Sep 2015 01:32:42 -0500;5emk0bi29r1t058hsiv36jpf27;admin;Jorge Zuluaga;0302495;Guardar
Mon, 14 Sep 2015 01:34:16 -0500;5emk0bi29r1t058hsiv36jpf27;admin;Jorge Zuluaga;0302495;Guardar
Mon, 14 Sep 2015 01:34:51 -0500;5emk0bi29r1t058hsiv36jpf27;admin;Jorge Zuluaga;0302495;Guardar
Mon, 14 Sep 2015 07:35:29 -0500;4jqcmipuu4v95eh9jivq8fdtl0;admin;Jorge Zuluaga;0302495;Edita
Mon, 14 Sep 2015 07:35:34 -0500;4jqcmipuu4v95eh9jivq8fdtl0;admin;Jorge Zuluaga;0302495;Guardar
Mon, 14 Sep 2015 13:39:06 -0500;dcu0c70gaggsh5fo54gomscse0;profesor;José Luis Sanz;0302495;Edita
Mon, 14 Sep 2015 13:45:15 -0500;dcu0c70gaggsh5fo54gomscse0;profesor;José Luis Sanz;0302495;Guardar
Mon, 14 Sep 2015 16:32:43 -0500;dcu0c70gaggsh5fo54gomscse0;profesor;José Luis Sanz;0302495;Edita
Mon, 14 Sep 2015 16:33:36 -0500;dcu0c70gaggsh5fo54gomscse0;profesor;José Luis Sanz;0302495;Edita
Mon, 14 Sep 2015 16:34:30 -0500;dcu0c70gaggsh5fo54gomscse0;profesor;José Luis Sanz;0302495;Guardar
Mon, 14 Sep 2015 16:34:38 -0500;dcu0c70gaggsh5fo54gomscse0;profesor;José Luis Sanz;0302495;Edita
Mon, 14 Sep 2015 16:43:24 -0500;dcu0c70gaggsh5fo54gomscse0;profesor;;0302495;Guardar
Mon, 14 Sep 2015 16:54:57 -0500;dcu0c70gaggsh5fo54gomscse0;profesor;;0302495;Guardar
