Mon, 11 May 2015 13:33:46 -0500;ed747a4utpd36lbqjtp3f0ilc0;admin;Jorge Zuluaga;0302360;Guardar
Mon, 11 May 2015 13:35:11 -0500;ed747a4utpd36lbqjtp3f0ilc0;admin;Jorge Zuluaga;0302360;Edita
Mon, 11 May 2015 13:35:18 -0500;ed747a4utpd36lbqjtp3f0ilc0;admin;Jorge Zuluaga;0302360;Guardar
Wed, 27 May 2015 18:13:02 -0500;mepf94bp6tpttl0i04imv11d65;admin;Jorge Zuluaga;0302360;Edita
Wed, 27 May 2015 18:13:11 -0500;mepf94bp6tpttl0i04imv11d65;admin;Jorge Zuluaga;0302360;Guardar
Tue, 02 Jun 2015 06:26:20 -0500;9tv3q903f11ke3iunf4hj315m4;admin;Jorge Zuluaga;0302360;Edita
Tue, 02 Jun 2015 06:29:24 -0500;9tv3q903f11ke3iunf4hj315m4;admin;Jorge Zuluaga;0302360;Guardar
Tue, 02 Jun 2015 06:29:48 -0500;9tv3q903f11ke3iunf4hj315m4;admin;Jorge Zuluaga;0302360;Guardar
Tue, 08 Sep 2015 09:58:47 -0500;d2g3ej6pfl2k94dnk298dd21e5;profesor;Carlos Duque;0302360;Edita
Tue, 08 Sep 2015 10:03:57 -0500;d2g3ej6pfl2k94dnk298dd21e5;profesor;Carlos Duque;0302360;Edita
Tue, 08 Sep 2015 10:24:02 -0500;d2g3ej6pfl2k94dnk298dd21e5;profesor;Carlos Duque;0302360;Guardar
Tue, 08 Sep 2015 10:24:36 -0500;d2g3ej6pfl2k94dnk298dd21e5;profesor;Carlos Duque;0302360;Edita
Mon, 14 Sep 2015 01:55:20 -0500;5emk0bi29r1t058hsiv36jpf27;admin;Jorge Zuluaga;0302360;Edita
Mon, 14 Sep 2015 01:55:22 -0500;5emk0bi29r1t058hsiv36jpf27;admin;Jorge Zuluaga;0302360;Desbloquea
Mon, 14 Sep 2015 01:55:36 -0500;5emk0bi29r1t058hsiv36jpf27;admin;Jorge Zuluaga;0302360;Guardar
Mon, 28 Sep 2015 18:48:45 -0500;mjq498a3njncon38l9ibeepbu4;admin;Jorge Zuluaga;0302360;Edita
Mon, 28 Sep 2015 18:53:22 -0500;mjq498a3njncon38l9ibeepbu4;admin;Jorge Zuluaga;0302360;Guardar
Thu, 01 Oct 2015 06:00:46 -0500;j2gpbrvlgn9lmp9rthp9svlhl5;admin;Jorge Zuluaga;0302360;Edita
Thu, 01 Oct 2015 06:03:41 -0500;j2gpbrvlgn9lmp9rthp9svlhl5;admin;Jorge Zuluaga;0302360;Guardar
Thu, 01 Oct 2015 06:03:52 -0500;j2gpbrvlgn9lmp9rthp9svlhl5;admin;Jorge Zuluaga;0302360;Guardar
Thu, 01 Oct 2015 06:03:55 -0500;j2gpbrvlgn9lmp9rthp9svlhl5;admin;Jorge Zuluaga;0302360;Publicar
Thu, 01 Oct 2015 06:03:56 -0500;j2gpbrvlgn9lmp9rthp9svlhl5;admin;Jorge Zuluaga;0302360;Guardar
Tue, 09 Feb 2016 10:38:13 -0500;gi6mrpopi1m323s1kv6c461si1;profesor;vonderpahlen;0302360;Edita
Tue, 09 Feb 2016 11:59:02 -0500;gi6mrpopi1m323s1kv6c461si1;profesor;vonderpahlen;0302360;Edita
Tue, 09 Feb 2016 11:59:10 -0500;gi6mrpopi1m323s1kv6c461si1;profesor;vonderpahlen;0302360;Edita
Tue, 09 Feb 2016 12:15:30 -0500;7lsb5n48f6jk2p3ds791laijd3;profesor;Carlos Duque;0302360;Edita
Tue, 09 Feb 2016 12:20:58 -0500;7lsb5n48f6jk2p3ds791laijd3;profesor;Carlos Duque;0302360;Desbloquea
