Sun, 10 May 2015 23:07:30 -0500;q29s3js46r7jae3p11ld8ul1t6;admin;Jorge Zuluaga;0302332;Guardar
Sun, 10 May 2015 23:16:17 -0500;dpo0k554riedc03h5entoro5e1;admin;Jorge Zuluaga;0302332;Edita
Sun, 10 May 2015 23:35:57 -0500;dpo0k554riedc03h5entoro5e1;admin;Jorge Zuluaga;0302332;Guardar
Wed, 27 May 2015 18:12:02 -0500;mepf94bp6tpttl0i04imv11d65;admin;Jorge Zuluaga;0302332;Edita
Wed, 27 May 2015 18:12:09 -0500;mepf94bp6tpttl0i04imv11d65;admin;Jorge Zuluaga;0302332;Guardar
Sat, 30 May 2015 13:49:56 -0500;uucnltj3e7htqvnrlv5b639nu5;admin;Jorge Zuluaga;0302332;Edita
Sat, 30 May 2015 13:51:34 -0500;uucnltj3e7htqvnrlv5b639nu5;admin;Jorge Zuluaga;0302332;Guardar
Tue, 04 Aug 2015 16:44:45 -0500;d9gb46shgaod8g5kj2auhm7eu6;profesor;Luis Felipe Ramirez Garcia;0302332;Edita
Tue, 04 Aug 2015 17:08:03 -0500;d9gb46shgaod8g5kj2auhm7eu6;profesor;Luis Felipe Ramirez Garcia;0302332;Edita
Wed, 05 Aug 2015 17:39:33 -0500;jqvfkfohf8g6efpmmrf90l2ta4;admin;Jorge Zuluaga;0302332;Edita
Wed, 05 Aug 2015 19:46:34 -0500;0vlmr9jmkq3efhgvhubnmj4js7;profesor;Luis Felipe Ramirez Garcia;0302332;Edita
Tue, 11 Aug 2015 09:12:12 -0500;gqn3091dptul1fhggp46bfhro6;profesor;Luis Felipe Ramirez Garcia;0302332;Edita
Tue, 11 Aug 2015 09:39:53 -0500;gqn3091dptul1fhggp46bfhro6;profesor;Luis Felipe Ramirez Garcia;0302332;Guardar
Tue, 11 Aug 2015 09:39:58 -0500;gqn3091dptul1fhggp46bfhro6;profesor;Luis Felipe Ramirez Garcia;0302332;Guardar
Tue, 11 Aug 2015 09:59:41 -0500;gqn3091dptul1fhggp46bfhro6;profesor;Luis Felipe Ramirez Garcia;0302332;Guardar
Tue, 11 Aug 2015 10:23:47 -0500;gqn3091dptul1fhggp46bfhro6;profesor;Luis Felipe Ramirez Garcia;0302332;Guardar
Tue, 11 Aug 2015 10:32:48 -0500;gqn3091dptul1fhggp46bfhro6;profesor;Luis Felipe Ramirez Garcia;0302332;Guardar
Tue, 11 Aug 2015 10:41:00 -0500;gqn3091dptul1fhggp46bfhro6;profesor;Luis Felipe Ramirez Garcia;0302332;Guardar
Tue, 11 Aug 2015 10:46:51 -0500;gqn3091dptul1fhggp46bfhro6;profesor;Luis Felipe Ramirez Garcia;0302332;Guardar
Tue, 11 Aug 2015 11:01:36 -0500;gqn3091dptul1fhggp46bfhro6;profesor;Luis Felipe Ramirez Garcia;0302332;Guardar
Tue, 11 Aug 2015 11:19:56 -0500;gqn3091dptul1fhggp46bfhro6;profesor;Luis Felipe Ramirez Garcia;0302332;Guardar
Tue, 11 Aug 2015 11:20:25 -0500;gqn3091dptul1fhggp46bfhro6;profesor;Luis Felipe Ramirez Garcia;0302332;Guardar
Tue, 11 Aug 2015 11:21:52 -0500;gqn3091dptul1fhggp46bfhro6;profesor;Luis Felipe Ramirez Garcia;0302332;Guardar
Tue, 11 Aug 2015 11:31:54 -0500;gqn3091dptul1fhggp46bfhro6;profesor;Luis Felipe Ramirez Garcia;0302332;Guardar
Tue, 11 Aug 2015 11:41:10 -0500;gqn3091dptul1fhggp46bfhro6;profesor;Luis Felipe Ramirez Garcia;0302332;Guardar
Tue, 11 Aug 2015 11:43:01 -0500;gqn3091dptul1fhggp46bfhro6;profesor;Luis Felipe Ramirez Garcia;0302332;Guardar
Tue, 11 Aug 2015 11:49:00 -0500;gqn3091dptul1fhggp46bfhro6;profesor;Luis Felipe Ramirez Garcia;0302332;Guardar
Tue, 11 Aug 2015 11:49:37 -0500;gqn3091dptul1fhggp46bfhro6;profesor;Luis Felipe Ramirez Garcia;0302332;Guardar
Tue, 11 Aug 2015 11:53:57 -0500;gqn3091dptul1fhggp46bfhro6;profesor;Luis Felipe Ramirez Garcia;0302332;Guardar
Tue, 11 Aug 2015 11:55:09 -0500;gqn3091dptul1fhggp46bfhro6;profesor;Luis Felipe Ramirez Garcia;0302332;Guardar
Tue, 11 Aug 2015 11:56:38 -0500;gqn3091dptul1fhggp46bfhro6;profesor;Luis Felipe Ramirez Garcia;0302332;Guardar
Tue, 11 Aug 2015 11:57:51 -0500;gqn3091dptul1fhggp46bfhro6;profesor;Luis Felipe Ramirez Garcia;0302332;Guardar
Tue, 11 Aug 2015 12:02:54 -0500;gqn3091dptul1fhggp46bfhro6;profesor;Luis Felipe Ramirez Garcia;0302332;Guardar
Tue, 11 Aug 2015 12:03:06 -0500;gqn3091dptul1fhggp46bfhro6;profesor;Luis Felipe Ramirez Garcia;0302332;Guardar
Tue, 11 Aug 2015 12:04:27 -0500;gqn3091dptul1fhggp46bfhro6;profesor;Luis Felipe Ramirez Garcia;0302332;Guardar
Tue, 11 Aug 2015 12:11:09 -0500;gqn3091dptul1fhggp46bfhro6;profesor;Luis Felipe Ramirez Garcia;0302332;Guardar
Tue, 11 Aug 2015 12:15:14 -0500;gqn3091dptul1fhggp46bfhro6;profesor;Luis Felipe Ramirez Garcia;0302332;Edita
Tue, 11 Aug 2015 12:17:04 -0500;gqn3091dptul1fhggp46bfhro6;profesor;Luis Felipe Ramirez Garcia;0302332;Guardar
Tue, 11 Aug 2015 12:17:59 -0500;gqn3091dptul1fhggp46bfhro6;profesor;Luis Felipe Ramirez Garcia;0302332;Guardar
