Mon, 28 Sep 2015 07:52:47 -0500;mjq498a3njncon38l9ibeepbu4;admin;Jorge Zuluaga;0302318;Guardar
Mon, 28 Sep 2015 07:54:22 -0500;mjq498a3njncon38l9ibeepbu4;admin;Jorge Zuluaga;0302318;Edita
Mon, 28 Sep 2015 07:57:26 -0500;mjq498a3njncon38l9ibeepbu4;admin;Jorge Zuluaga;0302318;Guardar
Mon, 28 Sep 2015 07:58:05 -0500;mjq498a3njncon38l9ibeepbu4;admin;Jorge Zuluaga;0302318;Guardar
Thu, 01 Oct 2015 05:57:33 -0500;j2gpbrvlgn9lmp9rthp9svlhl5;admin;Jorge Zuluaga;0302318;Edita
Thu, 01 Oct 2015 05:58:13 -0500;j2gpbrvlgn9lmp9rthp9svlhl5;admin;Jorge Zuluaga;0302318;Guardar
Thu, 01 Oct 2015 05:58:26 -0500;j2gpbrvlgn9lmp9rthp9svlhl5;admin;Jorge Zuluaga;0302318;Publicar
Thu, 01 Oct 2015 05:58:28 -0500;j2gpbrvlgn9lmp9rthp9svlhl5;admin;Jorge Zuluaga;0302318;Guardar
Tue, 26 Apr 2016 14:35:53 -0500;h0baflh0s5bdc8h1c70pqp0rg5;profesor;John Fredy;0302318;Edita
Tue, 26 Jul 2016 17:15:19 -0500;8bcjp6ltt0su9m4dvqot7pomk0;admin;Jorge Zuluaga;0302318;Edita
Mon, 01 Aug 2016 15:21:43 -0500;7ivh6n3l347bevci826obj05k4;profesor;;0302318;Edita
Mon, 23 Jan 2017 16:05:42 -0500;qkqmaup6h34l8mj6uc7okhufu7;profesor;John Fredy;0302318;Edita
Mon, 23 Jan 2017 16:08:08 -0500;qkqmaup6h34l8mj6uc7okhufu7;profesor;John Fredy;0302318;Desbloquea
Mon, 23 Jan 2017 16:09:17 -0500;qkqmaup6h34l8mj6uc7okhufu7;profesor;John Fredy;0302318;Guardar
Mon, 23 Jan 2017 16:09:25 -0500;qkqmaup6h34l8mj6uc7okhufu7;profesor;John Fredy;0302318;Guardar
Mon, 23 Jan 2017 16:10:20 -0500;qkqmaup6h34l8mj6uc7okhufu7;profesor;John Fredy;0302318;Edita
Mon, 23 Jan 2017 16:11:39 -0500;qkqmaup6h34l8mj6uc7okhufu7;profesor;John Fredy;0302318;Guardar
Mon, 23 Jan 2017 16:11:40 -0500;qkqmaup6h34l8mj6uc7okhufu7;profesor;John Fredy;0302318;Guardar
Mon, 23 Jan 2017 16:12:30 -0500;qkqmaup6h34l8mj6uc7okhufu7;profesor;John Fredy;0302318;Guardar
Mon, 23 Jan 2017 16:13:20 -0500;qkqmaup6h34l8mj6uc7okhufu7;profesor;John Fredy;0302318;Guardar
Mon, 23 Jan 2017 16:14:26 -0500;qkqmaup6h34l8mj6uc7okhufu7;profesor;John Fredy;0302318;Guardar
Mon, 23 Jan 2017 16:17:05 -0500;qkqmaup6h34l8mj6uc7okhufu7;profesor;John Fredy;0302318;Edita
Mon, 23 Jan 2017 16:27:04 -0500;qkqmaup6h34l8mj6uc7okhufu7;profesor;John Fredy;0302318;Edita
Mon, 23 Jan 2017 16:46:46 -0500;qkqmaup6h34l8mj6uc7okhufu7;profesor;John Fredy;0302318;Guardar
Tue, 24 Jan 2017 15:20:15 -0500;6ui0gttkevaqelkdirgocei3b7;profesor;Usuario;0302318;Edita
Tue, 24 Jan 2017 15:26:23 -0500;6ui0gttkevaqelkdirgocei3b7;profesor;Usuario;0302318;Guardar
Tue, 24 Jan 2017 15:26:38 -0500;6ui0gttkevaqelkdirgocei3b7;profesor;Usuario;0302318;Edita
Tue, 24 Jan 2017 15:27:43 -0500;6ui0gttkevaqelkdirgocei3b7;profesor;Usuario;0302318;Guardar
Wed, 25 Jan 2017 10:50:52 -0500;4652jpiicg8jno8dr8jm8q1kt1;profesor;Usuario;0302318;Edita
Wed, 25 Jan 2017 11:09:17 -0500;4652jpiicg8jno8dr8jm8q1kt1;profesor;Usuario;0302318;Guardar
Wed, 25 Jan 2017 11:09:40 -0500;4652jpiicg8jno8dr8jm8q1kt1;profesor;Usuario;0302318;Edita
Wed, 25 Jan 2017 11:11:17 -0500;4652jpiicg8jno8dr8jm8q1kt1;profesor;Usuario;0302318;Guardar
Wed, 25 Jan 2017 11:12:15 -0500;4652jpiicg8jno8dr8jm8q1kt1;profesor;Usuario;0302318;Edita
Wed, 25 Jan 2017 11:12:45 -0500;4652jpiicg8jno8dr8jm8q1kt1;profesor;Usuario;0302318;Guardar
Wed, 25 Jan 2017 11:38:09 -0500;4652jpiicg8jno8dr8jm8q1kt1;profesor;Usuario;0302318;Edita
Wed, 25 Jan 2017 14:05:55 -0500;bud2fl5gnesdbvj4frlkfbjah1;profesor;Usuario;0302318;Edita
Wed, 25 Jan 2017 14:05:58 -0500;bud2fl5gnesdbvj4frlkfbjah1;profesor;Usuario;0302318;Desbloquea
