Mon, 01 Sep 2014 13:32:06 -0500;1rkgqv1q2j96sgrmrk5b5tjif1;profesor;Esteban Silva Villa;0311704;Edita
Thu, 23 Oct 2014 08:17:04 -0500;1rkgqv1q2j96sgrmrk5b5tjif1;profesor;Esteban Silva Villa;0311704;Edita
Thu, 23 Oct 2014 08:27:02 -0500;1rkgqv1q2j96sgrmrk5b5tjif1;profesor;Esteban Silva Villa;0311704;Guardar
Thu, 23 Oct 2014 08:44:50 -0500;1rkgqv1q2j96sgrmrk5b5tjif1;profesor;Esteban Silva Villa;0311704;Guardar
Thu, 23 Oct 2014 09:26:33 -0500;1rkgqv1q2j96sgrmrk5b5tjif1;profesor;Esteban Silva Villa;0311704;Guardar
Thu, 23 Oct 2014 09:43:24 -0500;1rkgqv1q2j96sgrmrk5b5tjif1;profesor;Esteban Silva Villa;0311704;Guardar
Thu, 23 Oct 2014 10:18:46 -0500;1rkgqv1q2j96sgrmrk5b5tjif1;profesor;Esteban Silva Villa;0311704;Guardar
Thu, 23 Oct 2014 10:22:02 -0500;1rkgqv1q2j96sgrmrk5b5tjif1;profesor;Esteban Silva Villa;0311704;Guardar
Thu, 23 Oct 2014 10:24:19 -0500;1rkgqv1q2j96sgrmrk5b5tjif1;profesor;Esteban Silva Villa;0311704;Guardar
Thu, 23 Oct 2014 13:11:07 -0500;7hd0elrpvsjr5qphporbjcj9v1;profesor;Carlos Molina;0311704;Edita
Thu, 23 Oct 2014 13:26:35 -0500;7hd0elrpvsjr5qphporbjcj9v1;profesor;Carlos Molina;0311704;Guardar
Thu, 23 Oct 2014 13:26:47 -0500;7hd0elrpvsjr5qphporbjcj9v1;profesor;Carlos Molina;0311704;Guardar
Fri, 24 Oct 2014 09:14:55 -0500;1rkgqv1q2j96sgrmrk5b5tjif1;profesor;Esteban Silva Villa;0311704;Edita
Fri, 24 Oct 2014 09:21:11 -0500;1rkgqv1q2j96sgrmrk5b5tjif1;profesor;Esteban Silva Villa;0311704;Guardar
Tue, 08 Sep 2015 09:33:46 -0500;vo57uhp8gc7u6q0n55if4ffe86;profesor;Carlos Augusto Molina;0311704;Edita
Fri, 11 Sep 2015 09:33:39 -0500;qbm3mfjt8a16nkp3pkpjga9500;profesor;Carlos Augusto Molina;0311704;Edita
Fri, 11 Sep 2015 09:34:38 -0500;qbm3mfjt8a16nkp3pkpjga9500;profesor;Carlos Augusto Molina;0311704;Desbloquea
Fri, 11 Sep 2015 09:36:54 -0500;qbm3mfjt8a16nkp3pkpjga9500;profesor;Carlos Augusto Molina;0311704;Guardar
Mon, 14 Sep 2015 01:38:16 -0500;5emk0bi29r1t058hsiv36jpf27;admin;Jorge Zuluaga;0311704;Edita
Mon, 14 Sep 2015 01:38:34 -0500;5emk0bi29r1t058hsiv36jpf27;admin;Jorge Zuluaga;0311704;Guardar
Mon, 14 Sep 2015 01:40:00 -0500;5emk0bi29r1t058hsiv36jpf27;admin;Jorge Zuluaga;0311704;Guardar
Thu, 24 Sep 2015 15:47:28 -0500;rg0l7ih3h5hmg7tc0uuf2ugdl2;admin;Jorge Zuluaga;0311704;Edita
Thu, 24 Sep 2015 16:42:31 -0500;rg0l7ih3h5hmg7tc0uuf2ugdl2;admin;Jorge Zuluaga;0311704;Guardar
Thu, 24 Sep 2015 16:45:17 -0500;rg0l7ih3h5hmg7tc0uuf2ugdl2;admin;Jorge Zuluaga;0311704;Guardar
Thu, 24 Sep 2015 16:46:01 -0500;rg0l7ih3h5hmg7tc0uuf2ugdl2;admin;Jorge Zuluaga;0311704;Guardar
Fri, 25 Sep 2015 08:13:40 -0500;rg0l7ih3h5hmg7tc0uuf2ugdl2;admin;Jorge Zuluaga;0311704;Edita
Fri, 25 Sep 2015 08:13:56 -0500;rg0l7ih3h5hmg7tc0uuf2ugdl2;admin;Jorge Zuluaga;0311704;Guardar
Fri, 25 Sep 2015 08:29:36 -0500;rg0l7ih3h5hmg7tc0uuf2ugdl2;admin;Jorge Zuluaga;0311704;Edita
Fri, 25 Sep 2015 08:29:45 -0500;rg0l7ih3h5hmg7tc0uuf2ugdl2;admin;Jorge Zuluaga;0311704;Guardar
Thu, 01 Oct 2015 07:04:29 -0500;j2gpbrvlgn9lmp9rthp9svlhl5;admin;Jorge Zuluaga;0311704;Edita
Thu, 01 Oct 2015 07:04:46 -0500;j2gpbrvlgn9lmp9rthp9svlhl5;admin;Jorge Zuluaga;0311704;Guardar
Thu, 01 Oct 2015 07:04:48 -0500;j2gpbrvlgn9lmp9rthp9svlhl5;admin;Jorge Zuluaga;0311704;Publicar
Thu, 01 Oct 2015 07:04:49 -0500;j2gpbrvlgn9lmp9rthp9svlhl5;admin;Jorge Zuluaga;0311704;Guardar
Tue, 12 Jul 2016 14:05:16 -0500;bse63qp1qpmevjcnc2ha2vu9m0;profesor;Carlos Molina;0311704;Edita
Tue, 12 Jul 2016 14:37:05 -0500;bse63qp1qpmevjcnc2ha2vu9m0;profesor;Carlos Molina;0311704;Guardar
Tue, 12 Jul 2016 14:56:45 -0500;bse63qp1qpmevjcnc2ha2vu9m0;profesor;Carlos Molina;0311704;Guardar
Tue, 12 Jul 2016 15:23:35 -0500;bse63qp1qpmevjcnc2ha2vu9m0;profesor;Carlos Molina;0311704;Guardar
Tue, 12 Jul 2016 15:23:39 -0500;bse63qp1qpmevjcnc2ha2vu9m0;profesor;Carlos Molina;0311704;Guardar
Tue, 12 Jul 2016 15:25:48 -0500;bse63qp1qpmevjcnc2ha2vu9m0;profesor;Carlos Molina;0311704;Guardar
Tue, 12 Jul 2016 15:26:29 -0500;bse63qp1qpmevjcnc2ha2vu9m0;profesor;Carlos Molina;0311704;Guardar
Tue, 12 Jul 2016 15:28:51 -0500;bse63qp1qpmevjcnc2ha2vu9m0;profesor;Carlos Molina;0311704;Edita
Tue, 12 Jul 2016 15:29:46 -0500;bse63qp1qpmevjcnc2ha2vu9m0;profesor;Carlos Molina;0311704;Guardar
Tue, 12 Jul 2016 15:31:34 -0500;bse63qp1qpmevjcnc2ha2vu9m0;profesor;Carlos Molina;0311704;Guardar
Thu, 14 Jul 2016 18:02:19 -0500;bse63qp1qpmevjcnc2ha2vu9m0;profesor;Carlos Molina;0311704;Edita
Mon, 29 Aug 2016 13:01:51 -0500;7g80a01epqll59786gbvamps26;admin;Jorge Zuluaga;0311704;Edita
Mon, 29 Aug 2016 13:03:37 -0500;7g80a01epqll59786gbvamps26;admin;Jorge Zuluaga;0311704;Guardar
Mon, 29 Aug 2016 13:04:58 -0500;7g80a01epqll59786gbvamps26;admin;Jorge Zuluaga;0311704;Edita
Mon, 29 Aug 2016 13:05:05 -0500;7g80a01epqll59786gbvamps26;admin;Jorge Zuluaga;0311704;Guardar
Mon, 29 Aug 2016 16:18:51 -0500;7g80a01epqll59786gbvamps26;admin;;0311704;Edita
Mon, 29 Aug 2016 16:19:12 -0500;7g80a01epqll59786gbvamps26;admin;;0311704;Guardar
