Fri, 29 Aug 2014 14:14:51 -0500;5gsuni521smsrq06dehfceu3j2;profesor;Juan Carlos Mu単oz Cuartas;0311803;Edita
Fri, 29 Aug 2014 14:33:06 -0500;5gsuni521smsrq06dehfceu3j2;profesor;Juan Carlos Mu単oz Cuartas;0311803;Guardar
Mon, 01 Sep 2014 11:11:34 -0500;e8duo65jvgooflv03hmbe7sh17;profesor;Esteban Silva Villa;0311803;Edita
Mon, 01 Sep 2014 13:32:38 -0500;1rkgqv1q2j96sgrmrk5b5tjif1;profesor;Esteban Silva Villa;0311803;Edita
Tue, 08 Sep 2015 08:14:46 -0500;q2n97c1eka6c4t8bquqsma2gu7;admin;Jorge Zuluaga;0311803;Edita
Fri, 11 Sep 2015 06:23:05 -0500;oud2jlkd007d4sordbep8s58h4;profesor;Juan Carlos Mu単oz;0311803;Edita
Fri, 11 Sep 2015 06:30:03 -0500;oud2jlkd007d4sordbep8s58h4;profesor;Juan Carlos Mu単oz;0311803;Guardar
Mon, 14 Sep 2015 02:48:27 -0500;ka17btog101tav4h0s584sogg1;admin;Jorge Zuluaga;0311803;Edita
Mon, 14 Sep 2015 02:48:38 -0500;ka17btog101tav4h0s584sogg1;admin;Jorge Zuluaga;0311803;Guardar
Mon, 28 Sep 2015 17:20:08 -0500;mjq498a3njncon38l9ibeepbu4;admin;Jorge Zuluaga;0311803;Edita
Mon, 28 Sep 2015 17:36:29 -0500;mjq498a3njncon38l9ibeepbu4;admin;Jorge Zuluaga;0311803;Guardar
Thu, 01 Oct 2015 07:07:51 -0500;j2gpbrvlgn9lmp9rthp9svlhl5;admin;Jorge Zuluaga;0311803;Edita
Thu, 01 Oct 2015 07:08:08 -0500;j2gpbrvlgn9lmp9rthp9svlhl5;admin;Jorge Zuluaga;0311803;Guardar
Thu, 01 Oct 2015 07:08:10 -0500;j2gpbrvlgn9lmp9rthp9svlhl5;admin;Jorge Zuluaga;0311803;Publicar
Thu, 01 Oct 2015 07:08:12 -0500;j2gpbrvlgn9lmp9rthp9svlhl5;admin;Jorge Zuluaga;0311803;Guardar
Mon, 11 Apr 2016 14:38:10 -0500;c2uvebb2u7g1ecjjsdf29394j2;profesor;Pablo;0311803;Edita
Mon, 11 Apr 2016 14:38:41 -0500;c2uvebb2u7g1ecjjsdf29394j2;profesor;Pablo;0311803;Guardar
Mon, 11 Apr 2016 14:42:41 -0500;c2uvebb2u7g1ecjjsdf29394j2;profesor;Pablo;0311803;Guardar
Mon, 11 Apr 2016 14:45:15 -0500;c2uvebb2u7g1ecjjsdf29394j2;profesor;Pablo;0311803;Guardar
Mon, 11 Apr 2016 14:45:50 -0500;c2uvebb2u7g1ecjjsdf29394j2;profesor;Pablo;0311803;Guardar
Mon, 11 Apr 2016 14:47:12 -0500;c2uvebb2u7g1ecjjsdf29394j2;profesor;Pablo;0311803;Guardar
Mon, 11 Apr 2016 14:50:50 -0500;c2uvebb2u7g1ecjjsdf29394j2;profesor;Pablo;0311803;Guardar
Mon, 11 Apr 2016 14:52:27 -0500;c2uvebb2u7g1ecjjsdf29394j2;profesor;Pablo;0311803;Guardar
Mon, 11 Apr 2016 14:53:06 -0500;c2uvebb2u7g1ecjjsdf29394j2;profesor;Pablo;0311803;Guardar
Mon, 11 Apr 2016 14:55:09 -0500;c2uvebb2u7g1ecjjsdf29394j2;profesor;Pablo;0311803;Guardar
