Mon, 11 May 2015 11:53:43 -0500;i5var7kg59geiop2dvbbppm9k3;admin;Jorge Zuluaga;0302375;Guardar
Wed, 27 May 2015 18:13:29 -0500;mepf94bp6tpttl0i04imv11d65;admin;Jorge Zuluaga;0302375;Edita
Wed, 27 May 2015 18:13:47 -0500;mepf94bp6tpttl0i04imv11d65;admin;Jorge Zuluaga;0302375;Guardar
Tue, 02 Jun 2015 06:32:24 -0500;9tv3q903f11ke3iunf4hj315m4;admin;Jorge Zuluaga;0302375;Edita
Tue, 02 Jun 2015 06:33:42 -0500;9tv3q903f11ke3iunf4hj315m4;admin;Jorge Zuluaga;0302375;Guardar
Wed, 29 Jul 2015 12:38:11 -0500;da1ld630q2i0h94b0ohb142lt1;profesor;Fernando Andrés Londoño Badillo;0302375;Edita
Wed, 29 Jul 2015 12:47:40 -0500;da1ld630q2i0h94b0ohb142lt1;profesor;Fernando Andrés Londoño Badillo;0302375;Guardar
Wed, 29 Jul 2015 14:35:25 -0500;da1ld630q2i0h94b0ohb142lt1;profesor;Fernando Andrés Londoño Badillo;0302375;Edita
Wed, 29 Jul 2015 15:41:15 -0500;da1ld630q2i0h94b0ohb142lt1;profesor;;0302375;Guardar
Thu, 30 Jul 2015 16:58:21 -0500;da1ld630q2i0h94b0ohb142lt1;profesor;Fernando Andres;0302375;Edita
Thu, 30 Jul 2015 16:58:48 -0500;da1ld630q2i0h94b0ohb142lt1;profesor;Fernando Andres;0302375;Edita
Wed, 09 Sep 2015 11:37:29 -0500;nbamp7kmo3hjlg88mfq5em5v61;profesor;Oscar Zapata;0302375;Edita
Wed, 09 Sep 2015 11:40:38 -0500;nbamp7kmo3hjlg88mfq5em5v61;profesor;Oscar Zapata;0302375;Edita
Fri, 11 Sep 2015 07:49:04 -0500;nbamp7kmo3hjlg88mfq5em5v61;profesor;Oscar Zapata;0302375;Edita
Fri, 11 Sep 2015 07:49:06 -0500;nbamp7kmo3hjlg88mfq5em5v61;profesor;Oscar Zapata;0302375;Desbloquea
Fri, 11 Sep 2015 08:10:29 -0500;nbamp7kmo3hjlg88mfq5em5v61;profesor;Oscar Zapata;0302375;Edita
Fri, 11 Sep 2015 08:27:48 -0500;nbamp7kmo3hjlg88mfq5em5v61;profesor;Oscar Zapata;0302375;Edita
Fri, 11 Sep 2015 09:44:32 -0500;nbamp7kmo3hjlg88mfq5em5v61;profesor;Oscar Zapata;0302375;Guardar
Fri, 11 Sep 2015 09:45:46 -0500;nbamp7kmo3hjlg88mfq5em5v61;profesor;Oscar Zapata;0302375;Edita
Mon, 14 Sep 2015 01:36:44 -0500;5emk0bi29r1t058hsiv36jpf27;admin;Jorge Zuluaga;0302375;Edita
Mon, 14 Sep 2015 01:37:07 -0500;5emk0bi29r1t058hsiv36jpf27;admin;Jorge Zuluaga;0302375;Guardar
Tue, 15 Sep 2015 07:47:19 -0500;cmuolj73mhhb3l8jgb5ecur314;admin;Jorge Zuluaga;0302375;Edita
Mon, 28 Sep 2015 08:40:42 -0500;mjq498a3njncon38l9ibeepbu4;admin;Jorge Zuluaga;0302375;Edita
Mon, 28 Sep 2015 08:48:57 -0500;mjq498a3njncon38l9ibeepbu4;admin;Jorge Zuluaga;0302375;Guardar
Mon, 28 Sep 2015 08:52:52 -0500;mjq498a3njncon38l9ibeepbu4;admin;Jorge Zuluaga;0302375;Edita
Mon, 28 Sep 2015 08:52:59 -0500;mjq498a3njncon38l9ibeepbu4;admin;Jorge Zuluaga;0302375;Guardar
Mon, 28 Sep 2015 08:58:21 -0500;mjq498a3njncon38l9ibeepbu4;admin;Jorge Zuluaga;0302375;Edita
Mon, 28 Sep 2015 09:03:00 -0500;mjq498a3njncon38l9ibeepbu4;admin;Jorge Zuluaga;0302375;Edita
Mon, 28 Sep 2015 09:03:11 -0500;mjq498a3njncon38l9ibeepbu4;admin;Jorge Zuluaga;0302375;Guardar
Mon, 28 Sep 2015 09:03:40 -0500;mjq498a3njncon38l9ibeepbu4;admin;Jorge Zuluaga;0302375;Guardar
Thu, 01 Oct 2015 06:12:20 -0500;j2gpbrvlgn9lmp9rthp9svlhl5;admin;Jorge Zuluaga;0302375;Edita
Thu, 01 Oct 2015 06:12:54 -0500;j2gpbrvlgn9lmp9rthp9svlhl5;admin;Jorge Zuluaga;0302375;Guardar
Thu, 01 Oct 2015 06:12:56 -0500;j2gpbrvlgn9lmp9rthp9svlhl5;admin;Jorge Zuluaga;0302375;Publicar
Thu, 01 Oct 2015 06:12:58 -0500;j2gpbrvlgn9lmp9rthp9svlhl5;admin;Jorge Zuluaga;0302375;Guardar
Tue, 09 Feb 2016 08:36:29 -0500;c4uq4va5hbdnb45hv60r122gl0;profesor;Oscar Alberto Zapata Noreña;0302375;Edita
Wed, 10 Feb 2016 11:36:48 -0500;c4uq4va5hbdnb45hv60r122gl0;profesor;Oscar Alberto Zapata Noreña;0302375;Edita
Wed, 10 Feb 2016 11:56:49 -0500;c4uq4va5hbdnb45hv60r122gl0;profesor;Oscar Alberto Zapata Noreña;0302375;Guardar
Wed, 10 Feb 2016 12:55:12 -0500;c4uq4va5hbdnb45hv60r122gl0;profesor;Oscar Alberto Zapata Noreña;0302375;Guardar
Wed, 10 Feb 2016 12:57:59 -0500;c4uq4va5hbdnb45hv60r122gl0;profesor;Oscar Alberto Zapata Noreña;0302375;Guardar
Wed, 10 Feb 2016 13:01:29 -0500;c4uq4va5hbdnb45hv60r122gl0;profesor;Oscar Alberto Zapata Noreña;0302375;Guardar
Wed, 10 Feb 2016 13:02:47 -0500;c4uq4va5hbdnb45hv60r122gl0;profesor;Oscar Alberto Zapata Noreña;0302375;Edita
Wed, 10 Feb 2016 13:04:31 -0500;c4uq4va5hbdnb45hv60r122gl0;profesor;Oscar Alberto Zapata Noreña;0302375;Guardar
Wed, 10 Feb 2016 13:04:35 -0500;c4uq4va5hbdnb45hv60r122gl0;profesor;Oscar Alberto Zapata Noreña;0302375;Guardar
Wed, 10 Feb 2016 13:06:40 -0500;c4uq4va5hbdnb45hv60r122gl0;profesor;Oscar Alberto Zapata Noreña;0302375;Guardar
Wed, 10 Feb 2016 15:17:46 -0500;9ndc487kcf9jmpiohf2qk3hfh6;admin;Jorge Zuluaga;0302375;Edita
Wed, 10 Feb 2016 15:17:49 -0500;9ndc487kcf9jmpiohf2qk3hfh6;admin;Jorge Zuluaga;0302375;Desbloquea
Wed, 10 Feb 2016 15:18:07 -0500;9ndc487kcf9jmpiohf2qk3hfh6;admin;Jorge Zuluaga;0302375;Guardar
Thu, 14 Jul 2016 15:40:59 -0500;25svpjk1p8kvu6olt7dus0gi22;admin;Jorge Zuluaga;0302375;Edita
Thu, 14 Jul 2016 15:42:59 -0500;25svpjk1p8kvu6olt7dus0gi22;admin;Jorge Zuluaga;0302375;Edita
Thu, 14 Jul 2016 15:43:18 -0500;25svpjk1p8kvu6olt7dus0gi22;admin;Jorge Zuluaga;0302375;Guardar
Thu, 14 Jul 2016 15:43:54 -0500;25svpjk1p8kvu6olt7dus0gi22;profesor;Jorge Zuluaga;0302375;Edita
Thu, 14 Jul 2016 15:45:56 -0500;pb2u6i3dr74eschr7jaitegts2;profesor;Oscar Alberto Zapata Noreña;0302375;Edita
Thu, 21 Jul 2016 08:10:31 -0500;pb2u6i3dr74eschr7jaitegts2;profesor;Oscar Alberto Zapata Noreña;0302375;Edita
Thu, 21 Jul 2016 14:38:34 -0500;pb2u6i3dr74eschr7jaitegts2;profesor;Oscar Alberto Zapata Noreña;0302375;Edita
